Log file open, 11/08/16 13:21:01
LogInit:Display: Running engine for game: Mult
LogPlatformFile: Not using cached read wrapper
LogInit:Display: RandInit(-1963903177) SRandInit(-1963903176).
LogTaskGraph: Started task graph with 4 named threads and 15 total threads with 1 sets of task threads.
LogStats: Stats thread started at 0.194523
LogInit: Version: 4.12.5-3039270+++UE4+Release-4.12
LogInit: API Version: 2992821
LogInit: Net Version: 3039270
LogDevObjectVersion: Number of dev versions registered: 13
LogDevObjectVersion:   Dev-Blueprints (B0D832E4-1F89-4F0D-ACCF-7EB736FD4AA2): 3
LogDevObjectVersion:   Dev-Build (E1C64328-A22C-4D53-A36C-8E866417BD8C): 0
LogDevObjectVersion:   Dev-Core (375EC13C-06E4-48FB-B500-84F0262A717E): 1
LogDevObjectVersion:   Dev-Editor (E4B068ED-F494-42E9-A231-DA0B2E46BB41): 2
LogDevObjectVersion:   Dev-Framework (CFFC743F-43B0-4480-9391-14DF171D2073): 6
LogDevObjectVersion:   Dev-Mobile (B02B49B5-BB20-44E9-A304-32B752E40360): 0
LogDevObjectVersion:   Dev-Networking (A4E4105C-59A1-49B5-A7C5-40C4547EDFEE): 0
LogDevObjectVersion:   Dev-Online (39C831C9-5AE6-47DC-9A44-9C173E1C8E7C): 0
LogDevObjectVersion:   Dev-Physics (78F01B33-EBEA-4F98-B9B4-84EACCB95AA2): 0
LogDevObjectVersion:   Dev-Platform (6631380F-2D4D-43E0-8009-CF276956A95A): 0
LogDevObjectVersion:   Dev-Rendering (12F88B9F-8875-4AFC-A67C-D90C383ABD29): 2
LogDevObjectVersion:   Dev-Sequencer (7B5AE74C-D270-4C10-A958-57980B212A5A): 0
LogDevObjectVersion:   Dev-VR (D7296918-1DD6-4BDD-9DE2-64A83CC13884): 0
LogInit: Compiled (64-bit): Jul  6 2016 09:09:46
LogInit: Compiled with Visual C++: 19.00.23026.00
LogInit: Build Configuration: Development
LogInit: Branch Name: ++UE4+Release-4.12
LogInit: Command line: -EpicPortal 
LogInit: Base directory: C:/Program Files (x86)/Epic Games/4.12/Engine/Binaries/Win64/
LogInit: Installed Engine Build: 1
LogInit: Using libcurl 7.41.0
LogInit:  - built for x86_64-pc-win32
LogInit:  - supports SSL with WinSSL
LogInit:  - other features:
LogInit:      CURL_VERSION_SSL
LogInit:      CURL_VERSION_IPV6
LogInit:      CURL_VERSION_ASYNCHDNS
LogInit:      CURL_VERSION_LARGEFILE
LogInit:      CURL_VERSION_IDN
LogInit:  CurlRequestOptions (configurable via config and command line):
LogInit:  - bVerifyPeer = true  - Libcurl will verify peer certificate
LogInit:  - bUseHttpProxy = false  - Libcurl will NOT use HTTP proxy
LogInit:  - bDontReuseConnections = false  - Libcurl will reuse connections
LogInit:  - CertBundlePath = nullptr  - Libcurl will use whatever was configured at build time.
LogInit: Presizing for max 8388607 objects, including 0 objects not considered by GC, pre-allocating 0 bytes for permanent pool.
LogInit: Object subsystem initialized
[2016.11.08-19.21.01:384][  0]LogInit: Selected Device Profile: [Windows]
[2016.11.08-19.21.01:384][  0]LogInit: Applying CVar settings loaded from the selected device profile: [Windows]
[2016.11.08-19.21.01:399][  0]LogInit: Computer: 59DX482
[2016.11.08-19.21.01:399][  0]LogInit: User: westonbuck
[2016.11.08-19.21.01:399][  0]LogInit: CPU Page size=65536, Cores=12
[2016.11.08-19.21.01:399][  0]LogInit: High frequency timer resolution =1.558890 MHz
[2016.11.08-19.21.01:400][  0]LogMemory: Memory total: Physical=31.9GB (32GB approx)
[2016.11.08-19.21.01:400][  0]LogMemory: Platform Memory Stats for Windows
[2016.11.08-19.21.01:400][  0]LogMemory: Process Physical Memory: 192.29 MB used, 192.29 MB peak
[2016.11.08-19.21.01:400][  0]LogMemory: Process Virtual Memory: 196.14 MB used, 196.14 MB peak
[2016.11.08-19.21.01:400][  0]LogMemory: Physical Memory: 4549.45 MB used, 32692.21 MB total
[2016.11.08-19.21.01:400][  0]LogMemory: Virtual Memory: 555.84 MB used, 134217728.00 MB total
[2016.11.08-19.21.01:440][  0]LogTextLocalizationManager: No specific translations for ('en-US') exist, so ('en') translations will be used.
[2016.11.08-19.21.02:302][  0]LogD3D11RHI: D3D11 adapters:
[2016.11.08-19.21.02:338][  0]LogD3D11RHI:    0. 'NVIDIA Quadro M4000' (Feature Level 11_0)
[2016.11.08-19.21.02:338][  0]LogD3D11RHI:       8092/0/16346 MB DedicatedVideo/DedicatedSystem/SharedSystem, Outputs:2, VendorId:0x10de
[2016.11.08-19.21.02:342][  0]LogD3D11RHI:    1. 'Microsoft Basic Render Driver' (Feature Level 11_0)
[2016.11.08-19.21.02:342][  0]LogD3D11RHI:       0/0/16346 MB DedicatedVideo/DedicatedSystem/SharedSystem, Outputs:0, VendorId:0x1414
[2016.11.08-19.21.02:342][  0]LogD3D11RHI: Chosen D3D11 Adapter: 0
[2016.11.08-19.21.02:351][  0]LogD3D11RHI: Creating new Direct3DDevice
[2016.11.08-19.21.02:351][  0]LogD3D11RHI:     GPU DeviceId: 0x13f1 (for the marketing name, search the web for "GPU Device Id")
[2016.11.08-19.21.02:351][  0]LogWindows: EnumDisplayDevices:
[2016.11.08-19.21.02:351][  0]LogWindows:    0. 'NVIDIA Quadro M4000' (P:0 D:1)
[2016.11.08-19.21.02:351][  0]LogWindows:    1. 'NVIDIA Quadro M4000' (P:1 D:1)
[2016.11.08-19.21.02:351][  0]LogWindows:    2. 'NVIDIA Quadro M4000' (P:0 D:0)
[2016.11.08-19.21.02:352][  0]LogWindows:    3. 'NVIDIA Quadro M4000' (P:0 D:0)
[2016.11.08-19.21.02:352][  0]LogWindows: DebugString: FoundDriverCount:4 
[2016.11.08-19.21.02:352][  0]LogD3D11RHI:     Adapter Name: NVIDIA Quadro M4000
[2016.11.08-19.21.02:352][  0]LogD3D11RHI:   Driver Version: 361.91 (internal:10.18.13.6191, unified:361.91)
[2016.11.08-19.21.02:352][  0]LogD3D11RHI:      Driver Date: 2-8-2016
[2016.11.08-19.21.02:352][  0]LogRHI: Texture pool is 1361 MB (70% of 1945 MB)
[2016.11.08-19.21.02:372][  0]LogD3D11RHI: Async texture creation enabled
[2016.11.08-19.21.02:394][  0]LogD3D11RHI: GPU Timing Frequency: 1000.000000 (Debug: 2 2)
[2016.11.08-19.21.02:395][  0]LogShaderCompilers: Guid format shader working directory is -12 characters bigger than the processId version (D:/Users/weston.buck/Documents/GitHub/Team-Game-Multiplayer-Game/Intermediate/Shaders/WorkingDirectory/8948/).
[2016.11.08-19.21.02:395][  0]LogShaderCompilers: Cleaned the shader compiler working directory 'D:/Users/weston.buck/AppData/Local/Temp/UnrealShaderWorkingDir/4B9AE0FB4EE353C47EFFDCB66640F179/'.
[2016.11.08-19.21.02:395][  0]LogShaderCompilers:Display: Using Local Shader Compiler.
[2016.11.08-19.21.04:132][  0]LogTemp:Display: Loaded TP AllDesktopTargetPlatform
[2016.11.08-19.21.04:153][  0]LogTemp:Display: Loaded TP WindowsClientTargetPlatform
[2016.11.08-19.21.04:173][  0]LogTemp:Display: Loaded TP WindowsNoEditorTargetPlatform
[2016.11.08-19.21.04:194][  0]LogTemp:Display: Loaded TP WindowsServerTargetPlatform
[2016.11.08-19.21.04:213][  0]LogTemp:Display: Loaded TP WindowsTargetPlatform
[2016.11.08-19.21.04:229][  0]LogTemp:Display: Loaded TP AndroidTargetPlatform
[2016.11.08-19.21.04:248][  0]LogTemp:Display: Loaded TP Android_ASTCTargetPlatform
[2016.11.08-19.21.04:263][  0]LogTemp:Display: Loaded TP Android_ATCTargetPlatform
[2016.11.08-19.21.04:279][  0]LogTemp:Display: Loaded TP Android_DXTTargetPlatform
[2016.11.08-19.21.04:295][  0]LogTemp:Display: Loaded TP Android_ETC1TargetPlatform
[2016.11.08-19.21.04:311][  0]LogTemp:Display: Loaded TP Android_ETC2TargetPlatform
[2016.11.08-19.21.04:346][  0]LogTemp:Display: Loaded TP Android_MultiTargetPlatform
[2016.11.08-19.21.04:346][  0]LogTemp:Display: Loaded TP Android_PVRTCTargetPlatform
[2016.11.08-19.21.04:347][  0]LogTemp:Display: Loaded TP HTML5TargetPlatform
[2016.11.08-19.21.04:381][  0]LogTemp:Display: Loaded TP IOSTargetPlatform
[2016.11.08-19.21.04:396][  0]LogTemp:Display: Loaded TP TVOSTargetPlatform
[2016.11.08-19.21.04:411][  0]LogTemp:Display: Loaded TP LinuxNoEditorTargetPlatform
[2016.11.08-19.21.04:428][  0]LogTemp:Display: Loaded TP LinuxServerTargetPlatform
[2016.11.08-19.21.04:444][  0]LogTemp:Display: Loaded TP LinuxTargetPlatform
[2016.11.08-19.21.04:444][  0]LogTargetPlatformManager:Display: Building Assets For Windows
[2016.11.08-19.21.04:601][  0]LogDerivedDataCache:Display: Max Cache Size: 512 MB
[2016.11.08-19.21.04:717][  0]LogDerivedDataCache: Loaded boot cache 0.12s 48MB D:/Users/weston.buck/AppData/Local/UnrealEngine/4.12/DerivedDataCache/Boot.ddc.
[2016.11.08-19.21.04:717][  0]LogDerivedDataCache:Display: Loaded Boot cache: D:/Users/weston.buck/AppData/Local/UnrealEngine/4.12/DerivedDataCache/Boot.ddc
[2016.11.08-19.21.04:718][  0]LogDerivedDataCache: FDerivedDataBackendGraph:  Pak pak cache file D:/Users/weston.buck/Documents/GitHub/Team-Game-Multiplayer-Game/DerivedDataCache/DDC.ddp not found, will not use a pak cache.
[2016.11.08-19.21.04:718][  0]LogDerivedDataCache: Unable to find inner node Pak for hierarchical cache Hierarchy.
[2016.11.08-19.21.04:718][  0]LogDerivedDataCache: FDerivedDataBackendGraph:  CompressedPak pak cache file D:/Users/weston.buck/Documents/GitHub/Team-Game-Multiplayer-Game/DerivedDataCache/Compressed.ddp not found, will not use a pak cache.
[2016.11.08-19.21.04:718][  0]LogDerivedDataCache: Unable to find inner node CompressedPak for hierarchical cache Hierarchy.
[2016.11.08-19.21.04:751][  0]LogDerivedDataCache:Display: Pak cache opened for reading ../../../Engine/DerivedDataCache/Compressed.ddp.
[2016.11.08-19.21.04:764][  0]LogDerivedDataCache: Using Local data cache path D:/Users/weston.buck/AppData/Local/UnrealEngine/Common/DerivedDataCache: Writable
[2016.11.08-19.21.05:117][  0]LogInit: Selected Device Profile: [Windows]
[2016.11.08-19.21.05:119][  0]LogContentStreaming: Texture pool size is 0.00 MB
[2016.11.08-19.21.05:430][  0]LogMeshUtilities: No automatic mesh reduction module available
[2016.11.08-19.21.05:430][  0]LogMeshUtilities: No automatic mesh merging module available
[2016.11.08-19.21.05:430][  0]LogMeshUtilities: No distributed automatic mesh merging module available
[2016.11.08-19.21.05:913][  0]LogAssetRegistry: FAssetRegistry took 0.0228 seconds to start up
[2016.11.08-19.21.05:946][  0]LogPackageLocalizationCache: Processed 3 localized package path(s) for 2 prioritized culture(s) in 0.026742 seconds
[2016.11.08-19.21.05:955][  0]LogUObjectArray: 28739 objects as part of root set at end of initial load.
[2016.11.08-19.21.05:955][  0]LogUObjectAllocator: 5855624 out of 0 bytes used by permanent object pool.
[2016.11.08-19.21.05:955][  0]LogUObjectArray: CloseDisregardForGC: 0/0 objects in disregard for GC pool
[2016.11.08-19.21.05:971][  0]LogInit: WinSock: version 1.1 (2.2), MaxSocks=32767, MaxUdp=65467
[2016.11.08-19.21.06:302][  0]LogSlate: SlateFontCache - WITH_FREETYPE: 1, WITH_HARFBUZZ: 1
[2016.11.08-19.21.06:302][  0]LogSlate: SlateFontCache - WITH_FREETYPE: 1, WITH_HARFBUZZ: 1
[2016.11.08-19.21.07:733][  0]LogSubstanceCoreModule: Substance CPU Engine Loaded, Max Texture Size 2048
[2016.11.08-19.21.07:751][  0]LogUdpMessaging: Initializing bridge on interface 0.0.0.0:0 to multicast group 230.0.0.1:6666.
[2016.11.08-19.21.08:124][  0]SourceControl: Info Source control is disabled
[2016.11.08-19.21.08:196][  0]SourceControl: Info Source control is disabled
[2016.11.08-19.21.08:213][  0]SourceControl: Info Source control is disabled
[2016.11.08-19.21.08:230][  0]SourceControl: Info Source control is disabled
[2016.11.08-19.21.08:343][  0]LogLinker:Warning: Can't find file '/Game/ThirdPersonBP/ThirdPersonOverview'
[2016.11.08-19.21.08:343][  0]LogLinker:Warning: Can't find file '/Game/ThirdPersonBP/ThirdPersonOverview'
[2016.11.08-19.21.08:343][  0]LogUObjectGlobals:Warning: Failed to find object 'Class /Game/ThirdPersonBP/ThirdPersonOverview.ThirdPersonOverview_C'
[2016.11.08-19.21.08:652][  0]LogEngine: Initializing Engine...
[2016.11.08-19.21.08:653][  0]LogHMD: SteamVR failed to initialize.  Err: 110
[2016.11.08-19.21.08:654][  0]LogHMD: SteamVR failed to initialize.  Err: 110
[2016.11.08-19.21.08:930][  0]LogAIModule: Creating AISystem for world NewWorld
[2016.11.08-19.21.08:947][  0]LogInit: XAudio2 using 'Speakers (Dell AC511 USB SoundBar)' : 2 channels at 44.1 kHz using 16 bits per sample (channel mask 0x3)
[2016.11.08-19.21.08:971][  0]LogInit: FAudioDevice initialized.
[2016.11.08-19.21.09:015][  0]LogDerivedDataCache: Saved boot cache 0.04s 48MB D:/Users/weston.buck/AppData/Local/UnrealEngine/4.12/DerivedDataCache/Boot.ddc.
[2016.11.08-19.21.09:031][  0]LogInit: Texture streaming: Enabled
[2016.11.08-19.21.09:079][  0]LogInit: Transaction tracking system initialized
[2016.11.08-19.21.09:134][  0]BlueprintLog: New page: Editor Load
[2016.11.08-19.21.09:298][  0]LocalizationService: Info Localization service is disabled
[2016.11.08-19.21.09:420][  0]LogConsoleResponse:Display: 
[2016.11.08-19.21.09:609][  0]LogCook:Display: Max memory allowance for cook 8192mb
[2016.11.08-19.21.09:609][  0]LogCook:Display: Mobile HDR setting 1
[2016.11.08-19.21.09:712][  0]LogFileCache: Scanning file cache for directory 'D:/Users/weston.buck/Documents/GitHub/Team-Game-Multiplayer-Game/Content/' took 0.02s
[2016.11.08-19.21.09:801][  0]SourceControl: Info Source control is disabled
[2016.11.08-19.21.09:801][  0]Cmd: MAP LOAD FILE="D:/Users/weston.buck/Documents/GitHub/Team-Game-Multiplayer-Game/Content/FirstPersonBP/Maps/map1.umap" TEMPLATE=0 SHOWPROGRESS=1 FEATURELEVEL=3
[2016.11.08-19.21.09:802][  0]LightingResults: New page: Lighting Build
[2016.11.08-19.21.09:808][  0]MapCheck: New page: Map Check
[2016.11.08-19.21.09:808][  0]LightingResults: New page: Lighting Build
[2016.11.08-19.21.10:431][  0]LogBlueprint:Warning: Compiler Warning  Cast to Player Controller  is deprecated; Use standard Cast To node instead.
[2016.11.08-19.21.10:442][  0]LogBlueprint:Warning: Compiler Warning [0010.61] Compile of FirstPersonGameMode successful, but with 1 Warning(s) [in 16 ms] (/Game/FirstPersonBP/Blueprints/FirstPersonGameMode.FirstPersonGameMode)
[2016.11.08-19.21.10:442][  0]LogBlueprint:Warning: Compiler Warning [0010.61] Compile of FirstPersonGameMode successful, but with 2 Warning(s) [in 0 ms] (/Game/FirstPersonBP/Blueprints/FirstPersonGameMode.FirstPersonGameMode)
[2016.11.08-19.21.10:442][  0]LogBlueprint:Warning: Compiler Warning [0010.61] Compile of FirstPersonGameMode successful, but with 3 Warning(s) [in 0 ms] (/Game/FirstPersonBP/Blueprints/FirstPersonGameMode.FirstPersonGameMode)
[2016.11.08-19.21.10:726][  0]LogBlueprint:Warning: Compiler Warning  Cast to Player Controller  is deprecated; Use standard Cast To node instead.
[2016.11.08-19.21.10:738][  0]LogBlueprint:Warning: Compiler Warning [0010.91] Compile of FirstPersonGameMode successful, but with 1 Warning(s) [in 17 ms] (/Game/FirstPersonBP/Blueprints/FirstPersonGameMode.FirstPersonGameMode)
[2016.11.08-19.21.10:738][  0]LogBlueprint:Warning: Compiler Warning [0010.91] Compile of FirstPersonGameMode successful, but with 2 Warning(s) [in 0 ms] (/Game/FirstPersonBP/Blueprints/FirstPersonGameMode.FirstPersonGameMode)
[2016.11.08-19.21.10:741][  0]LogBlueprint:Warning: Compiler Warning [0010.91] Compile of FirstPersonGameMode successful, but with 3 Warning(s) [in 3 ms] (/Game/FirstPersonBP/Blueprints/FirstPersonGameMode.FirstPersonGameMode)
[2016.11.08-19.21.11:525][  0]LogStaticMesh:Warning: Rebuilding hierarchical instanced mesh component, please resave map FoliageInstancedStaticMeshComponent /Game/FirstPersonBP/Maps/map1.map1:PersistentLevel.InstancedFoliageActor_0.FoliageInstancedStaticMeshComponent_0.
[2016.11.08-19.21.11:917][  0]LogAIModule: Creating AISystem for world map1
[2016.11.08-19.21.11:946][  0]LogEditorServer: Finished looking for orphan Actors (0.000 secs)
[2016.11.08-19.21.11:947][  0]Cmd: MAP CHECKDEP NOCLEARLOG
[2016.11.08-19.21.12:413][  0]MapCheck:Warning: Warning Mesh2P SkeletalMeshComponent /Game/FirstPersonBP/Maps/map1.map1:PersistentLevel.FirstPersonCharacter_C_0.Mesh2P : Externally referenced 
[2016.11.08-19.21.12:413][  0]MapCheck:Warning: Warning FP_Gun SkeletalMeshComponent /Game/FirstPersonBP/Maps/map1.map1:PersistentLevel.FirstPersonCharacter_C_0.FP_Gun : Externally referenced 
[2016.11.08-19.21.12:413][  0]MapCheck:Warning: Warning FoliageInstancedStaticMeshComponent_0 FoliageInstancedStaticMeshComponent /Game/FirstPersonBP/Maps/map1.map1:PersistentLevel.InstancedFoliageActor_0.FoliageInstancedStaticMeshComponent_0 : Externally referenced 
[2016.11.08-19.21.12:413][  0]MapCheck:Warning: Warning FoliageType_InstancedStaticMesh_0 FoliageType_InstancedStaticMesh /Game/FirstPersonBP/Maps/map1.map1:PersistentLevel.InstancedFoliageActor_0.FoliageType_InstancedStaticMesh_0 : Externally referenced 
[2016.11.08-19.21.12:413][  0]MapCheck:Warning: Warning StaticMeshComponent0 StaticMeshComponent /Game/FirstPersonBP/Maps/map1.map1:PersistentLevel.BigWall2_22.StaticMeshComponent0 : Externally referenced 
[2016.11.08-19.21.12:413][  0]MapCheck:Warning: Warning StaticMeshComponent0 StaticMeshComponent /Game/FirstPersonBP/Maps/map1.map1:PersistentLevel.BigWall3.StaticMeshComponent0 : Externally referenced 
[2016.11.08-19.21.12:413][  0]MapCheck:Warning: Warning StaticMeshComponent0 StaticMeshComponent /Game/FirstPersonBP/Maps/map1.map1:PersistentLevel.BigWall4.StaticMeshComponent0 : Externally referenced 
[2016.11.08-19.21.12:413][  0]MapCheck:Warning: Warning StaticMeshComponent0 StaticMeshComponent /Game/FirstPersonBP/Maps/map1.map1:PersistentLevel.BigWall5.StaticMeshComponent0 : Externally referenced 
[2016.11.08-19.21.12:413][  0]MapCheck:Warning: Warning StaticMeshComponent0 StaticMeshComponent /Game/FirstPersonBP/Maps/map1.map1:PersistentLevel.BigWall6.StaticMeshComponent0 : Externally referenced 
[2016.11.08-19.21.12:413][  0]MapCheck:Warning: Warning StaticMeshComponent0 StaticMeshComponent /Game/FirstPersonBP/Maps/map1.map1:PersistentLevel.BigWall_21.StaticMeshComponent0 : Externally referenced 
[2016.11.08-19.21.12:413][  0]MapCheck:Warning: Warning StaticMeshComponent0 StaticMeshComponent /Game/FirstPersonBP/Maps/map1.map1:PersistentLevel.EditorCube10_4.StaticMeshComponent0 : Externally referenced 
[2016.11.08-19.21.12:413][  0]MapCheck:Warning: Warning StaticMeshComponent0 StaticMeshComponent /Game/FirstPersonBP/Maps/map1.map1:PersistentLevel.EditorCube11_5.StaticMeshComponent0 : Externally referenced 
[2016.11.08-19.21.12:414][  0]MapCheck:Warning: Warning StaticMeshComponent0 StaticMeshComponent /Game/FirstPersonBP/Maps/map1.map1:PersistentLevel.EditorCube12_6.StaticMeshComponent0 : Externally referenced 
[2016.11.08-19.21.12:414][  0]MapCheck:Warning: Warning StaticMeshComponent0 StaticMeshComponent /Game/FirstPersonBP/Maps/map1.map1:PersistentLevel.EditorCube13_7.StaticMeshComponent0 : Externally referenced 
[2016.11.08-19.21.12:414][  0]MapCheck:Warning: Warning StaticMeshComponent0 StaticMeshComponent /Game/FirstPersonBP/Maps/map1.map1:PersistentLevel.EditorCube14_8.StaticMeshComponent0 : Externally referenced 
[2016.11.08-19.21.12:414][  0]MapCheck:Warning: Warning StaticMeshComponent0 StaticMeshComponent /Game/FirstPersonBP/Maps/map1.map1:PersistentLevel.EditorCube15_9.StaticMeshComponent0 : Externally referenced 
[2016.11.08-19.21.12:414][  0]MapCheck:Warning: Warning StaticMeshComponent0 StaticMeshComponent /Game/FirstPersonBP/Maps/map1.map1:PersistentLevel.EditorCube16_10.StaticMeshComponent0 : Externally referenced 
[2016.11.08-19.21.12:414][  0]MapCheck:Warning: Warning StaticMeshComponent0 StaticMeshComponent /Game/FirstPersonBP/Maps/map1.map1:PersistentLevel.EditorCube17_11.StaticMeshComponent0 : Externally referenced 
[2016.11.08-19.21.12:414][  0]MapCheck:Warning: Warning StaticMeshComponent0 StaticMeshComponent /Game/FirstPersonBP/Maps/map1.map1:PersistentLevel.EditorCube18_12.StaticMeshComponent0 : Externally referenced 
[2016.11.08-19.21.12:414][  0]MapCheck:Warning: Warning StaticMeshComponent0 StaticMeshComponent /Game/FirstPersonBP/Maps/map1.map1:PersistentLevel.EditorCube19_13.StaticMeshComponent0 : Externally referenced 
[2016.11.08-19.21.12:414][  0]MapCheck:Warning: Warning StaticMeshComponent0 StaticMeshComponent /Game/FirstPersonBP/Maps/map1.map1:PersistentLevel.EditorCube20_14.StaticMeshComponent0 : Externally referenced 
[2016.11.08-19.21.12:414][  0]MapCheck:Warning: Warning StaticMeshComponent0 StaticMeshComponent /Game/FirstPersonBP/Maps/map1.map1:PersistentLevel.EditorCube21_15.StaticMeshComponent0 : Externally referenced 
[2016.11.08-19.21.12:414][  0]MapCheck:Warning: Warning StaticMeshComponent0 StaticMeshComponent /Game/FirstPersonBP/Maps/map1.map1:PersistentLevel.EditorCube22.StaticMeshComponent0 : Externally referenced 
[2016.11.08-19.21.12:414][  0]MapCheck:Warning: Warning StaticMeshComponent0 StaticMeshComponent /Game/FirstPersonBP/Maps/map1.map1:PersistentLevel.EditorCube23.StaticMeshComponent0 : Externally referenced 
[2016.11.08-19.21.12:414][  0]MapCheck:Warning: Warning StaticMeshComponent0 StaticMeshComponent /Game/FirstPersonBP/Maps/map1.map1:PersistentLevel.EditorCube24.StaticMeshComponent0 : Externally referenced 
[2016.11.08-19.21.12:414][  0]MapCheck:Warning: Warning StaticMeshComponent0 StaticMeshComponent /Game/FirstPersonBP/Maps/map1.map1:PersistentLevel.EditorCube25.StaticMeshComponent0 : Externally referenced 
[2016.11.08-19.21.12:414][  0]MapCheck:Warning: Warning StaticMeshComponent0 StaticMeshComponent /Game/FirstPersonBP/Maps/map1.map1:PersistentLevel.EditorCube26.StaticMeshComponent0 : Externally referenced 
[2016.11.08-19.21.12:414][  0]MapCheck:Warning: Warning StaticMeshComponent0 StaticMeshComponent /Game/FirstPersonBP/Maps/map1.map1:PersistentLevel.EditorCube27.StaticMeshComponent0 : Externally referenced 
[2016.11.08-19.21.12:414][  0]MapCheck:Warning: Warning StaticMeshComponent0 StaticMeshComponent /Game/FirstPersonBP/Maps/map1.map1:PersistentLevel.EditorCube28.StaticMeshComponent0 : Externally referenced 
[2016.11.08-19.21.12:414][  0]MapCheck:Warning: Warning StaticMeshComponent0 StaticMeshComponent /Game/FirstPersonBP/Maps/map1.map1:PersistentLevel.EditorCube29.StaticMeshComponent0 : Externally referenced 
[2016.11.08-19.21.12:414][  0]MapCheck:Warning: Warning StaticMeshComponent0 StaticMeshComponent /Game/FirstPersonBP/Maps/map1.map1:PersistentLevel.EditorCube30.StaticMeshComponent0 : Externally referenced 
[2016.11.08-19.21.12:414][  0]MapCheck:Warning: Warning StaticMeshComponent0 StaticMeshComponent /Game/FirstPersonBP/Maps/map1.map1:PersistentLevel.EditorCube31.StaticMeshComponent0 : Externally referenced 
[2016.11.08-19.21.12:415][  0]MapCheck:Warning: Warning StaticMeshComponent0 StaticMeshComponent /Game/FirstPersonBP/Maps/map1.map1:PersistentLevel.EditorCube32.StaticMeshComponent0 : Externally referenced 
[2016.11.08-19.21.12:415][  0]MapCheck:Warning: Warning StaticMeshComponent0 StaticMeshComponent /Game/FirstPersonBP/Maps/map1.map1:PersistentLevel.EditorCube33.StaticMeshComponent0 : Externally referenced 
[2016.11.08-19.21.12:415][  0]MapCheck:Warning: Warning StaticMeshComponent0 StaticMeshComponent /Game/FirstPersonBP/Maps/map1.map1:PersistentLevel.EditorCube34.StaticMeshComponent0 : Externally referenced 
[2016.11.08-19.21.12:415][  0]MapCheck:Warning: Warning StaticMeshComponent0 StaticMeshComponent /Game/FirstPersonBP/Maps/map1.map1:PersistentLevel.EditorCube8_2.StaticMeshComponent0 : Externally referenced 
[2016.11.08-19.21.12:415][  0]MapCheck:Warning: Warning StaticMeshComponent0 StaticMeshComponent /Game/FirstPersonBP/Maps/map1.map1:PersistentLevel.EditorCube9_3.StaticMeshComponent0 : Externally referenced 
[2016.11.08-19.21.12:415][  0]MapCheck:Warning: Warning StaticMeshComponent0 StaticMeshComponent /Game/FirstPersonBP/Maps/map1.map1:PersistentLevel.Floor2.StaticMeshComponent0 : Externally referenced 
[2016.11.08-19.21.12:415][  0]MapCheck:Warning: Warning StaticMeshComponent0 StaticMeshComponent /Game/FirstPersonBP/Maps/map1.map1:PersistentLevel.Floor3.StaticMeshComponent0 : Externally referenced 
[2016.11.08-19.21.12:415][  0]MapCheck:Warning: Warning StaticMeshComponent0 StaticMeshComponent /Game/FirstPersonBP/Maps/map1.map1:PersistentLevel.Floor4.StaticMeshComponent0 : Externally referenced 
[2016.11.08-19.21.12:415][  0]MapCheck:Warning: Warning StaticMeshComponent0 StaticMeshComponent /Game/FirstPersonBP/Maps/map1.map1:PersistentLevel.Floor_16.StaticMeshComponent0 : Externally referenced 
[2016.11.08-19.21.12:415][  0]MapCheck:Warning: Warning StaticMeshComponent0 StaticMeshComponent /Game/FirstPersonBP/Maps/map1.map1:PersistentLevel.SM_Stairs2_8.StaticMeshComponent0 : Externally referenced 
[2016.11.08-19.21.12:415][  0]MapCheck:Warning: Warning StaticMeshComponent0 StaticMeshComponent /Game/FirstPersonBP/Maps/map1.map1:PersistentLevel.SM_Stairs3.StaticMeshComponent0 : Externally referenced 
[2016.11.08-19.21.12:415][  0]MapCheck:Warning: Warning StaticMeshComponent0 StaticMeshComponent /Game/FirstPersonBP/Maps/map1.map1:PersistentLevel.SM_Stairs4.StaticMeshComponent0 : Externally referenced 
[2016.11.08-19.21.12:415][  0]MapCheck:Warning: Warning StaticMeshComponent0 StaticMeshComponent /Game/FirstPersonBP/Maps/map1.map1:PersistentLevel.SM_Stairs5.StaticMeshComponent0 : Externally referenced 
[2016.11.08-19.21.12:415][  0]MapCheck:Warning: Warning StaticMeshComponent0 StaticMeshComponent /Game/FirstPersonBP/Maps/map1.map1:PersistentLevel.SM_Stairs6.StaticMeshComponent0 : Externally referenced 
[2016.11.08-19.21.12:415][  0]MapCheck:Warning: Warning StaticMeshComponent0 StaticMeshComponent /Game/FirstPersonBP/Maps/map1.map1:PersistentLevel.SM_Stairs_4.StaticMeshComponent0 : Externally referenced 
[2016.11.08-19.21.12:415][  0]MapCheck:Warning: Warning StaticMeshComponent0 StaticMeshComponent /Game/FirstPersonBP/Maps/map1.map1:PersistentLevel.Wall10.StaticMeshComponent0 : Externally referenced 
[2016.11.08-19.21.12:415][  0]MapCheck:Warning: Warning StaticMeshComponent0 StaticMeshComponent /Game/FirstPersonBP/Maps/map1.map1:PersistentLevel.Wall11.StaticMeshComponent0 : Externally referenced 
[2016.11.08-19.21.12:415][  0]MapCheck:Warning: Warning StaticMeshComponent0 StaticMeshComponent /Game/FirstPersonBP/Maps/map1.map1:PersistentLevel.Wall12.StaticMeshComponent0 : Externally referenced 
[2016.11.08-19.21.12:415][  0]MapCheck:Warning: Warning StaticMeshComponent0 StaticMeshComponent /Game/FirstPersonBP/Maps/map1.map1:PersistentLevel.Wall1_17.StaticMeshComponent0 : Externally referenced 
[2016.11.08-19.21.12:415][  0]MapCheck:Warning: Warning StaticMeshComponent0 StaticMeshComponent /Game/FirstPersonBP/Maps/map1.map1:PersistentLevel.Wall2_18.StaticMeshComponent0 : Externally referenced 
[2016.11.08-19.21.12:416][  0]MapCheck:Warning: Warning StaticMeshComponent0 StaticMeshComponent /Game/FirstPersonBP/Maps/map1.map1:PersistentLevel.Wall3_19.StaticMeshComponent0 : Externally referenced 
[2016.11.08-19.21.12:416][  0]MapCheck:Warning: Warning StaticMeshComponent0 StaticMeshComponent /Game/FirstPersonBP/Maps/map1.map1:PersistentLevel.Wall4.StaticMeshComponent0 : Externally referenced 
[2016.11.08-19.21.12:416][  0]MapCheck:Warning: Warning StaticMeshComponent0 StaticMeshComponent /Game/FirstPersonBP/Maps/map1.map1:PersistentLevel.Wall5.StaticMeshComponent0 : Externally referenced 
[2016.11.08-19.21.12:416][  0]MapCheck:Warning: Warning StaticMeshComponent0 StaticMeshComponent /Game/FirstPersonBP/Maps/map1.map1:PersistentLevel.Wall6.StaticMeshComponent0 : Externally referenced 
[2016.11.08-19.21.12:416][  0]MapCheck:Warning: Warning StaticMeshComponent0 StaticMeshComponent /Game/FirstPersonBP/Maps/map1.map1:PersistentLevel.Wall7.StaticMeshComponent0 : Externally referenced 
[2016.11.08-19.21.12:416][  0]MapCheck:Warning: Warning StaticMeshComponent0 StaticMeshComponent /Game/FirstPersonBP/Maps/map1.map1:PersistentLevel.Wall8.StaticMeshComponent0 : Externally referenced 
[2016.11.08-19.21.12:416][  0]MapCheck:Warning: Warning StaticMeshComponent0 StaticMeshComponent /Game/FirstPersonBP/Maps/map1.map1:PersistentLevel.Wall9.StaticMeshComponent0 : Externally referenced 
[2016.11.08-19.21.12:416][  0]MapCheck:Warning: Warning FirstPerson_AnimBP_C_0 FirstPerson_AnimBP_C /Game/FirstPersonBP/Maps/map1.map1:PersistentLevel.FirstPersonCharacter_C_0.TRASH_SkeletalMeshComponent_1.FirstPerson_AnimBP_C_0 : Externally referenced 
[2016.11.08-19.21.12:416][  0]MapCheck:Warning: Warning FirstPerson_AnimBP_C_1 FirstPerson_AnimBP_C /Game/FirstPersonBP/Maps/map1.map1:PersistentLevel.FirstPersonCharacter_C_0.Mesh2P.FirstPerson_AnimBP_C_1 : Externally referenced 
[2016.11.08-19.21.12:416][  0]MapCheck: Info Map check complete: 0 Error(s), 61 Warning(s), took 469.336ms to complete.
[2016.11.08-19.21.12:496][  0]LogFileHelpers: Loading map 'map1' took 2.695
[2016.11.08-19.21.12:877][  0]LogCollectionManager: Loaded 0 collections in 0.005336 seconds
[2016.11.08-19.21.12:953][  0]LogFileCache: Scanning file cache for directory 'D:/Users/weston.buck/Documents/GitHub/Team-Game-Multiplayer-Game/Saved/Collections/' took 0.01s
[2016.11.08-19.21.12:953][  0]LogFileCache: Scanning file cache for directory 'D:/Users/weston.buck/Documents/GitHub/Team-Game-Multiplayer-Game/Content/Developers/westonbuck/Collections/' took 0.01s
[2016.11.08-19.21.12:953][  0]LogFileCache: Scanning file cache for directory 'D:/Users/weston.buck/Documents/GitHub/Team-Game-Multiplayer-Game/Content/Collections/' took 0.01s
[2016.11.08-19.21.12:953][  0]LogCollectionManager: Rebuilt the GUID cache for 0 collections in 0.000005 seconds
[2016.11.08-19.21.12:969][  0]LogContentBrowser: Native class hierarchy populated in 0.0156 seconds. Added 2062 classes and 375 folders.
[2016.11.08-19.21.12:976][  0]LogStats: UGameplayTagsManager::ConstructGameplayTagTree: Construct from data asset -  0.000 s
[2016.11.08-19.21.12:976][  0]LogStats: UGameplayTagsManager::ConstructGameplayTagTree: GameplayTagTreeChangedEvent.Broadcast -  0.000 s
[2016.11.08-19.21.12:977][  0]LogContentBrowser: Native class hierarchy updated for 'GameplayTags' in 0.0008 seconds. Added 12 classes and 0 folders.
[2016.11.08-19.21.12:988][  0]LogContentBrowser: Native class hierarchy updated for 'WidgetCarousel' in 0.0006 seconds. Added 0 classes and 0 folders.
[2016.11.08-19.21.13:064][  0]LogContentBrowser: Native class hierarchy updated for 'AddContentDialog' in 0.0008 seconds. Added 0 classes and 0 folders.
[2016.11.08-19.21.13:073][  0]LogContentBrowser: Native class hierarchy updated for 'SceneOutliner' in 0.0007 seconds. Added 1 classes and 2 folders.
[2016.11.08-19.21.13:101][  0]LogCrashTracker: Crashtracker disabled due to settings.
[2016.11.08-19.21.13:110][  0]LogUObjectGlobals:Warning: Failed to find object 'Class None.'
[2016.11.08-19.21.13:141][  0]LogContentBrowser: Native class hierarchy updated for 'HierarchicalLODOutliner' in 0.0008 seconds. Added 1 classes and 2 folders.
[2016.11.08-19.21.13:142][  0]LogLoad: Full Startup: 13.31 seconds (BP compile: 0.53 seconds)
[2016.11.08-19.21.13:142][  0]LogExternalProfiler: Found external profiler: VSPerf
[2016.11.08-19.21.13:142][  0]LogExternalProfiler: Using external profiler: VSPerf
[2016.11.08-19.21.13:152][  0]LogWindowsTextInputMethodSystem:Display: IME system now deactivated.
[2016.11.08-19.21.13:153][  0]LogWindowsTextInputMethodSystem:Display: IME system now deactivated.
[2016.11.08-19.21.13:156][  0]LogOcInput: OculusInput pre-init called
[2016.11.08-19.21.13:188][  0]LogContentStreaming: Texture pool size now 1000 MB
[2016.11.08-19.21.13:465][  0]LogRenderer: Reallocating scene render targets to support 1616x808 (Frame:2).
[2016.11.08-19.21.13:674][  1]LogFileCache: Retrieving MD5 hashes for directory 'D:/Users/weston.buck/Documents/GitHub/Team-Game-Multiplayer-Game/Content/' took 0.50s
[2016.11.08-19.21.13:811][  2]LogAssetRegistry: Asset discovery search completed in 7.9208 seconds
[2016.11.08-19.21.13:811][  2]LogCollectionManager: Rebuilt the object cache for 0 collections in 0.000001 seconds (found 0 objects)
[2016.11.08-19.21.13:811][  2]LogCollectionManager: Fixed up redirectors for 0 collections in 0.000044 seconds (updated 0 objects)
[2016.11.08-19.51.40:709][414]LogRenderer: Reallocating scene render targets to support 1616x836 (Frame:61652).
[2016.11.08-19.54.45:877][973]Cmd: QUIT_EDITOR
[2016.11.08-19.54.45:968][973]LogWindowsTextInputMethodSystem:Display: IME system now deactivated.
[2016.11.08-19.54.45:969][973]LogWindowsTextInputMethodSystem:Display: IME system now deactivated.
[2016.11.08-19.54.46:013][973]LogExit: Preparing to exit.
[2016.11.08-19.54.46:755][973]LogExit: Editor shut down
[2016.11.08-19.54.46:756][973]LogExit: Transaction tracking system shut down
[2016.11.08-19.54.47:053][973]LogObj: Freed 0b from 0 cluster array pools.
[2016.11.08-19.54.47:053][973]LogExit: Object subsystem successfully closed.
[2016.11.08-19.54.47:093][973]LogD3D11RHI: Shutdown
[2016.11.08-19.54.47:094][973]LogD3D11RHI: CleanupD3DDevice
[2016.11.08-19.54.47:203][973]LogD3D11RHI: ~FD3D11DynamicRHI
[2016.11.08-19.54.47:258][973]LogModuleManager: Shutting down and abandoning module HierarchicalLODOutliner (215)
[2016.11.08-19.54.47:258][973]LogModuleManager: Shutting down and abandoning module CrashTracker (214)
[2016.11.08-19.54.47:258][973]LogModuleManager: Shutting down and abandoning module SceneOutliner (213)
[2016.11.08-19.54.47:258][973]LogModuleManager: Shutting down and abandoning module WidgetCarousel (212)
[2016.11.08-19.54.47:258][973]LogModuleManager: Shutting down and abandoning module AddContentDialog (211)
[2016.11.08-19.54.47:263][973]LogModuleManager: Shutting down and abandoning module GameplayTags (210)
[2016.11.08-19.54.47:263][973]LogModuleManager: Shutting down and abandoning module EditorWidgets (209)
[2016.11.08-19.54.47:263][973]LogModuleManager: Shutting down and abandoning module CollectionManager (208)
[2016.11.08-19.54.47:264][973]LogModuleManager: Shutting down and abandoning module StatsViewer (207)
[2016.11.08-19.54.47:264][973]LogModuleManager: Shutting down and abandoning module FoliageEdit (206)
[2016.11.08-19.54.47:265][973]LogModuleManager: Shutting down and abandoning module LandscapeEditor (205)
[2016.11.08-19.54.47:266][973]LogModuleManager: Shutting down and abandoning module SceneDepthPickerMode (204)
[2016.11.08-19.54.47:266][973]LogModuleManager: Shutting down and abandoning module ActorPickerMode (203)
[2016.11.08-19.54.47:267][973]LogModuleManager: Shutting down and abandoning module GeometryMode (202)
[2016.11.08-19.54.47:267][973]LogModuleManager: Shutting down and abandoning module TextureAlignMode (201)
[2016.11.08-19.54.47:267][973]LogModuleManager: Shutting down and abandoning module BspMode (200)
[2016.11.08-19.54.47:267][973]LogModuleManager: Shutting down and abandoning module HardwareSurvey (199)
[2016.11.08-19.54.47:267][973]LogModuleManager: Shutting down and abandoning module SequenceRecorderSections (198)
[2016.11.08-19.54.47:267][973]LogModuleManager: Shutting down and abandoning module SequenceRecorder (197)
[2016.11.08-19.54.47:268][973]LogModuleManager: Shutting down and abandoning module AutomationWorker (196)
[2016.11.08-19.54.47:268][973]LogModuleManager: Shutting down and abandoning module MatineeToLevelSequence (195)
[2016.11.08-19.54.47:268][973]LogModuleManager: Shutting down and abandoning module PlacementMode (194)
[2016.11.08-19.54.47:269][973]LogModuleManager: Shutting down and abandoning module LevelSequenceEditor (193)
[2016.11.08-19.54.47:271][973]LogModuleManager: Shutting down and abandoning module CharacterAI (192)
[2016.11.08-19.54.47:271][973]LogModuleManager: Shutting down and abandoning module SmartSnapping (191)
[2016.11.08-19.54.47:271][973]LogModuleManager: Shutting down and abandoning module SessionServices (190)
[2016.11.08-19.54.47:271][973]LogModuleManager: Shutting down and abandoning module ViewportSnapping (189)
[2016.11.08-19.54.47:271][973]LogModuleManager: Shutting down and abandoning module LogVisualizer (188)
[2016.11.08-19.54.47:272][973]LogModuleManager: Shutting down and abandoning module GameProjectGeneration (187)
[2016.11.08-19.54.47:273][973]LogModuleManager: Shutting down and abandoning module IntroTutorials (186)
[2016.11.08-19.54.47:274][973]LogModuleManager: Shutting down and abandoning module EditorLiveStreaming (185)
[2016.11.08-19.54.47:274][973]LogModuleManager: Shutting down and abandoning module IOSPlatformEditor (184)
[2016.11.08-19.54.47:274][973]LogModuleManager: Shutting down and abandoning module HTML5PlatformEditor (183)
[2016.11.08-19.54.47:274][973]LogModuleManager: Shutting down and abandoning module AndroidDeviceDetection (182)
[2016.11.08-19.54.48:273][973]LogModuleManager: Shutting down and abandoning module AndroidPlatformEditor (181)
[2016.11.08-19.54.48:276][973]LogModuleManager: Shutting down and abandoning module IOSRuntimeSettings (180)
[2016.11.08-19.54.48:276][973]LogModuleManager: Shutting down and abandoning module AndroidRuntimeSettings (179)
[2016.11.08-19.54.48:276][973]LogModuleManager: Shutting down and abandoning module MergeActors (178)
[2016.11.08-19.54.48:277][973]LogModuleManager: Shutting down and abandoning module SizeMap (177)
[2016.11.08-19.54.48:277][973]LogModuleManager: Shutting down and abandoning module TreeMap (176)
[2016.11.08-19.54.48:277][973]LogModuleManager: Shutting down and abandoning module ReferenceViewer (175)
[2016.11.08-19.54.48:278][973]LogModuleManager: Shutting down and abandoning module LocalizationService (174)
[2016.11.08-19.54.48:278][973]LogModuleManager: Shutting down and abandoning module LocalizationDashboard (173)
[2016.11.08-19.54.48:279][973]LogModuleManager: Shutting down and abandoning module HardwareTargeting (172)
[2016.11.08-19.54.48:280][973]LogModuleManager: Shutting down and abandoning module DeviceProfileEditor (171)
[2016.11.08-19.54.48:280][973]LogModuleManager: Shutting down and abandoning module UndoHistory (170)
[2016.11.08-19.54.48:280][973]LogModuleManager: Shutting down and abandoning module UserFeedback (169)
[2016.11.08-19.54.48:280][973]LogModuleManager: Shutting down and abandoning module XmlParser (168)
[2016.11.08-19.54.48:281][973]LogModuleManager: Shutting down and abandoning module Blutility (167)
[2016.11.08-19.54.48:281][973]LogModuleManager: Shutting down and abandoning module ProjectTargetPlatformEditor (166)
[2016.11.08-19.54.48:282][973]LogModuleManager: Shutting down and abandoning module ProjectSettingsViewer (165)
[2016.11.08-19.54.48:282][973]LogModuleManager: Shutting down and abandoning module InputBindingEditor (164)
[2016.11.08-19.54.48:283][973]LogModuleManager: Shutting down and abandoning module EditorSettingsViewer (163)
[2016.11.08-19.54.48:283][973]LogModuleManager: Shutting down and abandoning module SettingsEditor (162)
[2016.11.08-19.54.48:284][973]LogModuleManager: Shutting down and abandoning module ProjectLauncher (161)
[2016.11.08-19.54.48:285][973]LogModuleManager: Shutting down and abandoning module SessionFrontend (160)
[2016.11.08-19.54.48:286][973]LogModuleManager: Shutting down and abandoning module ProfilerClient (159)
[2016.11.08-19.54.48:286][973]LogModuleManager: Shutting down and abandoning module TargetDeviceServices (158)
[2016.11.08-19.54.48:287][973]LogModuleManager: Shutting down and abandoning module DeviceManager (157)
[2016.11.08-19.54.48:329][973]LogModuleManager: Shutting down and abandoning module AutomationController (156)
[2016.11.08-19.54.48:331][973]LogModuleManager: Shutting down and abandoning module AutomationWindow (155)
[2016.11.08-19.54.48:332][973]LogModuleManager: Shutting down and abandoning module Layers (154)
[2016.11.08-19.54.48:333][973]LogModuleManager: Shutting down and abandoning module ComponentVisualizers (153)
[2016.11.08-19.54.48:334][973]LogModuleManager: Shutting down and abandoning module DetailCustomizations (152)
[2016.11.08-19.54.48:335][973]LogModuleManager: Shutting down and abandoning module PackagesDialog (151)
[2016.11.08-19.54.48:335][973]LogModuleManager: Shutting down and abandoning module Persona (150)
[2016.11.08-19.54.48:337][973]LogModuleManager: Shutting down and abandoning module Kismet (149)
[2016.11.08-19.54.48:338][973]LogModuleManager: Shutting down and abandoning module GraphEditor (148)
[2016.11.08-19.54.48:340][973]LogModuleManager: Shutting down and abandoning module ClassViewer (147)
[2016.11.08-19.54.48:340][973]LogModuleManager: Shutting down and abandoning module Toolbox (146)
[2016.11.08-19.54.48:341][973]LogModuleManager: Shutting down and abandoning module ModuleUI (145)
[2016.11.08-19.54.48:341][973]LogModuleManager: Shutting down and abandoning module MovieSceneTools (144)
[2016.11.08-19.54.48:342][973]LogModuleManager: Shutting down and abandoning module OutputLog (143)
[2016.11.08-19.54.48:342][973]LogModuleManager: Shutting down and abandoning module GammaUI (142)
[2016.11.08-19.54.48:343][973]LogModuleManager: Shutting down and abandoning module Documentation (141)
[2016.11.08-19.54.48:343][973]LogModuleManager: Shutting down and abandoning module StreamingPauseRendering (140)
[2016.11.08-19.54.48:343][973]LogModuleManager: Shutting down and abandoning module AnalyticsET (139)
[2016.11.08-19.54.48:343][973]LogModuleManager: Shutting down and abandoning module Analytics (138)
[2016.11.08-19.54.48:343][973]LogModuleManager: Shutting down and abandoning module PortalServices (137)
[2016.11.08-19.54.48:343][973]LogModuleManager: Shutting down and abandoning module PortalRpc (136)
[2016.11.08-19.54.48:343][973]LogModuleManager: Shutting down and abandoning module MessagingRpc (135)
[2016.11.08-19.54.48:343][973]LogModuleManager: Shutting down and abandoning module GameplayDebugger (134)
[2016.11.08-19.54.48:343][973]LogModuleManager: Shutting down and abandoning module AITestSuite (133)
[2016.11.08-19.54.48:343][973]LogModuleManager: Shutting down and abandoning module AIModule (132)
[2016.11.08-19.54.48:343][973]LogModuleManager: Shutting down and abandoning module ProfilerService (131)
[2016.11.08-19.54.48:474][973]LogModuleManager: Shutting down and abandoning module TaskGraph (130)
[2016.11.08-19.54.48:475][973]LogModuleManager: Shutting down and abandoning module SubstanceEditor (129)
[2016.11.08-19.54.48:476][973]LogModuleManager: Shutting down and abandoning module SlateRemote (128)
[2016.11.08-19.54.48:476][973]LogModuleManager: Shutting down and abandoning module SteamVRController (127)
[2016.11.08-19.54.48:476][973]LogModuleManager: Shutting down and abandoning module SteamVR (126)
[2016.11.08-19.54.48:476][973]LogModuleManager: Shutting down and abandoning module ProceduralMeshComponent (125)
[2016.11.08-19.54.48:476][973]LogModuleManager: Shutting down and abandoning module OculusLibrary (124)
[2016.11.08-19.54.48:476][973]LogModuleManager: Shutting down and abandoning module OculusInput (123)
[2016.11.08-19.54.48:476][973]LogModuleManager: Shutting down and abandoning module CustomMeshComponent (122)
[2016.11.08-19.54.48:476][973]LogModuleManager: Shutting down and abandoning module CableComponent (121)
[2016.11.08-19.54.48:476][973]LogModuleManager: Shutting down and abandoning module ArchVisCharacter (120)
[2016.11.08-19.54.48:476][973]LogModuleManager: Shutting down and abandoning module MediaPlayerEditor (119)
[2016.11.08-19.54.48:477][973]LogModuleManager: Shutting down and abandoning module HTML5Networking (118)
[2016.11.08-19.54.48:478][973]LogModuleManager: Shutting down and abandoning module SuperSearch (117)
[2016.11.08-19.54.48:478][973]LogModuleManager: Shutting down and abandoning module SuperSearchEditor (116)
[2016.11.08-19.54.48:478][973]LogModuleManager: Shutting down and abandoning module SpeedTreeImporter (115)
[2016.11.08-19.54.48:478][973]LogModuleManager: Shutting down and abandoning module PluginBrowser (114)
[2016.11.08-19.54.48:479][973]LogModuleManager: Shutting down and abandoning module EpicSurvey (113)
[2016.11.08-19.54.48:479][973]LogModuleManager: Shutting down and abandoning module DesktopPlatform (112)
[2016.11.08-19.54.48:479][973]LogModuleManager: Shutting down and abandoning module VisualStudioSourceCodeAccess (111)
[2016.11.08-19.54.48:479][973]LogModuleManager: Shutting down and abandoning module UObjectPlugin (110)
[2016.11.08-19.54.48:480][973]LogModuleManager: Shutting down and abandoning module SubversionSourceControl (109)
[2016.11.08-19.54.48:480][973]LogModuleManager: Shutting down and abandoning module PerforceSourceControl (108)
[2016.11.08-19.54.48:481][973]LogModuleManager: Shutting down and abandoning module SourceControl (107)
[2016.11.08-19.54.48:482][973]LogModuleManager: Shutting down and abandoning module GitSourceControl (106)
[2016.11.08-19.54.48:483][973]LogModuleManager: Shutting down and abandoning module LightPropagationVolumeEditor (105)
[2016.11.08-19.54.48:483][973]LogModuleManager: Shutting down and abandoning module PaperTiledImporter (104)
[2016.11.08-19.54.48:483][973]LogModuleManager: Shutting down and abandoning module PaperSpriteSheetImporter (103)
[2016.11.08-19.54.48:483][973]LogModuleManager: Shutting down and abandoning module MeshPaint (102)
[2016.11.08-19.54.48:483][973]LogModuleManager: Shutting down and abandoning module PixelInspectorModule (101)
[2016.11.08-19.54.48:484][973]LogModuleManager: Shutting down and abandoning module HotReload (100)
[2016.11.08-19.54.48:486][973]LogModuleManager: Shutting down and abandoning module MainFrame (99)
[2016.11.08-19.54.48:486][973]LogModuleManager: Shutting down and abandoning module LevelEditor (98)
[2016.11.08-19.54.48:487][973]LogModuleManager: Shutting down and abandoning module ContentBrowser (97)
[2016.11.08-19.54.48:490][973]LogModuleManager: Shutting down and abandoning module Paper2DEditor (96)
[2016.11.08-19.54.48:491][973]LogModuleManager: Shutting down and abandoning module UdpMessaging (95)
[2016.11.08-19.54.48:591][973]LogModuleManager: Shutting down and abandoning module SubstanceCore (94)
[2016.11.08-19.54.48:595][973]LogModuleManager: Shutting down and abandoning module LightPropagationVolumeRuntime (93)
[2016.11.08-19.54.48:595][973]LogModuleManager: Shutting down and abandoning module Paper2D (92)
[2016.11.08-19.54.48:595][973]LogModuleManager: Shutting down and abandoning module WindowsMoviePlayer (91)
[2016.11.08-19.54.48:595][973]LogModuleManager: Shutting down and abandoning module Media (90)
[2016.11.08-19.54.48:595][973]LogModuleManager: Shutting down and abandoning module WmfMedia (89)
[2016.11.08-19.54.48:596][973]LogModuleManager: Shutting down and abandoning module MediaAssets (88)
[2016.11.08-19.54.48:596][973]LogModuleManager: Shutting down and abandoning module GameLiveStreaming (87)
[2016.11.08-19.54.48:596][973]LogModuleManager: Shutting down and abandoning module GameplayTagsEditor (86)
[2016.11.08-19.54.48:596][973]LogModuleManager: Shutting down and abandoning module OnlineBlueprintSupport (85)
[2016.11.08-19.54.48:596][973]LogModuleManager: Shutting down and abandoning module VREditor (84)
[2016.11.08-19.54.48:596][973]LogModuleManager: Shutting down and abandoning module GameplayTasksEditor (83)
[2016.11.08-19.54.48:596][973]LogModuleManager: Shutting down and abandoning module PropertyEditor (82)
[2016.11.08-19.54.48:597][973]LogModuleManager: Shutting down and abandoning module BehaviorTreeEditor (81)
[2016.11.08-19.54.48:598][973]LogModuleManager: Shutting down and abandoning module FunctionalTesting (80)
[2016.11.08-19.54.48:598][973]LogModuleManager: Shutting down and abandoning module CollisionAnalyzer (79)
[2016.11.08-19.54.48:599][973]LogModuleManager: Shutting down and abandoning module Sequencer (78)
[2016.11.08-19.54.48:601][973]LogModuleManager: Shutting down and abandoning module WorkspaceMenuStructure (77)
[2016.11.08-19.54.48:601][973]LogModuleManager: Shutting down and abandoning module MessageLog (76)
[2016.11.08-19.54.48:601][973]LogModuleManager: Shutting down and abandoning module AssetTools (75)
[2016.11.08-19.54.48:603][973]LogModuleManager: Shutting down and abandoning module UMGEditor (74)
[2016.11.08-19.54.48:604][973]LogModuleManager: Shutting down and abandoning module UMG (73)
[2016.11.08-19.54.48:605][973]LogModuleManager: Shutting down and abandoning module SlateReflector (72)
[2016.11.08-19.54.48:606][973]LogModuleManager: Shutting down and abandoning module Slate (71)
[2016.11.08-19.54.48:607][973]LogModuleManager: Shutting down and abandoning module EditorStyle (70)
[2016.11.08-19.54.48:614][973]LogModuleManager: Shutting down and abandoning module SourceCodeAccess (69)
[2016.11.08-19.54.48:614][973]LogModuleManager: Shutting down and abandoning module HeadMountedDisplay (68)
[2016.11.08-19.54.48:614][973]LogModuleManager: Shutting down and abandoning module XAudio2 (67)
[2016.11.08-19.54.48:614][973]LogModuleManager: Shutting down and abandoning module Networking (65)
[2016.11.08-19.54.48:614][973]LogModuleManager: Shutting down and abandoning module Core (64)
[2016.11.08-19.54.48:614][973]LogModuleManager: Shutting down and abandoning module DirectoryWatcher (63)
[2016.11.08-19.54.48:615][973]LogModuleManager: Shutting down and abandoning module AssetRegistry (62)
[2016.11.08-19.54.48:760][973]LogModuleManager: Shutting down and abandoning module KismetCompiler (61)
[2016.11.08-19.54.48:760][973]LogModuleManager: Shutting down and abandoning module PhysXFormats (60)
[2016.11.08-19.54.48:760][973]LogModuleManager: Shutting down and abandoning module MeshUtilities (59)
[2016.11.08-19.54.48:761][973]LogModuleManager: Shutting down and abandoning module DerivedDataCache (58)
[2016.11.08-19.54.48:843][973]LogDerivedDataCache: Shutdown
[2016.11.08-19.54.48:843][973]LogModuleManager: Shutting down and abandoning module VulkanShaderFormat (57)
[2016.11.08-19.54.48:844][973]LogModuleManager: Shutting down and abandoning module ShaderFormatOpenGL (56)
[2016.11.08-19.54.48:844][973]LogModuleManager: Shutting down and abandoning module ShaderFormatD3D (55)
[2016.11.08-19.54.48:845][973]LogModuleManager: Shutting down and abandoning module MetalShaderFormat (54)
[2016.11.08-19.54.48:845][973]LogModuleManager: Shutting down and abandoning module TextureFormatUncompressed (53)
[2016.11.08-19.54.48:845][973]LogModuleManager: Shutting down and abandoning module TextureFormatPVR (52)
[2016.11.08-19.54.48:846][973]LogModuleManager: Shutting down and abandoning module TextureFormatIntelISPCTexComp (51)
[2016.11.08-19.54.48:846][973]LogModuleManager: Shutting down and abandoning module TextureFormatDXT (50)
[2016.11.08-19.54.48:846][973]LogModuleManager: Shutting down and abandoning module ImageWrapper (49)
[2016.11.08-19.54.48:846][973]LogModuleManager: Shutting down and abandoning module TextureFormatASTC (48)
[2016.11.08-19.54.48:846][973]LogModuleManager: Shutting down and abandoning module TextureFormatAndroid (47)
[2016.11.08-19.54.48:846][973]LogModuleManager: Shutting down and abandoning module AudioFormatOpus (46)
[2016.11.08-19.54.48:847][973]LogModuleManager: Shutting down and abandoning module AudioFormatOgg (45)
[2016.11.08-19.54.48:847][973]LogModuleManager: Shutting down and abandoning module AudioFormatADPCM (44)
[2016.11.08-19.54.48:847][973]LogModuleManager: Shutting down and abandoning module LinuxTargetPlatform (43)
[2016.11.08-19.54.48:847][973]LogModuleManager: Shutting down and abandoning module LinuxServerTargetPlatform (42)
[2016.11.08-19.54.48:847][973]LogModuleManager: Shutting down and abandoning module LinuxNoEditorTargetPlatform (41)
[2016.11.08-19.54.48:848][973]LogModuleManager: Shutting down and abandoning module TVOSTargetPlatform (40)
[2016.11.08-19.54.48:848][973]LogModuleManager: Shutting down and abandoning module Messaging (39)
[2016.11.08-19.54.48:848][973]LogModuleManager: Shutting down and abandoning module IOSTargetPlatform (38)
[2016.11.08-19.54.48:848][973]LogModuleManager: Shutting down and abandoning module HTML5TargetPlatform (37)
[2016.11.08-19.54.48:848][973]LogModuleManager: Shutting down and abandoning module Android_PVRTCTargetPlatform (36)
[2016.11.08-19.54.48:848][973]LogModuleManager: Shutting down and abandoning module Android_MultiTargetPlatform (35)
[2016.11.08-19.54.48:848][973]LogModuleManager: Shutting down and abandoning module Android_ETC2TargetPlatform (34)
[2016.11.08-19.54.48:848][973]LogModuleManager: Shutting down and abandoning module Android_ETC1TargetPlatform (33)
[2016.11.08-19.54.48:848][973]LogModuleManager: Shutting down and abandoning module Android_DXTTargetPlatform (32)
[2016.11.08-19.54.48:848][973]LogModuleManager: Shutting down and abandoning module Android_ATCTargetPlatform (31)
[2016.11.08-19.54.48:848][973]LogModuleManager: Shutting down and abandoning module Android_ASTCTargetPlatform (30)
[2016.11.08-19.54.48:848][973]LogModuleManager: Shutting down and abandoning module AndroidTargetPlatform (29)
[2016.11.08-19.54.48:848][973]LogModuleManager: Shutting down and abandoning module WindowsTargetPlatform (28)
[2016.11.08-19.54.48:848][973]LogModuleManager: Shutting down and abandoning module WindowsServerTargetPlatform (27)
[2016.11.08-19.54.48:849][973]LogModuleManager: Shutting down and abandoning module WindowsNoEditorTargetPlatform (26)
[2016.11.08-19.54.48:849][973]LogModuleManager: Shutting down and abandoning module WindowsClientTargetPlatform (25)
[2016.11.08-19.54.48:849][973]LogModuleManager: Shutting down and abandoning module AllDesktopTargetPlatform (24)
[2016.11.08-19.54.48:849][973]LogModuleManager: Shutting down and abandoning module TargetPlatform (23)
[2016.11.08-19.54.48:849][973]LogModuleManager: Shutting down and abandoning module InputCore (22)
[2016.11.08-19.54.48:849][973]LogModuleManager: Shutting down and abandoning module Settings (21)
[2016.11.08-19.54.48:849][973]LogModuleManager: Shutting down and abandoning module OnlineSubsystem (19)
[2016.11.08-19.54.48:849][973]LogModuleManager: Shutting down and abandoning module HTTP (18)
[2016.11.08-19.54.55:865][973]LogModuleManager: Shutting down and abandoning module XMPP (17)
[2016.11.08-19.54.55:869][973]LogModuleManager: Shutting down and abandoning module OculusRift (16)
[2016.11.08-19.54.55:870][973]LogModuleManager: Shutting down and abandoning module ExampleDeviceProfileSelector (15)
[2016.11.08-19.54.55:870][973]LogModuleManager: Shutting down and abandoning module TextureCompressor (14)
[2016.11.08-19.54.55:870][973]LogModuleManager: Shutting down and abandoning module ShaderCore (13)
[2016.11.08-19.54.55:870][973]LogModuleManager: Shutting down and abandoning module Landscape (12)
[2016.11.08-19.54.55:870][973]LogModuleManager: Shutting down and abandoning module SlateRHIRenderer (11)
[2016.11.08-19.54.55:875][973]LogModuleManager: Shutting down and abandoning module OpenGLDrv (10)
[2016.11.08-19.54.55:875][973]LogModuleManager: Shutting down and abandoning module D3D11RHI (9)
[2016.11.08-19.54.55:875][973]LogModuleManager: Shutting down and abandoning module AnimGraphRuntime (8)
[2016.11.08-19.54.55:875][973]LogModuleManager: Shutting down and abandoning module Renderer (7)
[2016.11.08-19.54.55:876][973]LogModuleManager: Shutting down and abandoning module Engine (6)
[2016.11.08-19.54.55:876][973]LogModuleManager: Shutting down and abandoning module CoreUObject (5)
[2016.11.08-19.54.55:876][973]LogModuleManager: Shutting down and abandoning module NetworkFile (4)
[2016.11.08-19.54.55:876][973]LogModuleManager: Shutting down and abandoning module StreamingFile (3)
[2016.11.08-19.54.55:876][973]LogModuleManager: Shutting down and abandoning module SandboxFile (2)
[2016.11.08-19.54.55:877][973]LogModuleManager: Shutting down and abandoning module PakFile (1)
[2016.11.08-19.54.55:885][973]LogExit: Exiting.
[2016.11.08-19.54.55:889][973]Log file closed, 11/08/16 13:54:55
