Log file open, 11/03/16 13:08:01
LogInit:Display: Running engine for game: Mult
LogPlatformFile: Not using cached read wrapper
LogInit:Display: RandInit(216858387) SRandInit(216858389).
LogTaskGraph: Started task graph with 4 named threads and 15 total threads with 1 sets of task threads.
LogStats: Stats thread started at 0.198066
LogInit: Version: 4.12.5-3039270+++UE4+Release-4.12
LogInit: API Version: 2992821
LogInit: Net Version: 3039270
LogDevObjectVersion: Number of dev versions registered: 13
LogDevObjectVersion:   Dev-Blueprints (B0D832E4-1F89-4F0D-ACCF-7EB736FD4AA2): 3
LogDevObjectVersion:   Dev-Build (E1C64328-A22C-4D53-A36C-8E866417BD8C): 0
LogDevObjectVersion:   Dev-Core (375EC13C-06E4-48FB-B500-84F0262A717E): 1
LogDevObjectVersion:   Dev-Editor (E4B068ED-F494-42E9-A231-DA0B2E46BB41): 2
LogDevObjectVersion:   Dev-Framework (CFFC743F-43B0-4480-9391-14DF171D2073): 6
LogDevObjectVersion:   Dev-Mobile (B02B49B5-BB20-44E9-A304-32B752E40360): 0
LogDevObjectVersion:   Dev-Networking (A4E4105C-59A1-49B5-A7C5-40C4547EDFEE): 0
LogDevObjectVersion:   Dev-Online (39C831C9-5AE6-47DC-9A44-9C173E1C8E7C): 0
LogDevObjectVersion:   Dev-Physics (78F01B33-EBEA-4F98-B9B4-84EACCB95AA2): 0
LogDevObjectVersion:   Dev-Platform (6631380F-2D4D-43E0-8009-CF276956A95A): 0
LogDevObjectVersion:   Dev-Rendering (12F88B9F-8875-4AFC-A67C-D90C383ABD29): 2
LogDevObjectVersion:   Dev-Sequencer (7B5AE74C-D270-4C10-A958-57980B212A5A): 0
LogDevObjectVersion:   Dev-VR (D7296918-1DD6-4BDD-9DE2-64A83CC13884): 0
LogInit: Compiled (64-bit): Jul  6 2016 09:09:46
LogInit: Compiled with Visual C++: 19.00.23026.00
LogInit: Build Configuration: Development
LogInit: Branch Name: ++UE4+Release-4.12
LogInit: Command line: -EpicPortal 
LogInit: Base directory: C:/Program Files (x86)/Epic Games/4.12/Engine/Binaries/Win64/
LogInit: Installed Engine Build: 1
LogInit: Using libcurl 7.41.0
LogInit:  - built for x86_64-pc-win32
LogInit:  - supports SSL with WinSSL
LogInit:  - other features:
LogInit:      CURL_VERSION_SSL
LogInit:      CURL_VERSION_IPV6
LogInit:      CURL_VERSION_ASYNCHDNS
LogInit:      CURL_VERSION_LARGEFILE
LogInit:      CURL_VERSION_IDN
LogInit:  CurlRequestOptions (configurable via config and command line):
LogInit:  - bVerifyPeer = true  - Libcurl will verify peer certificate
LogInit:  - bUseHttpProxy = false  - Libcurl will NOT use HTTP proxy
LogInit:  - bDontReuseConnections = false  - Libcurl will reuse connections
LogInit:  - CertBundlePath = nullptr  - Libcurl will use whatever was configured at build time.
LogInit: Presizing for max 8388607 objects, including 0 objects not considered by GC, pre-allocating 0 bytes for permanent pool.
LogInit: Object subsystem initialized
[2016.11.03-18.08.01:489][  0]LogInit: Selected Device Profile: [Windows]
[2016.11.03-18.08.01:489][  0]LogInit: Applying CVar settings loaded from the selected device profile: [Windows]
[2016.11.03-18.08.01:504][  0]LogInit: Computer: 59DX482
[2016.11.03-18.08.01:504][  0]LogInit: User: westonbuck
[2016.11.03-18.08.01:504][  0]LogInit: CPU Page size=65536, Cores=12
[2016.11.03-18.08.01:504][  0]LogInit: High frequency timer resolution =1.558892 MHz
[2016.11.03-18.08.01:504][  0]LogMemory: Memory total: Physical=31.9GB (32GB approx)
[2016.11.03-18.08.01:504][  0]LogMemory: Platform Memory Stats for Windows
[2016.11.03-18.08.01:504][  0]LogMemory: Process Physical Memory: 191.29 MB used, 191.29 MB peak
[2016.11.03-18.08.01:504][  0]LogMemory: Process Virtual Memory: 196.00 MB used, 196.00 MB peak
[2016.11.03-18.08.01:504][  0]LogMemory: Physical Memory: 5604.82 MB used, 32692.21 MB total
[2016.11.03-18.08.01:504][  0]LogMemory: Virtual Memory: 555.86 MB used, 134217728.00 MB total
[2016.11.03-18.08.01:544][  0]LogTextLocalizationManager: No specific translations for ('en-US') exist, so ('en') translations will be used.
[2016.11.03-18.08.02:419][  0]LogD3D11RHI: D3D11 adapters:
[2016.11.03-18.08.02:453][  0]LogD3D11RHI:    0. 'NVIDIA Quadro M4000' (Feature Level 11_0)
[2016.11.03-18.08.02:453][  0]LogD3D11RHI:       8092/0/16346 MB DedicatedVideo/DedicatedSystem/SharedSystem, Outputs:2, VendorId:0x10de
[2016.11.03-18.08.02:456][  0]LogD3D11RHI:    1. 'Microsoft Basic Render Driver' (Feature Level 11_0)
[2016.11.03-18.08.02:456][  0]LogD3D11RHI:       0/0/16346 MB DedicatedVideo/DedicatedSystem/SharedSystem, Outputs:0, VendorId:0x1414
[2016.11.03-18.08.02:456][  0]LogD3D11RHI: Chosen D3D11 Adapter: 0
[2016.11.03-18.08.02:467][  0]LogD3D11RHI: Creating new Direct3DDevice
[2016.11.03-18.08.02:467][  0]LogD3D11RHI:     GPU DeviceId: 0x13f1 (for the marketing name, search the web for "GPU Device Id")
[2016.11.03-18.08.02:467][  0]LogWindows: EnumDisplayDevices:
[2016.11.03-18.08.02:467][  0]LogWindows:    0. 'NVIDIA Quadro M4000' (P:1 D:1)
[2016.11.03-18.08.02:468][  0]LogWindows:    1. 'NVIDIA Quadro M4000' (P:0 D:1)
[2016.11.03-18.08.02:468][  0]LogWindows:    2. 'NVIDIA Quadro M4000' (P:0 D:0)
[2016.11.03-18.08.02:468][  0]LogWindows:    3. 'NVIDIA Quadro M4000' (P:0 D:0)
[2016.11.03-18.08.02:468][  0]LogWindows: DebugString: FoundDriverCount:4 
[2016.11.03-18.08.02:468][  0]LogD3D11RHI:     Adapter Name: NVIDIA Quadro M4000
[2016.11.03-18.08.02:468][  0]LogD3D11RHI:   Driver Version: 361.91 (internal:10.18.13.6191, unified:361.91)
[2016.11.03-18.08.02:468][  0]LogD3D11RHI:      Driver Date: 2-8-2016
[2016.11.03-18.08.02:468][  0]LogRHI: Texture pool is 1361 MB (70% of 1945 MB)
[2016.11.03-18.08.02:489][  0]LogD3D11RHI: Async texture creation enabled
[2016.11.03-18.08.02:508][  0]LogD3D11RHI: GPU Timing Frequency: 1000.000000 (Debug: 2 2)
[2016.11.03-18.08.02:509][  0]LogShaderCompilers: Guid format shader working directory is 19 characters bigger than the processId version (D:/Users/weston.buck/Desktop/Mult/Intermediate/Shaders/WorkingDirectory/3296/).
[2016.11.03-18.08.02:509][  0]LogShaderCompilers: Cleaned the shader compiler working directory 'D:/Users/weston.buck/AppData/Local/Temp/UnrealShaderWorkingDir/54C65495498C3071B3766399ADA9591F/'.
[2016.11.03-18.08.02:509][  0]LogShaderCompilers:Display: Using Local Shader Compiler.
[2016.11.03-18.08.04:240][  0]LogTemp:Display: Loaded TP AllDesktopTargetPlatform
[2016.11.03-18.08.04:260][  0]LogTemp:Display: Loaded TP WindowsClientTargetPlatform
[2016.11.03-18.08.04:280][  0]LogTemp:Display: Loaded TP WindowsNoEditorTargetPlatform
[2016.11.03-18.08.04:300][  0]LogTemp:Display: Loaded TP WindowsServerTargetPlatform
[2016.11.03-18.08.04:319][  0]LogTemp:Display: Loaded TP WindowsTargetPlatform
[2016.11.03-18.08.04:336][  0]LogTemp:Display: Loaded TP AndroidTargetPlatform
[2016.11.03-18.08.04:352][  0]LogTemp:Display: Loaded TP Android_ASTCTargetPlatform
[2016.11.03-18.08.04:367][  0]LogTemp:Display: Loaded TP Android_ATCTargetPlatform
[2016.11.03-18.08.04:383][  0]LogTemp:Display: Loaded TP Android_DXTTargetPlatform
[2016.11.03-18.08.04:399][  0]LogTemp:Display: Loaded TP Android_ETC1TargetPlatform
[2016.11.03-18.08.04:415][  0]LogTemp:Display: Loaded TP Android_ETC2TargetPlatform
[2016.11.03-18.08.04:447][  0]LogTemp:Display: Loaded TP Android_MultiTargetPlatform
[2016.11.03-18.08.04:447][  0]LogTemp:Display: Loaded TP Android_PVRTCTargetPlatform
[2016.11.03-18.08.04:449][  0]LogTemp:Display: Loaded TP HTML5TargetPlatform
[2016.11.03-18.08.04:487][  0]LogTemp:Display: Loaded TP IOSTargetPlatform
[2016.11.03-18.08.04:504][  0]LogTemp:Display: Loaded TP TVOSTargetPlatform
[2016.11.03-18.08.04:524][  0]LogTemp:Display: Loaded TP LinuxNoEditorTargetPlatform
[2016.11.03-18.08.04:540][  0]LogTemp:Display: Loaded TP LinuxServerTargetPlatform
[2016.11.03-18.08.04:556][  0]LogTemp:Display: Loaded TP LinuxTargetPlatform
[2016.11.03-18.08.04:556][  0]LogTargetPlatformManager:Display: Building Assets For Windows
[2016.11.03-18.08.04:727][  0]LogDerivedDataCache:Display: Max Cache Size: 512 MB
[2016.11.03-18.08.04:842][  0]LogDerivedDataCache: Loaded boot cache 0.11s 48MB D:/Users/weston.buck/AppData/Local/UnrealEngine/4.12/DerivedDataCache/Boot.ddc.
[2016.11.03-18.08.04:843][  0]LogDerivedDataCache:Display: Loaded Boot cache: D:/Users/weston.buck/AppData/Local/UnrealEngine/4.12/DerivedDataCache/Boot.ddc
[2016.11.03-18.08.04:843][  0]LogDerivedDataCache: FDerivedDataBackendGraph:  Pak pak cache file D:/Users/weston.buck/Desktop/Mult/DerivedDataCache/DDC.ddp not found, will not use a pak cache.
[2016.11.03-18.08.04:843][  0]LogDerivedDataCache: Unable to find inner node Pak for hierarchical cache Hierarchy.
[2016.11.03-18.08.04:843][  0]LogDerivedDataCache: FDerivedDataBackendGraph:  CompressedPak pak cache file D:/Users/weston.buck/Desktop/Mult/DerivedDataCache/Compressed.ddp not found, will not use a pak cache.
[2016.11.03-18.08.04:843][  0]LogDerivedDataCache: Unable to find inner node CompressedPak for hierarchical cache Hierarchy.
[2016.11.03-18.08.04:875][  0]LogDerivedDataCache:Display: Pak cache opened for reading ../../../Engine/DerivedDataCache/Compressed.ddp.
[2016.11.03-18.08.04:888][  0]LogDerivedDataCache: Using Local data cache path D:/Users/weston.buck/AppData/Local/UnrealEngine/Common/DerivedDataCache: Writable
[2016.11.03-18.08.05:256][  0]LogInit: Selected Device Profile: [Windows]
[2016.11.03-18.08.05:257][  0]LogContentStreaming: Texture pool size is 0.00 MB
[2016.11.03-18.08.05:571][  0]LogMeshUtilities: No automatic mesh reduction module available
[2016.11.03-18.08.05:571][  0]LogMeshUtilities: No automatic mesh merging module available
[2016.11.03-18.08.05:571][  0]LogMeshUtilities: No distributed automatic mesh merging module available
[2016.11.03-18.08.06:047][  0]LogAssetRegistry: FAssetRegistry took 0.0221 seconds to start up
[2016.11.03-18.08.06:077][  0]LogPackageLocalizationCache: Processed 3 localized package path(s) for 2 prioritized culture(s) in 0.024132 seconds
[2016.11.03-18.08.06:087][  0]LogUObjectArray: 28739 objects as part of root set at end of initial load.
[2016.11.03-18.08.06:087][  0]LogUObjectAllocator: 5855624 out of 0 bytes used by permanent object pool.
[2016.11.03-18.08.06:088][  0]LogUObjectArray: CloseDisregardForGC: 0/0 objects in disregard for GC pool
[2016.11.03-18.08.06:105][  0]LogInit: WinSock: version 1.1 (2.2), MaxSocks=32767, MaxUdp=65467
[2016.11.03-18.08.06:447][  0]LogSlate: SlateFontCache - WITH_FREETYPE: 1, WITH_HARFBUZZ: 1
[2016.11.03-18.08.06:447][  0]LogSlate: SlateFontCache - WITH_FREETYPE: 1, WITH_HARFBUZZ: 1
[2016.11.03-18.08.08:045][  0]LogSubstanceCoreModule: Substance CPU Engine Loaded, Max Texture Size 2048
[2016.11.03-18.08.08:064][  0]LogUdpMessaging: Initializing bridge on interface 0.0.0.0:0 to multicast group 230.0.0.1:6666.
[2016.11.03-18.08.08:460][  0]SourceControl: Info Source control is disabled
[2016.11.03-18.08.08:531][  0]SourceControl: Info Source control is disabled
[2016.11.03-18.08.08:551][  0]SourceControl: Info Source control is disabled
[2016.11.03-18.08.08:569][  0]SourceControl: Info Source control is disabled
[2016.11.03-18.08.08:692][  0]LogLinker:Warning: Can't find file '/Game/ThirdPersonBP/ThirdPersonOverview'
[2016.11.03-18.08.08:692][  0]LogLinker:Warning: Can't find file '/Game/ThirdPersonBP/ThirdPersonOverview'
[2016.11.03-18.08.08:692][  0]LogUObjectGlobals:Warning: Failed to find object 'Class /Game/ThirdPersonBP/ThirdPersonOverview.ThirdPersonOverview_C'
[2016.11.03-18.08.09:030][  0]LogEngine: Initializing Engine...
[2016.11.03-18.08.09:031][  0]LogHMD: SteamVR failed to initialize.  Err: 110
[2016.11.03-18.08.09:032][  0]LogHMD: SteamVR failed to initialize.  Err: 110
[2016.11.03-18.08.09:324][  0]LogAIModule: Creating AISystem for world NewWorld
[2016.11.03-18.08.09:340][  0]LogInit: XAudio2 using 'Speakers / Headphones (Realtek High Definition Audio)' : 2 channels at 48 kHz using 32 bits per sample (channel mask 0x3)
[2016.11.03-18.08.09:487][  0]LogInit: FAudioDevice initialized.
[2016.11.03-18.08.09:530][  0]LogDerivedDataCache: Saved boot cache 0.04s 48MB D:/Users/weston.buck/AppData/Local/UnrealEngine/4.12/DerivedDataCache/Boot.ddc.
[2016.11.03-18.08.09:546][  0]LogInit: Texture streaming: Enabled
[2016.11.03-18.08.09:590][  0]LogInit: Transaction tracking system initialized
[2016.11.03-18.08.09:646][  0]BlueprintLog: New page: Editor Load
[2016.11.03-18.08.09:823][  0]LocalizationService: Info Localization service is disabled
[2016.11.03-18.08.09:956][  0]LogConsoleResponse:Display: 
[2016.11.03-18.08.09:996][  0]LogPackageName:Warning: String asset reference "Env_Ice_Rocky.Mesh.Env_Ice_MelancholicTroll01" is in short form, which is unsupported and -- even if valid -- resolving it will be really slow. Please consider resaving package in order to speed-up loading.
[2016.11.03-18.08.10:155][  0]LogCook:Display: Max memory allowance for cook 8192mb
[2016.11.03-18.08.10:155][  0]LogCook:Display: Mobile HDR setting 1
[2016.11.03-18.08.10:364][  0]LogPackageName: SearchForPackageOnDisk took   0.166s, but failed to resolve Env_Ice_Rocky.
[2016.11.03-18.08.10:364][  0]LogPackageName:Warning: String asset reference "Env_Ice_Rocky.Mesh.Env_Ice_MelancholicTroll01" could not be resolved.
[2016.11.03-18.08.10:364][  0]LogPackageName:Warning: String asset reference "Env_Ice_Rocky.Mesh.Env_Ice_MelancholicTroll01" is in short form, which is unsupported and -- even if valid -- resolving it will be really slow. Please consider resaving package in order to speed-up loading.
[2016.11.03-18.08.10:364][  0]LogFileCache: Scanning file cache for directory 'D:/Users/weston.buck/Desktop/Mult/Content/' took 0.02s
[2016.11.03-18.08.10:364][  0]LogPackageName: SearchForPackageOnDisk took   0.164s, but failed to resolve Env_Ice_Rocky.
[2016.11.03-18.08.10:364][  0]LogPackageName:Warning: String asset reference "Env_Ice_Rocky.Mesh.Env_Ice_MelancholicTroll01" could not be resolved.
[2016.11.03-18.08.10:364][  0]LogPackageName:Warning: String asset reference "Env_Ice_Rocky.Mesh.Env_Ice_NordHeed01" is in short form, which is unsupported and -- even if valid -- resolving it will be really slow. Please consider resaving package in order to speed-up loading.
[2016.11.03-18.08.10:364][  0]SourceControl: Info Source control is disabled
[2016.11.03-18.08.10:364][  0]Cmd: MAP LOAD FILE="D:/Users/weston.buck/Desktop/Mult/Content/FirstPersonBP/Maps/map1.umap" TEMPLATE=0 SHOWPROGRESS=1 FEATURELEVEL=3
[2016.11.03-18.08.10:365][  0]LightingResults: New page: Lighting Build
[2016.11.03-18.08.10:371][  0]MapCheck: New page: Map Check
[2016.11.03-18.08.10:371][  0]LightingResults: New page: Lighting Build
[2016.11.03-18.08.10:823][  0]LogPackageName: SearchForPackageOnDisk took   0.172s, but failed to resolve Env_Ice_Rocky.
[2016.11.03-18.08.10:823][  0]LogPackageName:Warning: String asset reference "Env_Ice_Rocky.Mesh.Env_Ice_NordHeed01" could not be resolved.
[2016.11.03-18.08.10:824][  0]LogPackageName:Warning: String asset reference "Env_Ice_Rocky.Mesh.Env_Ice_NordHeed01" is in short form, which is unsupported and -- even if valid -- resolving it will be really slow. Please consider resaving package in order to speed-up loading.
[2016.11.03-18.08.10:824][  0]LogPackageName: SearchForPackageOnDisk took   0.146s, but failed to resolve Env_Ice_Rocky.
[2016.11.03-18.08.10:824][  0]LogPackageName:Warning: String asset reference "Env_Ice_Rocky.Mesh.Env_Ice_NordHeed01" could not be resolved.
[2016.11.03-18.08.10:824][  0]LogPackageName:Warning: String asset reference "Fire_Fortress.SM.SM_Fire_Furnace_01" is in short form, which is unsupported and -- even if valid -- resolving it will be really slow. Please consider resaving package in order to speed-up loading.
[2016.11.03-18.08.10:824][  0]LogPackageName: SearchForPackageOnDisk took   0.157s, but failed to resolve Fire_Fortress.
[2016.11.03-18.08.10:824][  0]LogPackageName:Warning: String asset reference "Fire_Fortress.SM.SM_Fire_Furnace_01" could not be resolved.
[2016.11.03-18.08.10:824][  0]LogPackageName:Warning: String asset reference "Fire_Fortress.SM.SM_Fire_Furnace_01" is in short form, which is unsupported and -- even if valid -- resolving it will be really slow. Please consider resaving package in order to speed-up loading.
[2016.11.03-18.08.10:824][  0]LogLinker:Warning: Can't find file '/Game/3DS_Stuff/M_Basic_Wall'
[2016.11.03-18.08.10:824][  0]LogLinker:Warning: Can't find file for asset '/Game/3DS_Stuff/M_Basic_Wall' while loading D:/Users/weston.buck/Desktop/Mult/Content/3DS_Stuff/window90.uasset.
[2016.11.03-18.08.10:824][  0]LoadErrors:Error: Error /Game/3DS_Stuff/window90 : Can't find file for asset. /Game/3DS_Stuff/M_Basic_Wall
[2016.11.03-18.08.10:824][  0]LogLinker:Warning: Can't find file '/Game/3DS_Stuff/M_Basic_Wall'
[2016.11.03-18.08.10:824][  0]LogLinker:Warning: Can't find file for asset '/Game/3DS_Stuff/M_Basic_Wall' while loading D:/Users/weston.buck/Desktop/Mult/Content/3DS_Stuff/window90.uasset.
[2016.11.03-18.08.10:824][  0]LoadErrors:Error: Error /Game/3DS_Stuff/window90 : Can't find file for asset. /Game/3DS_Stuff/M_Basic_Wall
[2016.11.03-18.08.11:057][  0]LogPackageName: SearchForPackageOnDisk took   0.155s, but failed to resolve Fire_Fortress.
[2016.11.03-18.08.11:057][  0]LogPackageName:Warning: String asset reference "Fire_Fortress.SM.SM_Fire_Furnace_01" could not be resolved.
[2016.11.03-18.08.11:243][  0]LogBlueprint:Warning: Compiler Warning  Cast to Player Controller  is deprecated; Use standard Cast To node instead.
[2016.11.03-18.08.11:254][  0]LogBlueprint:Warning: Compiler Warning [0011.34] Compile of FirstPersonGameMode successful, but with 1 Warning(s) [in 18 ms] (/Game/FirstPersonBP/Blueprints/FirstPersonGameMode.FirstPersonGameMode)
[2016.11.03-18.08.11:254][  0]LogBlueprint:Warning: Compiler Warning [0011.34] Compile of FirstPersonGameMode successful, but with 2 Warning(s) [in 0 ms] (/Game/FirstPersonBP/Blueprints/FirstPersonGameMode.FirstPersonGameMode)
[2016.11.03-18.08.11:255][  0]LogBlueprint:Warning: Compiler Warning [0011.34] Compile of FirstPersonGameMode successful, but with 3 Warning(s) [in 0 ms] (/Game/FirstPersonBP/Blueprints/FirstPersonGameMode.FirstPersonGameMode)
[2016.11.03-18.08.11:565][  0]LogBlueprint:Warning: Compiler Warning  Cast to Player Controller  is deprecated; Use standard Cast To node instead.
[2016.11.03-18.08.11:600][  0]LogBlueprint:Warning: Compiler Warning [0011.68] Compile of FirstPersonCharacter successful, but with 1 Warning(s) [in 122 ms] (/Game/FirstPersonBP/Blueprints/FirstPersonCharacter.FirstPersonCharacter)
[2016.11.03-18.08.11:601][  0]LogBlueprint:Warning: Compiler Warning [0011.68] Compile of FirstPersonCharacter successful, but with 2 Warning(s) [in 0 ms] (/Game/FirstPersonBP/Blueprints/FirstPersonCharacter.FirstPersonCharacter)
[2016.11.03-18.08.11:601][  0]LogBlueprint:Warning: Compiler Warning [0011.68] Compile of FirstPersonCharacter successful, but with 3 Warning(s) [in 0 ms] (/Game/FirstPersonBP/Blueprints/FirstPersonCharacter.FirstPersonCharacter)
[2016.11.03-18.08.11:614][  0]LogBlueprint:Warning: Compiler Warning  Cast to Player Controller  is deprecated; Use standard Cast To node instead.
[2016.11.03-18.08.11:625][  0]LogBlueprint:Warning: Compiler Warning [0011.71] Compile of FirstPersonGameMode successful, but with 1 Warning(s) [in 18 ms] (/Game/FirstPersonBP/Blueprints/FirstPersonGameMode.FirstPersonGameMode)
[2016.11.03-18.08.11:625][  0]LogBlueprint:Warning: Compiler Warning [0011.71] Compile of FirstPersonGameMode successful, but with 2 Warning(s) [in 0 ms] (/Game/FirstPersonBP/Blueprints/FirstPersonGameMode.FirstPersonGameMode)
[2016.11.03-18.08.11:630][  0]LogBlueprint:Warning: Compiler Warning [0011.71] Compile of FirstPersonGameMode successful, but with 3 Warning(s) [in 4 ms] (/Game/FirstPersonBP/Blueprints/FirstPersonGameMode.FirstPersonGameMode)
[2016.11.03-18.08.11:789][  0]LogBlueprint:Warning: Compiler Warning  Cast to Player Controller  is deprecated; Use standard Cast To node instead.
[2016.11.03-18.08.11:824][  0]LogBlueprint:Warning: Compiler Warning [0011.91] Compile of FirstPersonCharacter successful, but with 1 Warning(s) [in 126 ms] (/Game/FirstPersonBP/Blueprints/FirstPersonCharacter.FirstPersonCharacter)
[2016.11.03-18.08.11:824][  0]LogBlueprint:Warning: Compiler Warning [0011.91] Compile of FirstPersonCharacter successful, but with 2 Warning(s) [in 0 ms] (/Game/FirstPersonBP/Blueprints/FirstPersonCharacter.FirstPersonCharacter)
[2016.11.03-18.08.11:825][  0]LogBlueprint:Warning: Compiler Warning [0011.91] Compile of FirstPersonCharacter successful, but with 3 Warning(s) [in 0 ms] (/Game/FirstPersonBP/Blueprints/FirstPersonCharacter.FirstPersonCharacter)
[2016.11.03-18.08.12:111][  0]LogPackageName:Warning: String asset reference "Env_Ice_Rocky.Mesh.Env_Ice_MelancholicTroll01" is in short form, which is unsupported and -- even if valid -- resolving it will be really slow. Please consider resaving package in order to speed-up loading.
[2016.11.03-18.08.12:257][  0]LogPackageName: SearchForPackageOnDisk took   0.147s, but failed to resolve Env_Ice_Rocky.
[2016.11.03-18.08.12:258][  0]LogPackageName:Warning: String asset reference "Env_Ice_Rocky.Mesh.Env_Ice_MelancholicTroll01" could not be resolved.
[2016.11.03-18.08.12:278][  0]LogLinker:Warning: Can't find file '/Game/3DS_Stuff/M_Basic_Wall'
[2016.11.03-18.08.12:278][  0]LoadErrors: Info Failed to load /Game/3DS_Stuff/M_Basic_Wall.M_Basic_Wall Referenced by window90
[2016.11.03-18.08.12:278][  0]LogLinker:Warning: Can't find file for asset '/Game/3DS_Stuff/M_Basic_Wall' while loading NULL.
[2016.11.03-18.08.12:278][  0]LoadErrors: Info Failed to load /Game/3DS_Stuff/M_Basic_Wall.M_Basic_Wall Referenced by window90
[2016.11.03-18.08.13:301][  0]LogStaticMesh:Warning: Rebuilding hierarchical instanced mesh component, please resave map FoliageInstancedStaticMeshComponent /Game/FirstPersonBP/Maps/map1.map1:PersistentLevel.InstancedFoliageActor_0.FoliageInstancedStaticMeshComponent_0.
[2016.11.03-18.08.13:370][  0]LogAIModule: Creating AISystem for world map1
[2016.11.03-18.08.13:395][  0]LogEditorServer: Finished looking for orphan Actors (0.000 secs)
[2016.11.03-18.08.13:396][  0]Cmd: MAP CHECKDEP NOCLEARLOG
[2016.11.03-18.08.13:923][  0]MapCheck:Warning: Warning Mesh2P SkeletalMeshComponent /Game/FirstPersonBP/Maps/map1.map1:PersistentLevel.FirstPersonCharacter_C_0.Mesh2P : Externally referenced 
[2016.11.03-18.08.13:923][  0]MapCheck:Warning: Warning FP_Gun SkeletalMeshComponent /Game/FirstPersonBP/Maps/map1.map1:PersistentLevel.FirstPersonCharacter_C_0.FP_Gun : Externally referenced 
[2016.11.03-18.08.13:923][  0]MapCheck:Warning: Warning FoliageInstancedStaticMeshComponent_0 FoliageInstancedStaticMeshComponent /Game/FirstPersonBP/Maps/map1.map1:PersistentLevel.InstancedFoliageActor_0.FoliageInstancedStaticMeshComponent_0 : Externally referenced 
[2016.11.03-18.08.13:923][  0]MapCheck:Warning: Warning FoliageType_InstancedStaticMesh_0 FoliageType_InstancedStaticMesh /Game/FirstPersonBP/Maps/map1.map1:PersistentLevel.InstancedFoliageActor_0.FoliageType_InstancedStaticMesh_0 : Externally referenced 
[2016.11.03-18.08.13:923][  0]MapCheck:Warning: Warning StaticMeshComponent0 StaticMeshComponent /Game/FirstPersonBP/Maps/map1.map1:PersistentLevel.BigWall2_22.StaticMeshComponent0 : Externally referenced 
[2016.11.03-18.08.13:924][  0]MapCheck:Warning: Warning StaticMeshComponent0 StaticMeshComponent /Game/FirstPersonBP/Maps/map1.map1:PersistentLevel.BigWall3.StaticMeshComponent0 : Externally referenced 
[2016.11.03-18.08.13:924][  0]MapCheck:Warning: Warning StaticMeshComponent0 StaticMeshComponent /Game/FirstPersonBP/Maps/map1.map1:PersistentLevel.BigWall4.StaticMeshComponent0 : Externally referenced 
[2016.11.03-18.08.13:924][  0]MapCheck:Warning: Warning StaticMeshComponent0 StaticMeshComponent /Game/FirstPersonBP/Maps/map1.map1:PersistentLevel.BigWall5.StaticMeshComponent0 : Externally referenced 
[2016.11.03-18.08.13:924][  0]MapCheck:Warning: Warning StaticMeshComponent0 StaticMeshComponent /Game/FirstPersonBP/Maps/map1.map1:PersistentLevel.BigWall6.StaticMeshComponent0 : Externally referenced 
[2016.11.03-18.08.13:924][  0]MapCheck:Warning: Warning StaticMeshComponent0 StaticMeshComponent /Game/FirstPersonBP/Maps/map1.map1:PersistentLevel.BigWall_21.StaticMeshComponent0 : Externally referenced 
[2016.11.03-18.08.13:924][  0]MapCheck:Warning: Warning StaticMeshComponent0 StaticMeshComponent /Game/FirstPersonBP/Maps/map1.map1:PersistentLevel.EditorCube10_4.StaticMeshComponent0 : Externally referenced 
[2016.11.03-18.08.13:924][  0]MapCheck:Warning: Warning StaticMeshComponent0 StaticMeshComponent /Game/FirstPersonBP/Maps/map1.map1:PersistentLevel.EditorCube11_5.StaticMeshComponent0 : Externally referenced 
[2016.11.03-18.08.13:924][  0]MapCheck:Warning: Warning StaticMeshComponent0 StaticMeshComponent /Game/FirstPersonBP/Maps/map1.map1:PersistentLevel.EditorCube12_6.StaticMeshComponent0 : Externally referenced 
[2016.11.03-18.08.13:924][  0]MapCheck:Warning: Warning StaticMeshComponent0 StaticMeshComponent /Game/FirstPersonBP/Maps/map1.map1:PersistentLevel.EditorCube13_7.StaticMeshComponent0 : Externally referenced 
[2016.11.03-18.08.13:924][  0]MapCheck:Warning: Warning StaticMeshComponent0 StaticMeshComponent /Game/FirstPersonBP/Maps/map1.map1:PersistentLevel.EditorCube14_8.StaticMeshComponent0 : Externally referenced 
[2016.11.03-18.08.13:924][  0]MapCheck:Warning: Warning StaticMeshComponent0 StaticMeshComponent /Game/FirstPersonBP/Maps/map1.map1:PersistentLevel.EditorCube15_9.StaticMeshComponent0 : Externally referenced 
[2016.11.03-18.08.13:924][  0]MapCheck:Warning: Warning StaticMeshComponent0 StaticMeshComponent /Game/FirstPersonBP/Maps/map1.map1:PersistentLevel.EditorCube16_10.StaticMeshComponent0 : Externally referenced 
[2016.11.03-18.08.13:924][  0]MapCheck:Warning: Warning StaticMeshComponent0 StaticMeshComponent /Game/FirstPersonBP/Maps/map1.map1:PersistentLevel.EditorCube17_11.StaticMeshComponent0 : Externally referenced 
[2016.11.03-18.08.13:924][  0]MapCheck:Warning: Warning StaticMeshComponent0 StaticMeshComponent /Game/FirstPersonBP/Maps/map1.map1:PersistentLevel.EditorCube18_12.StaticMeshComponent0 : Externally referenced 
[2016.11.03-18.08.13:924][  0]MapCheck:Warning: Warning StaticMeshComponent0 StaticMeshComponent /Game/FirstPersonBP/Maps/map1.map1:PersistentLevel.EditorCube19_13.StaticMeshComponent0 : Externally referenced 
[2016.11.03-18.08.13:924][  0]MapCheck:Warning: Warning StaticMeshComponent0 StaticMeshComponent /Game/FirstPersonBP/Maps/map1.map1:PersistentLevel.EditorCube20_14.StaticMeshComponent0 : Externally referenced 
[2016.11.03-18.08.13:924][  0]MapCheck:Warning: Warning StaticMeshComponent0 StaticMeshComponent /Game/FirstPersonBP/Maps/map1.map1:PersistentLevel.EditorCube21_15.StaticMeshComponent0 : Externally referenced 
[2016.11.03-18.08.13:924][  0]MapCheck:Warning: Warning StaticMeshComponent0 StaticMeshComponent /Game/FirstPersonBP/Maps/map1.map1:PersistentLevel.EditorCube22.StaticMeshComponent0 : Externally referenced 
[2016.11.03-18.08.13:924][  0]MapCheck:Warning: Warning StaticMeshComponent0 StaticMeshComponent /Game/FirstPersonBP/Maps/map1.map1:PersistentLevel.EditorCube23.StaticMeshComponent0 : Externally referenced 
[2016.11.03-18.08.13:925][  0]MapCheck:Warning: Warning StaticMeshComponent0 StaticMeshComponent /Game/FirstPersonBP/Maps/map1.map1:PersistentLevel.EditorCube24.StaticMeshComponent0 : Externally referenced 
[2016.11.03-18.08.13:925][  0]MapCheck:Warning: Warning StaticMeshComponent0 StaticMeshComponent /Game/FirstPersonBP/Maps/map1.map1:PersistentLevel.EditorCube25.StaticMeshComponent0 : Externally referenced 
[2016.11.03-18.08.13:925][  0]MapCheck:Warning: Warning StaticMeshComponent0 StaticMeshComponent /Game/FirstPersonBP/Maps/map1.map1:PersistentLevel.EditorCube26.StaticMeshComponent0 : Externally referenced 
[2016.11.03-18.08.13:925][  0]MapCheck:Warning: Warning StaticMeshComponent0 StaticMeshComponent /Game/FirstPersonBP/Maps/map1.map1:PersistentLevel.EditorCube27.StaticMeshComponent0 : Externally referenced 
[2016.11.03-18.08.13:925][  0]MapCheck:Warning: Warning StaticMeshComponent0 StaticMeshComponent /Game/FirstPersonBP/Maps/map1.map1:PersistentLevel.EditorCube28.StaticMeshComponent0 : Externally referenced 
[2016.11.03-18.08.13:925][  0]MapCheck:Warning: Warning StaticMeshComponent0 StaticMeshComponent /Game/FirstPersonBP/Maps/map1.map1:PersistentLevel.EditorCube29.StaticMeshComponent0 : Externally referenced 
[2016.11.03-18.08.13:925][  0]MapCheck:Warning: Warning StaticMeshComponent0 StaticMeshComponent /Game/FirstPersonBP/Maps/map1.map1:PersistentLevel.EditorCube30.StaticMeshComponent0 : Externally referenced 
[2016.11.03-18.08.13:925][  0]MapCheck:Warning: Warning StaticMeshComponent0 StaticMeshComponent /Game/FirstPersonBP/Maps/map1.map1:PersistentLevel.EditorCube31.StaticMeshComponent0 : Externally referenced 
[2016.11.03-18.08.13:925][  0]MapCheck:Warning: Warning StaticMeshComponent0 StaticMeshComponent /Game/FirstPersonBP/Maps/map1.map1:PersistentLevel.EditorCube32.StaticMeshComponent0 : Externally referenced 
[2016.11.03-18.08.13:925][  0]MapCheck:Warning: Warning StaticMeshComponent0 StaticMeshComponent /Game/FirstPersonBP/Maps/map1.map1:PersistentLevel.EditorCube33.StaticMeshComponent0 : Externally referenced 
[2016.11.03-18.08.13:925][  0]MapCheck:Warning: Warning StaticMeshComponent0 StaticMeshComponent /Game/FirstPersonBP/Maps/map1.map1:PersistentLevel.EditorCube8_2.StaticMeshComponent0 : Externally referenced 
[2016.11.03-18.08.13:925][  0]MapCheck:Warning: Warning StaticMeshComponent0 StaticMeshComponent /Game/FirstPersonBP/Maps/map1.map1:PersistentLevel.EditorCube9_3.StaticMeshComponent0 : Externally referenced 
[2016.11.03-18.08.13:925][  0]MapCheck:Warning: Warning StaticMeshComponent0 StaticMeshComponent /Game/FirstPersonBP/Maps/map1.map1:PersistentLevel.Env_Fire_MelancholicTroll01_16.StaticMeshComponent0 : Externally referenced 
[2016.11.03-18.08.13:925][  0]MapCheck:Warning: Warning StaticMeshComponent0 StaticMeshComponent /Game/FirstPersonBP/Maps/map1.map1:PersistentLevel.Floor2.StaticMeshComponent0 : Externally referenced 
[2016.11.03-18.08.13:925][  0]MapCheck:Warning: Warning StaticMeshComponent0 StaticMeshComponent /Game/FirstPersonBP/Maps/map1.map1:PersistentLevel.Floor3.StaticMeshComponent0 : Externally referenced 
[2016.11.03-18.08.13:925][  0]MapCheck:Warning: Warning StaticMeshComponent0 StaticMeshComponent /Game/FirstPersonBP/Maps/map1.map1:PersistentLevel.Floor4.StaticMeshComponent0 : Externally referenced 
[2016.11.03-18.08.13:925][  0]MapCheck:Warning: Warning StaticMeshComponent0 StaticMeshComponent /Game/FirstPersonBP/Maps/map1.map1:PersistentLevel.Floor_16.StaticMeshComponent0 : Externally referenced 
[2016.11.03-18.08.13:925][  0]MapCheck:Warning: Warning StaticMeshComponent0 StaticMeshComponent /Game/FirstPersonBP/Maps/map1.map1:PersistentLevel.SM_Fire_Fort_Stair_10.StaticMeshComponent0 : Externally referenced 
[2016.11.03-18.08.13:926][  0]MapCheck:Warning: Warning StaticMeshComponent0 StaticMeshComponent /Game/FirstPersonBP/Maps/map1.map1:PersistentLevel.SM_Stairs2_8.StaticMeshComponent0 : Externally referenced 
[2016.11.03-18.08.13:926][  0]MapCheck:Warning: Warning StaticMeshComponent0 StaticMeshComponent /Game/FirstPersonBP/Maps/map1.map1:PersistentLevel.SM_Stairs3.StaticMeshComponent0 : Externally referenced 
[2016.11.03-18.08.13:926][  0]MapCheck:Warning: Warning StaticMeshComponent0 StaticMeshComponent /Game/FirstPersonBP/Maps/map1.map1:PersistentLevel.SM_Stairs4.StaticMeshComponent0 : Externally referenced 
[2016.11.03-18.08.13:926][  0]MapCheck:Warning: Warning StaticMeshComponent0 StaticMeshComponent /Game/FirstPersonBP/Maps/map1.map1:PersistentLevel.SM_Stairs5.StaticMeshComponent0 : Externally referenced 
[2016.11.03-18.08.13:926][  0]MapCheck:Warning: Warning StaticMeshComponent0 StaticMeshComponent /Game/FirstPersonBP/Maps/map1.map1:PersistentLevel.SM_Stairs6.StaticMeshComponent0 : Externally referenced 
[2016.11.03-18.08.13:926][  0]MapCheck:Warning: Warning StaticMeshComponent0 StaticMeshComponent /Game/FirstPersonBP/Maps/map1.map1:PersistentLevel.SM_Stairs_4.StaticMeshComponent0 : Externally referenced 
[2016.11.03-18.08.13:926][  0]MapCheck:Warning: Warning StaticMeshComponent0 StaticMeshComponent /Game/FirstPersonBP/Maps/map1.map1:PersistentLevel.Wall10.StaticMeshComponent0 : Externally referenced 
[2016.11.03-18.08.13:926][  0]MapCheck:Warning: Warning StaticMeshComponent0 StaticMeshComponent /Game/FirstPersonBP/Maps/map1.map1:PersistentLevel.Wall11.StaticMeshComponent0 : Externally referenced 
[2016.11.03-18.08.13:926][  0]MapCheck:Warning: Warning StaticMeshComponent0 StaticMeshComponent /Game/FirstPersonBP/Maps/map1.map1:PersistentLevel.Wall12.StaticMeshComponent0 : Externally referenced 
[2016.11.03-18.08.13:926][  0]MapCheck:Warning: Warning StaticMeshComponent0 StaticMeshComponent /Game/FirstPersonBP/Maps/map1.map1:PersistentLevel.Wall1_17.StaticMeshComponent0 : Externally referenced 
[2016.11.03-18.08.13:926][  0]MapCheck:Warning: Warning StaticMeshComponent0 StaticMeshComponent /Game/FirstPersonBP/Maps/map1.map1:PersistentLevel.Wall2_18.StaticMeshComponent0 : Externally referenced 
[2016.11.03-18.08.13:926][  0]MapCheck:Warning: Warning StaticMeshComponent0 StaticMeshComponent /Game/FirstPersonBP/Maps/map1.map1:PersistentLevel.Wall3_19.StaticMeshComponent0 : Externally referenced 
[2016.11.03-18.08.13:926][  0]MapCheck:Warning: Warning StaticMeshComponent0 StaticMeshComponent /Game/FirstPersonBP/Maps/map1.map1:PersistentLevel.Wall4.StaticMeshComponent0 : Externally referenced 
[2016.11.03-18.08.13:926][  0]MapCheck:Warning: Warning StaticMeshComponent0 StaticMeshComponent /Game/FirstPersonBP/Maps/map1.map1:PersistentLevel.Wall5.StaticMeshComponent0 : Externally referenced 
[2016.11.03-18.08.13:926][  0]MapCheck:Warning: Warning StaticMeshComponent0 StaticMeshComponent /Game/FirstPersonBP/Maps/map1.map1:PersistentLevel.Wall6.StaticMeshComponent0 : Externally referenced 
[2016.11.03-18.08.13:926][  0]MapCheck:Warning: Warning StaticMeshComponent0 StaticMeshComponent /Game/FirstPersonBP/Maps/map1.map1:PersistentLevel.Wall7.StaticMeshComponent0 : Externally referenced 
[2016.11.03-18.08.13:926][  0]MapCheck:Warning: Warning StaticMeshComponent0 StaticMeshComponent /Game/FirstPersonBP/Maps/map1.map1:PersistentLevel.Wall8.StaticMeshComponent0 : Externally referenced 
[2016.11.03-18.08.13:926][  0]MapCheck:Warning: Warning StaticMeshComponent0 StaticMeshComponent /Game/FirstPersonBP/Maps/map1.map1:PersistentLevel.Wall9.StaticMeshComponent0 : Externally referenced 
[2016.11.03-18.08.13:926][  0]MapCheck:Warning: Warning FirstPerson_AnimBP_C_0 FirstPerson_AnimBP_C /Game/FirstPersonBP/Maps/map1.map1:PersistentLevel.FirstPersonCharacter_C_0.TRASH_SkeletalMeshComponent_1.FirstPerson_AnimBP_C_0 : Externally referenced 
[2016.11.03-18.08.13:927][  0]MapCheck:Warning: Warning FirstPerson_AnimBP_C_1 FirstPerson_AnimBP_C /Game/FirstPersonBP/Maps/map1.map1:PersistentLevel.FirstPersonCharacter_C_0.Mesh2P.FirstPerson_AnimBP_C_1 : Externally referenced 
[2016.11.03-18.08.13:927][  0]MapCheck: Info Map check complete: 0 Error(s), 62 Warning(s), took 530.582ms to complete.
[2016.11.03-18.08.14:010][  0]LogFileHelpers: Loading map 'map1' took 3.646
[2016.11.03-18.08.14:352][  0]LogCollectionManager: Loaded 0 collections in 0.004469 seconds
[2016.11.03-18.08.14:417][  0]LogFileCache: Scanning file cache for directory 'D:/Users/weston.buck/Desktop/Mult/Saved/Collections/' took 0.01s
[2016.11.03-18.08.14:417][  0]LogFileCache: Scanning file cache for directory 'D:/Users/weston.buck/Desktop/Mult/Content/Developers/westonbuck/Collections/' took 0.01s
[2016.11.03-18.08.14:417][  0]LogFileCache: Scanning file cache for directory 'D:/Users/weston.buck/Desktop/Mult/Content/Collections/' took 0.01s
[2016.11.03-18.08.14:417][  0]LogCollectionManager: Rebuilt the GUID cache for 0 collections in 0.000005 seconds
[2016.11.03-18.08.14:433][  0]LogContentBrowser: Native class hierarchy populated in 0.0157 seconds. Added 2062 classes and 375 folders.
[2016.11.03-18.08.14:444][  0]LogStats: UGameplayTagsManager::ConstructGameplayTagTree: Construct from data asset -  0.000 s
[2016.11.03-18.08.14:444][  0]LogStats: UGameplayTagsManager::ConstructGameplayTagTree: GameplayTagTreeChangedEvent.Broadcast -  0.000 s
[2016.11.03-18.08.14:446][  0]LogContentBrowser: Native class hierarchy updated for 'GameplayTags' in 0.0013 seconds. Added 12 classes and 0 folders.
[2016.11.03-18.08.14:461][  0]LogContentBrowser: Native class hierarchy updated for 'WidgetCarousel' in 0.0010 seconds. Added 0 classes and 0 folders.
[2016.11.03-18.08.14:548][  0]LogContentBrowser: Native class hierarchy updated for 'AddContentDialog' in 0.0008 seconds. Added 0 classes and 0 folders.
[2016.11.03-18.08.14:558][  0]LogContentBrowser: Native class hierarchy updated for 'SceneOutliner' in 0.0011 seconds. Added 1 classes and 2 folders.
[2016.11.03-18.08.14:591][  0]LogCrashTracker: Crashtracker disabled due to settings.
[2016.11.03-18.08.14:620][  0]LogUObjectGlobals:Warning: Failed to find object 'Class None.'
[2016.11.03-18.08.14:652][  0]LogContentBrowser: Native class hierarchy updated for 'HierarchicalLODOutliner' in 0.0008 seconds. Added 1 classes and 2 folders.
[2016.11.03-18.08.14:652][  0]LogLoad: Full Startup: 14.73 seconds (BP compile: 0.59 seconds)
[2016.11.03-18.08.14:652][  0]LogExternalProfiler: Found external profiler: VSPerf
[2016.11.03-18.08.14:652][  0]LogExternalProfiler: Using external profiler: VSPerf
[2016.11.03-18.08.14:996][  0]LogOcInput: OculusInput pre-init called
[2016.11.03-18.08.15:029][  0]LogContentStreaming: Texture pool size now 1000 MB
[2016.11.03-18.08.15:371][  0]LogRenderer: Reallocating scene render targets to support 1616x808 (Frame:2).
[2016.11.03-18.08.15:573][  1]LogFileCache: Retrieving MD5 hashes for directory 'D:/Users/weston.buck/Desktop/Mult/Content/' took 0.58s
[2016.11.03-18.08.16:590][  4]LogAssetRegistry: Asset discovery search completed in 10.5649 seconds
[2016.11.03-18.08.16:590][  4]LogCollectionManager: Rebuilt the object cache for 0 collections in 0.000001 seconds (found 0 objects)
[2016.11.03-18.08.16:590][  4]LogCollectionManager: Fixed up redirectors for 0 collections in 0.000052 seconds (updated 0 objects)
[2016.11.03-18.08.54:538][713]LogSourceControl:Error: 'D:/Users/weston.buck/Desktop/Mult/' is not part of a Git repository
[2016.11.03-18.09.03:354][649]SourceControl: Info On branch master
[2016.11.03-18.09.03:354][649]SourceControl: Info Initial commit
[2016.11.03-18.09.03:354][649]SourceControl: Info Changes to be committed:
[2016.11.03-18.09.03:354][649]SourceControl: Info   (use "git rm --cached <file>..." to unstage)
[2016.11.03-18.09.03:354][649]SourceControl: Info 	new file:   .gitignore
[2016.11.03-18.09.03:354][649]SourceControl: Info 	new file:   Config/DefaultEditor.ini
[2016.11.03-18.09.03:354][649]SourceControl: Info 	new file:   Config/DefaultEditorPerProjectUserSettings.ini
[2016.11.03-18.09.03:354][649]SourceControl: Info 	new file:   Config/DefaultEngine.ini
[2016.11.03-18.09.03:354][649]SourceControl: Info 	new file:   Config/DefaultGame.ini
[2016.11.03-18.09.03:354][649]SourceControl: Info 	new file:   Config/DefaultInput.ini
[2016.11.03-18.09.03:354][649]SourceControl: Info 	new file:   Mult.uproject
[2016.11.03-18.09.03:354][649]SourceControl: Info Untracked files:
[2016.11.03-18.09.03:354][649]SourceControl: Info   (use "git add <file>..." to include in what will be committed)
[2016.11.03-18.09.03:354][649]SourceControl: Info 	Content/
[2016.11.03-18.09.33:046][931]SourceControl: Info On branch master
[2016.11.03-18.09.33:046][931]SourceControl: Info Initial commit
[2016.11.03-18.09.33:046][931]SourceControl: Info Changes to be committed:
[2016.11.03-18.09.33:046][931]SourceControl: Info   (use "git rm --cached <file>..." to unstage)
[2016.11.03-18.09.33:046][931]SourceControl: Info 	new file:   .gitignore
[2016.11.03-18.09.33:046][931]SourceControl: Info 	new file:   Config/DefaultEditor.ini
[2016.11.03-18.09.33:046][931]SourceControl: Info 	new file:   Config/DefaultEditorPerProjectUserSettings.ini
[2016.11.03-18.09.33:046][931]SourceControl: Info 	new file:   Config/DefaultEngine.ini
[2016.11.03-18.09.33:046][931]SourceControl: Info 	new file:   Config/DefaultGame.ini
[2016.11.03-18.09.33:047][931]SourceControl: Info 	new file:   Config/DefaultInput.ini
[2016.11.03-18.09.33:047][931]SourceControl: Info 	new file:   Mult.uproject
[2016.11.03-18.09.33:047][931]SourceControl: Info Untracked files:
[2016.11.03-18.09.33:047][931]SourceControl: Info   (use "git add <file>..." to include in what will be committed)
[2016.11.03-18.09.33:047][931]SourceControl: Info 	Content/
[2016.11.03-18.09.36:239][264]SourceControl: Info fatal: C:/Program Files (x86)/Epic Games/4.12/Engine/Content/: 'C:/Program Files (x86)/Epic Games/4.12/Engine/Content/' is outside repository
[2016.11.03-18.09.36:421][264]EditorErrors:Warning: Warning No assets to check in!
[2016.11.03-18.10.40:216][978]LogText:Warning: Failed to parse argument "GameModeName" as a number (using "0" as a fallback). Please check your format string for errors: "GameMode: Edit {GameModeName}".
[2016.11.03-18.10.46:418][598]LogContentBrowser: Native class hierarchy updated for 'BlueprintGraph' in 0.0016 seconds. Added 111 classes and 0 folders.
[2016.11.03-18.11.16:503][472]SourceControl: Info fatal: C:/Program Files (x86)/Epic Games/4.12/Engine/Content/: 'C:/Program Files (x86)/Epic Games/4.12/Engine/Content/' is outside repository
[2016.11.03-18.11.42:128][ 49]SourceControl:Error: Error error: pathspec 'D:/Users/weston.buck/Desktop/Mult/Content/FirstPersonBP/Blueprints/FirstPersonCharacter.uasset' did not match any file(s) known to git.
[2016.11.03-18.12.40:173][ 63]SourceControl:Error: Error Failed to enable Git source control. You need to initialize the project as a Git repository first.
[2016.11.03-18.12.47:073][734]SourceControl: Info Source control is disabled
[2016.11.03-18.13.37:870][ 60]LogWindowsTextInputMethodSystem:Display: IME system now deactivated.
[2016.11.03-18.13.37:870][ 60]LogWindowsTextInputMethodSystem:Display: IME system now deactivated.
[2016.11.03-18.13.38:141][ 61]Cmd: QUIT_EDITOR
[2016.11.03-18.13.38:268][ 61]LogExit: Preparing to exit.
[2016.11.03-18.13.39:407][ 61]LogExit: Editor shut down
[2016.11.03-18.13.39:408][ 61]LogExit: Transaction tracking system shut down
[2016.11.03-18.13.39:723][ 61]LogObj: Freed 0b from 0 cluster array pools.
[2016.11.03-18.13.39:723][ 61]LogExit: Object subsystem successfully closed.
[2016.11.03-18.13.39:749][ 61]LogD3D11RHI: Shutdown
[2016.11.03-18.13.39:749][ 61]LogD3D11RHI: CleanupD3DDevice
[2016.11.03-18.13.39:874][ 61]LogD3D11RHI: ~FD3D11DynamicRHI
[2016.11.03-18.13.39:908][ 61]LogModuleManager: Shutting down and abandoning module BlueprintGraph (216)
[2016.11.03-18.13.39:908][ 61]LogModuleManager: Shutting down and abandoning module HierarchicalLODOutliner (215)
[2016.11.03-18.13.39:908][ 61]LogModuleManager: Shutting down and abandoning module CrashTracker (214)
[2016.11.03-18.13.39:908][ 61]LogModuleManager: Shutting down and abandoning module SceneOutliner (213)
[2016.11.03-18.13.39:908][ 61]LogModuleManager: Shutting down and abandoning module WidgetCarousel (212)
[2016.11.03-18.13.39:908][ 61]LogModuleManager: Shutting down and abandoning module AddContentDialog (211)
[2016.11.03-18.13.39:911][ 61]LogModuleManager: Shutting down and abandoning module GameplayTags (210)
[2016.11.03-18.13.39:911][ 61]LogModuleManager: Shutting down and abandoning module EditorWidgets (209)
[2016.11.03-18.13.39:911][ 61]LogModuleManager: Shutting down and abandoning module CollectionManager (208)
[2016.11.03-18.13.39:911][ 61]LogModuleManager: Shutting down and abandoning module StatsViewer (207)
[2016.11.03-18.13.39:911][ 61]LogModuleManager: Shutting down and abandoning module FoliageEdit (206)
[2016.11.03-18.13.39:912][ 61]LogModuleManager: Shutting down and abandoning module LandscapeEditor (205)
[2016.11.03-18.13.39:912][ 61]LogModuleManager: Shutting down and abandoning module SceneDepthPickerMode (204)
[2016.11.03-18.13.39:912][ 61]LogModuleManager: Shutting down and abandoning module ActorPickerMode (203)
[2016.11.03-18.13.39:912][ 61]LogModuleManager: Shutting down and abandoning module GeometryMode (202)
[2016.11.03-18.13.39:912][ 61]LogModuleManager: Shutting down and abandoning module TextureAlignMode (201)
[2016.11.03-18.13.39:912][ 61]LogModuleManager: Shutting down and abandoning module BspMode (200)
[2016.11.03-18.13.39:912][ 61]LogModuleManager: Shutting down and abandoning module HardwareSurvey (199)
[2016.11.03-18.13.39:912][ 61]LogModuleManager: Shutting down and abandoning module SequenceRecorderSections (198)
[2016.11.03-18.13.39:912][ 61]LogModuleManager: Shutting down and abandoning module SequenceRecorder (197)
[2016.11.03-18.13.39:912][ 61]LogModuleManager: Shutting down and abandoning module AutomationWorker (196)
[2016.11.03-18.13.39:912][ 61]LogModuleManager: Shutting down and abandoning module MatineeToLevelSequence (195)
[2016.11.03-18.13.39:912][ 61]LogModuleManager: Shutting down and abandoning module PlacementMode (194)
[2016.11.03-18.13.39:912][ 61]LogModuleManager: Shutting down and abandoning module LevelSequenceEditor (193)
[2016.11.03-18.13.39:912][ 61]LogModuleManager: Shutting down and abandoning module CharacterAI (192)
[2016.11.03-18.13.39:912][ 61]LogModuleManager: Shutting down and abandoning module SmartSnapping (191)
[2016.11.03-18.13.39:913][ 61]LogModuleManager: Shutting down and abandoning module SessionServices (190)
[2016.11.03-18.13.39:913][ 61]LogModuleManager: Shutting down and abandoning module ViewportSnapping (189)
[2016.11.03-18.13.39:913][ 61]LogModuleManager: Shutting down and abandoning module LogVisualizer (188)
[2016.11.03-18.13.39:913][ 61]LogModuleManager: Shutting down and abandoning module GameProjectGeneration (187)
[2016.11.03-18.13.39:913][ 61]LogModuleManager: Shutting down and abandoning module IntroTutorials (186)
[2016.11.03-18.13.39:913][ 61]LogModuleManager: Shutting down and abandoning module EditorLiveStreaming (185)
[2016.11.03-18.13.39:913][ 61]LogModuleManager: Shutting down and abandoning module IOSPlatformEditor (184)
[2016.11.03-18.13.39:913][ 61]LogModuleManager: Shutting down and abandoning module HTML5PlatformEditor (183)
[2016.11.03-18.13.39:913][ 61]LogModuleManager: Shutting down and abandoning module AndroidDeviceDetection (182)
[2016.11.03-18.13.40:027][ 61]LogModuleManager: Shutting down and abandoning module AndroidPlatformEditor (181)
[2016.11.03-18.13.40:027][ 61]LogModuleManager: Shutting down and abandoning module IOSRuntimeSettings (180)
[2016.11.03-18.13.40:027][ 61]LogModuleManager: Shutting down and abandoning module AndroidRuntimeSettings (179)
[2016.11.03-18.13.40:027][ 61]LogModuleManager: Shutting down and abandoning module MergeActors (178)
[2016.11.03-18.13.40:027][ 61]LogModuleManager: Shutting down and abandoning module SizeMap (177)
[2016.11.03-18.13.40:027][ 61]LogModuleManager: Shutting down and abandoning module TreeMap (176)
[2016.11.03-18.13.40:027][ 61]LogModuleManager: Shutting down and abandoning module ReferenceViewer (175)
[2016.11.03-18.13.40:027][ 61]LogModuleManager: Shutting down and abandoning module LocalizationService (174)
[2016.11.03-18.13.40:027][ 61]LogModuleManager: Shutting down and abandoning module LocalizationDashboard (173)
[2016.11.03-18.13.40:027][ 61]LogModuleManager: Shutting down and abandoning module HardwareTargeting (172)
[2016.11.03-18.13.40:027][ 61]LogModuleManager: Shutting down and abandoning module DeviceProfileEditor (171)
[2016.11.03-18.13.40:027][ 61]LogModuleManager: Shutting down and abandoning module UndoHistory (170)
[2016.11.03-18.13.40:027][ 61]LogModuleManager: Shutting down and abandoning module UserFeedback (169)
[2016.11.03-18.13.40:027][ 61]LogModuleManager: Shutting down and abandoning module XmlParser (168)
[2016.11.03-18.13.40:028][ 61]LogModuleManager: Shutting down and abandoning module Blutility (167)
[2016.11.03-18.13.40:028][ 61]LogModuleManager: Shutting down and abandoning module ProjectTargetPlatformEditor (166)
[2016.11.03-18.13.40:028][ 61]LogModuleManager: Shutting down and abandoning module ProjectSettingsViewer (165)
[2016.11.03-18.13.40:028][ 61]LogModuleManager: Shutting down and abandoning module InputBindingEditor (164)
[2016.11.03-18.13.40:028][ 61]LogModuleManager: Shutting down and abandoning module EditorSettingsViewer (163)
[2016.11.03-18.13.40:028][ 61]LogModuleManager: Shutting down and abandoning module SettingsEditor (162)
[2016.11.03-18.13.40:028][ 61]LogModuleManager: Shutting down and abandoning module ProjectLauncher (161)
[2016.11.03-18.13.40:028][ 61]LogModuleManager: Shutting down and abandoning module SessionFrontend (160)
[2016.11.03-18.13.40:028][ 61]LogModuleManager: Shutting down and abandoning module ProfilerClient (159)
[2016.11.03-18.13.40:028][ 61]LogModuleManager: Shutting down and abandoning module TargetDeviceServices (158)
[2016.11.03-18.13.40:029][ 61]LogModuleManager: Shutting down and abandoning module DeviceManager (157)
[2016.11.03-18.13.40:071][ 61]LogModuleManager: Shutting down and abandoning module AutomationController (156)
[2016.11.03-18.13.40:071][ 61]LogModuleManager: Shutting down and abandoning module AutomationWindow (155)
[2016.11.03-18.13.40:071][ 61]LogModuleManager: Shutting down and abandoning module Layers (154)
[2016.11.03-18.13.40:071][ 61]LogModuleManager: Shutting down and abandoning module ComponentVisualizers (153)
[2016.11.03-18.13.40:071][ 61]LogModuleManager: Shutting down and abandoning module DetailCustomizations (152)
[2016.11.03-18.13.40:071][ 61]LogModuleManager: Shutting down and abandoning module PackagesDialog (151)
[2016.11.03-18.13.40:072][ 61]LogModuleManager: Shutting down and abandoning module Persona (150)
[2016.11.03-18.13.40:072][ 61]LogModuleManager: Shutting down and abandoning module Kismet (149)
[2016.11.03-18.13.40:072][ 61]LogModuleManager: Shutting down and abandoning module GraphEditor (148)
[2016.11.03-18.13.40:072][ 61]LogModuleManager: Shutting down and abandoning module ClassViewer (147)
[2016.11.03-18.13.40:072][ 61]LogModuleManager: Shutting down and abandoning module Toolbox (146)
[2016.11.03-18.13.40:072][ 61]LogModuleManager: Shutting down and abandoning module ModuleUI (145)
[2016.11.03-18.13.40:072][ 61]LogModuleManager: Shutting down and abandoning module MovieSceneTools (144)
[2016.11.03-18.13.40:072][ 61]LogModuleManager: Shutting down and abandoning module OutputLog (143)
[2016.11.03-18.13.40:072][ 61]LogModuleManager: Shutting down and abandoning module GammaUI (142)
[2016.11.03-18.13.40:072][ 61]LogModuleManager: Shutting down and abandoning module Documentation (141)
[2016.11.03-18.13.40:072][ 61]LogModuleManager: Shutting down and abandoning module StreamingPauseRendering (140)
[2016.11.03-18.13.40:072][ 61]LogModuleManager: Shutting down and abandoning module AnalyticsET (139)
[2016.11.03-18.13.40:072][ 61]LogModuleManager: Shutting down and abandoning module Analytics (138)
[2016.11.03-18.13.40:072][ 61]LogModuleManager: Shutting down and abandoning module PortalServices (137)
[2016.11.03-18.13.40:072][ 61]LogModuleManager: Shutting down and abandoning module PortalRpc (136)
[2016.11.03-18.13.40:072][ 61]LogModuleManager: Shutting down and abandoning module MessagingRpc (135)
[2016.11.03-18.13.40:072][ 61]LogModuleManager: Shutting down and abandoning module GameplayDebugger (134)
[2016.11.03-18.13.40:073][ 61]LogModuleManager: Shutting down and abandoning module AITestSuite (133)
[2016.11.03-18.13.40:073][ 61]LogModuleManager: Shutting down and abandoning module AIModule (132)
[2016.11.03-18.13.40:073][ 61]LogModuleManager: Shutting down and abandoning module ProfilerService (131)
[2016.11.03-18.13.40:148][ 61]LogModuleManager: Shutting down and abandoning module TaskGraph (130)
[2016.11.03-18.13.40:148][ 61]LogModuleManager: Shutting down and abandoning module SubstanceEditor (129)
[2016.11.03-18.13.40:148][ 61]LogModuleManager: Shutting down and abandoning module SlateRemote (128)
[2016.11.03-18.13.40:148][ 61]LogModuleManager: Shutting down and abandoning module SteamVRController (127)
[2016.11.03-18.13.40:148][ 61]LogModuleManager: Shutting down and abandoning module SteamVR (126)
[2016.11.03-18.13.40:148][ 61]LogModuleManager: Shutting down and abandoning module ProceduralMeshComponent (125)
[2016.11.03-18.13.40:148][ 61]LogModuleManager: Shutting down and abandoning module OculusLibrary (124)
[2016.11.03-18.13.40:148][ 61]LogModuleManager: Shutting down and abandoning module OculusInput (123)
[2016.11.03-18.13.40:148][ 61]LogModuleManager: Shutting down and abandoning module CustomMeshComponent (122)
[2016.11.03-18.13.40:148][ 61]LogModuleManager: Shutting down and abandoning module CableComponent (121)
[2016.11.03-18.13.40:148][ 61]LogModuleManager: Shutting down and abandoning module ArchVisCharacter (120)
[2016.11.03-18.13.40:148][ 61]LogModuleManager: Shutting down and abandoning module MediaPlayerEditor (119)
[2016.11.03-18.13.40:148][ 61]LogModuleManager: Shutting down and abandoning module HTML5Networking (118)
[2016.11.03-18.13.40:148][ 61]LogModuleManager: Shutting down and abandoning module SuperSearch (117)
[2016.11.03-18.13.40:148][ 61]LogModuleManager: Shutting down and abandoning module SuperSearchEditor (116)
[2016.11.03-18.13.40:148][ 61]LogModuleManager: Shutting down and abandoning module SpeedTreeImporter (115)
[2016.11.03-18.13.40:148][ 61]LogModuleManager: Shutting down and abandoning module PluginBrowser (114)
[2016.11.03-18.13.40:148][ 61]LogModuleManager: Shutting down and abandoning module EpicSurvey (113)
[2016.11.03-18.13.40:148][ 61]LogModuleManager: Shutting down and abandoning module DesktopPlatform (112)
[2016.11.03-18.13.40:148][ 61]LogModuleManager: Shutting down and abandoning module VisualStudioSourceCodeAccess (111)
[2016.11.03-18.13.40:148][ 61]LogModuleManager: Shutting down and abandoning module UObjectPlugin (110)
[2016.11.03-18.13.40:148][ 61]LogModuleManager: Shutting down and abandoning module SubversionSourceControl (109)
[2016.11.03-18.13.40:149][ 61]LogModuleManager: Shutting down and abandoning module PerforceSourceControl (108)
[2016.11.03-18.13.40:149][ 61]LogModuleManager: Shutting down and abandoning module SourceControl (107)
[2016.11.03-18.13.40:149][ 61]LogModuleManager: Shutting down and abandoning module GitSourceControl (106)
[2016.11.03-18.13.40:149][ 61]LogModuleManager: Shutting down and abandoning module LightPropagationVolumeEditor (105)
[2016.11.03-18.13.40:149][ 61]LogModuleManager: Shutting down and abandoning module PaperTiledImporter (104)
[2016.11.03-18.13.40:149][ 61]LogModuleManager: Shutting down and abandoning module PaperSpriteSheetImporter (103)
[2016.11.03-18.13.40:149][ 61]LogModuleManager: Shutting down and abandoning module MeshPaint (102)
[2016.11.03-18.13.40:149][ 61]LogModuleManager: Shutting down and abandoning module PixelInspectorModule (101)
[2016.11.03-18.13.40:149][ 61]LogModuleManager: Shutting down and abandoning module HotReload (100)
[2016.11.03-18.13.40:150][ 61]LogModuleManager: Shutting down and abandoning module MainFrame (99)
[2016.11.03-18.13.40:150][ 61]LogModuleManager: Shutting down and abandoning module LevelEditor (98)
[2016.11.03-18.13.40:151][ 61]LogModuleManager: Shutting down and abandoning module ContentBrowser (97)
[2016.11.03-18.13.40:153][ 61]LogModuleManager: Shutting down and abandoning module Paper2DEditor (96)
[2016.11.03-18.13.40:153][ 61]LogModuleManager: Shutting down and abandoning module UdpMessaging (95)
[2016.11.03-18.13.40:254][ 61]LogModuleManager: Shutting down and abandoning module SubstanceCore (94)
[2016.11.03-18.13.40:254][ 61]LogModuleManager: Shutting down and abandoning module LightPropagationVolumeRuntime (93)
[2016.11.03-18.13.40:254][ 61]LogModuleManager: Shutting down and abandoning module Paper2D (92)
[2016.11.03-18.13.40:254][ 61]LogModuleManager: Shutting down and abandoning module WindowsMoviePlayer (91)
[2016.11.03-18.13.40:254][ 61]LogModuleManager: Shutting down and abandoning module Media (90)
[2016.11.03-18.13.40:254][ 61]LogModuleManager: Shutting down and abandoning module WmfMedia (89)
[2016.11.03-18.13.40:254][ 61]LogModuleManager: Shutting down and abandoning module MediaAssets (88)
[2016.11.03-18.13.40:254][ 61]LogModuleManager: Shutting down and abandoning module GameLiveStreaming (87)
[2016.11.03-18.13.40:254][ 61]LogModuleManager: Shutting down and abandoning module GameplayTagsEditor (86)
[2016.11.03-18.13.40:254][ 61]LogModuleManager: Shutting down and abandoning module OnlineBlueprintSupport (85)
[2016.11.03-18.13.40:254][ 61]LogModuleManager: Shutting down and abandoning module VREditor (84)
[2016.11.03-18.13.40:254][ 61]LogModuleManager: Shutting down and abandoning module GameplayTasksEditor (83)
[2016.11.03-18.13.40:254][ 61]LogModuleManager: Shutting down and abandoning module PropertyEditor (82)
[2016.11.03-18.13.40:254][ 61]LogModuleManager: Shutting down and abandoning module BehaviorTreeEditor (81)
[2016.11.03-18.13.40:254][ 61]LogModuleManager: Shutting down and abandoning module FunctionalTesting (80)
[2016.11.03-18.13.40:254][ 61]LogModuleManager: Shutting down and abandoning module CollisionAnalyzer (79)
[2016.11.03-18.13.40:255][ 61]LogModuleManager: Shutting down and abandoning module Sequencer (78)
[2016.11.03-18.13.40:255][ 61]LogModuleManager: Shutting down and abandoning module WorkspaceMenuStructure (77)
[2016.11.03-18.13.40:255][ 61]LogModuleManager: Shutting down and abandoning module MessageLog (76)
[2016.11.03-18.13.40:255][ 61]LogModuleManager: Shutting down and abandoning module AssetTools (75)
[2016.11.03-18.13.40:255][ 61]LogModuleManager: Shutting down and abandoning module UMGEditor (74)
[2016.11.03-18.13.40:255][ 61]LogModuleManager: Shutting down and abandoning module UMG (73)
[2016.11.03-18.13.40:255][ 61]LogModuleManager: Shutting down and abandoning module SlateReflector (72)
[2016.11.03-18.13.40:255][ 61]LogModuleManager: Shutting down and abandoning module Slate (71)
[2016.11.03-18.13.40:255][ 61]LogModuleManager: Shutting down and abandoning module EditorStyle (70)
[2016.11.03-18.13.40:262][ 61]LogModuleManager: Shutting down and abandoning module SourceCodeAccess (69)
[2016.11.03-18.13.40:262][ 61]LogModuleManager: Shutting down and abandoning module HeadMountedDisplay (68)
[2016.11.03-18.13.40:262][ 61]LogModuleManager: Shutting down and abandoning module XAudio2 (67)
[2016.11.03-18.13.40:262][ 61]LogModuleManager: Shutting down and abandoning module Networking (65)
[2016.11.03-18.13.40:262][ 61]LogModuleManager: Shutting down and abandoning module Core (64)
[2016.11.03-18.13.40:262][ 61]LogModuleManager: Shutting down and abandoning module DirectoryWatcher (63)
[2016.11.03-18.13.40:264][ 61]LogModuleManager: Shutting down and abandoning module AssetRegistry (62)
[2016.11.03-18.13.40:454][ 61]LogModuleManager: Shutting down and abandoning module KismetCompiler (61)
[2016.11.03-18.13.40:454][ 61]LogModuleManager: Shutting down and abandoning module PhysXFormats (60)
[2016.11.03-18.13.40:454][ 61]LogModuleManager: Shutting down and abandoning module MeshUtilities (59)
[2016.11.03-18.13.40:454][ 61]LogModuleManager: Shutting down and abandoning module DerivedDataCache (58)
[2016.11.03-18.13.40:530][ 61]LogDerivedDataCache: Shutdown
[2016.11.03-18.13.40:531][ 61]LogModuleManager: Shutting down and abandoning module VulkanShaderFormat (57)
[2016.11.03-18.13.40:531][ 61]LogModuleManager: Shutting down and abandoning module ShaderFormatOpenGL (56)
[2016.11.03-18.13.40:531][ 61]LogModuleManager: Shutting down and abandoning module ShaderFormatD3D (55)
[2016.11.03-18.13.40:531][ 61]LogModuleManager: Shutting down and abandoning module MetalShaderFormat (54)
[2016.11.03-18.13.40:531][ 61]LogModuleManager: Shutting down and abandoning module TextureFormatUncompressed (53)
[2016.11.03-18.13.40:531][ 61]LogModuleManager: Shutting down and abandoning module TextureFormatPVR (52)
[2016.11.03-18.13.40:531][ 61]LogModuleManager: Shutting down and abandoning module TextureFormatIntelISPCTexComp (51)
[2016.11.03-18.13.40:531][ 61]LogModuleManager: Shutting down and abandoning module TextureFormatDXT (50)
[2016.11.03-18.13.40:531][ 61]LogModuleManager: Shutting down and abandoning module ImageWrapper (49)
[2016.11.03-18.13.40:531][ 61]LogModuleManager: Shutting down and abandoning module TextureFormatASTC (48)
[2016.11.03-18.13.40:531][ 61]LogModuleManager: Shutting down and abandoning module TextureFormatAndroid (47)
[2016.11.03-18.13.40:531][ 61]LogModuleManager: Shutting down and abandoning module AudioFormatOpus (46)
[2016.11.03-18.13.40:531][ 61]LogModuleManager: Shutting down and abandoning module AudioFormatOgg (45)
[2016.11.03-18.13.40:531][ 61]LogModuleManager: Shutting down and abandoning module AudioFormatADPCM (44)
[2016.11.03-18.13.40:531][ 61]LogModuleManager: Shutting down and abandoning module LinuxTargetPlatform (43)
[2016.11.03-18.13.40:531][ 61]LogModuleManager: Shutting down and abandoning module LinuxServerTargetPlatform (42)
[2016.11.03-18.13.40:531][ 61]LogModuleManager: Shutting down and abandoning module LinuxNoEditorTargetPlatform (41)
[2016.11.03-18.13.40:531][ 61]LogModuleManager: Shutting down and abandoning module TVOSTargetPlatform (40)
[2016.11.03-18.13.40:531][ 61]LogModuleManager: Shutting down and abandoning module Messaging (39)
[2016.11.03-18.13.40:531][ 61]LogModuleManager: Shutting down and abandoning module IOSTargetPlatform (38)
[2016.11.03-18.13.40:531][ 61]LogModuleManager: Shutting down and abandoning module HTML5TargetPlatform (37)
[2016.11.03-18.13.40:531][ 61]LogModuleManager: Shutting down and abandoning module Android_PVRTCTargetPlatform (36)
[2016.11.03-18.13.40:531][ 61]LogModuleManager: Shutting down and abandoning module Android_MultiTargetPlatform (35)
[2016.11.03-18.13.40:531][ 61]LogModuleManager: Shutting down and abandoning module Android_ETC2TargetPlatform (34)
[2016.11.03-18.13.40:531][ 61]LogModuleManager: Shutting down and abandoning module Android_ETC1TargetPlatform (33)
[2016.11.03-18.13.40:531][ 61]LogModuleManager: Shutting down and abandoning module Android_DXTTargetPlatform (32)
[2016.11.03-18.13.40:531][ 61]LogModuleManager: Shutting down and abandoning module Android_ATCTargetPlatform (31)
[2016.11.03-18.13.40:531][ 61]LogModuleManager: Shutting down and abandoning module Android_ASTCTargetPlatform (30)
[2016.11.03-18.13.40:531][ 61]LogModuleManager: Shutting down and abandoning module AndroidTargetPlatform (29)
[2016.11.03-18.13.40:531][ 61]LogModuleManager: Shutting down and abandoning module WindowsTargetPlatform (28)
[2016.11.03-18.13.40:532][ 61]LogModuleManager: Shutting down and abandoning module WindowsServerTargetPlatform (27)
[2016.11.03-18.13.40:532][ 61]LogModuleManager: Shutting down and abandoning module WindowsNoEditorTargetPlatform (26)
[2016.11.03-18.13.40:532][ 61]LogModuleManager: Shutting down and abandoning module WindowsClientTargetPlatform (25)
[2016.11.03-18.13.40:532][ 61]LogModuleManager: Shutting down and abandoning module AllDesktopTargetPlatform (24)
[2016.11.03-18.13.40:532][ 61]LogModuleManager: Shutting down and abandoning module TargetPlatform (23)
[2016.11.03-18.13.40:532][ 61]LogModuleManager: Shutting down and abandoning module InputCore (22)
[2016.11.03-18.13.40:532][ 61]LogModuleManager: Shutting down and abandoning module Settings (21)
[2016.11.03-18.13.40:532][ 61]LogModuleManager: Shutting down and abandoning module OnlineSubsystem (19)
[2016.11.03-18.13.40:532][ 61]LogModuleManager: Shutting down and abandoning module HTTP (18)
[2016.11.03-18.13.44:039][ 61]LogModuleManager: Shutting down and abandoning module XMPP (17)
[2016.11.03-18.13.44:039][ 61]LogModuleManager: Shutting down and abandoning module OculusRift (16)
[2016.11.03-18.13.44:039][ 61]LogModuleManager: Shutting down and abandoning module ExampleDeviceProfileSelector (15)
[2016.11.03-18.13.44:039][ 61]LogModuleManager: Shutting down and abandoning module TextureCompressor (14)
[2016.11.03-18.13.44:039][ 61]LogModuleManager: Shutting down and abandoning module ShaderCore (13)
[2016.11.03-18.13.44:039][ 61]LogModuleManager: Shutting down and abandoning module Landscape (12)
[2016.11.03-18.13.44:039][ 61]LogModuleManager: Shutting down and abandoning module SlateRHIRenderer (11)
[2016.11.03-18.13.44:046][ 61]LogModuleManager: Shutting down and abandoning module OpenGLDrv (10)
[2016.11.03-18.13.44:046][ 61]LogModuleManager: Shutting down and abandoning module D3D11RHI (9)
[2016.11.03-18.13.44:046][ 61]LogModuleManager: Shutting down and abandoning module AnimGraphRuntime (8)
[2016.11.03-18.13.44:046][ 61]LogModuleManager: Shutting down and abandoning module Renderer (7)
[2016.11.03-18.13.44:046][ 61]LogModuleManager: Shutting down and abandoning module Engine (6)
[2016.11.03-18.13.44:046][ 61]LogModuleManager: Shutting down and abandoning module CoreUObject (5)
[2016.11.03-18.13.44:046][ 61]LogModuleManager: Shutting down and abandoning module NetworkFile (4)
[2016.11.03-18.13.44:046][ 61]LogModuleManager: Shutting down and abandoning module StreamingFile (3)
[2016.11.03-18.13.44:046][ 61]LogModuleManager: Shutting down and abandoning module SandboxFile (2)
[2016.11.03-18.13.44:046][ 61]LogModuleManager: Shutting down and abandoning module PakFile (1)
[2016.11.03-18.13.44:053][ 61]LogExit: Exiting.
[2016.11.03-18.13.44:079][ 61]Log file closed, 11/03/16 13:13:44
