[2016.09.15-20.08.31:456][  0]Log file open, 09/15/16 15:08:31
[2016.09.15-20.08.31:456][  0]LogInit:Display: Running engine for game: Mult
[2016.09.15-20.08.31:456][  0]LogPlatformFile: Not using cached read wrapper
[2016.09.15-20.08.31:456][  0]LogInit:Display: RandInit(-1587723615) SRandInit(-1587723615).
[2016.09.15-20.08.31:456][  0]LogTaskGraph: Started task graph with 4 named threads and 7 total threads.
[2016.09.15-20.08.31:456][  0]LogStats: Stats thread started at 0.365878
[2016.09.15-20.08.31:456][  0]LogInit: Version: 4.10.4-2872498+++depot+UE4-Releases+4.10
[2016.09.15-20.08.31:456][  0]LogInit: API Version: 2758231
[2016.09.15-20.08.31:456][  0]LogInit: Compiled (64-bit): Feb 18 2016 15:47:04
[2016.09.15-20.08.31:456][  0]LogInit: Compiled with Visual C++: 19.00.23026.00
[2016.09.15-20.08.31:456][  0]LogInit: Build Configuration: Development
[2016.09.15-20.08.31:456][  0]LogInit: Branch Name: ++depot+UE4-Releases+4.10
[2016.09.15-20.08.31:456][  0]LogInit: Command line:  
[2016.09.15-20.08.31:456][  0]LogInit: Base directory: C:/Program Files (x86)/Epic Games/4.10/Engine/Binaries/Win64/
[2016.09.15-20.08.31:456][  0]LogInit: Rocket: 1
[2016.09.15-20.08.31:467][  0]LogInit: Using libcurl 7.41.0
[2016.09.15-20.08.31:467][  0]LogInit:  - built for x86_64-pc-win32
[2016.09.15-20.08.31:467][  0]LogInit:  - supports SSL with WinSSL
[2016.09.15-20.08.31:467][  0]LogInit:  - other features:
[2016.09.15-20.08.31:467][  0]LogInit:      CURL_VERSION_SSL
[2016.09.15-20.08.31:467][  0]LogInit:      CURL_VERSION_IPV6
[2016.09.15-20.08.31:467][  0]LogInit:      CURL_VERSION_ASYNCHDNS
[2016.09.15-20.08.31:467][  0]LogInit:      CURL_VERSION_LARGEFILE
[2016.09.15-20.08.31:467][  0]LogInit:      CURL_VERSION_IDN
[2016.09.15-20.08.31:468][  0]LogInit:  CurlRequestOptions (configurable via config and command line):
[2016.09.15-20.08.31:468][  0]LogInit:  - bVerifyPeer = true  - Libcurl will verify peer certificate
[2016.09.15-20.08.31:468][  0]LogInit:  - bUseHttpProxy = false  - Libcurl will NOT use HTTP proxy
[2016.09.15-20.08.31:469][  0]LogInit:  - bDontReuseConnections = false  - Libcurl will reuse connections
[2016.09.15-20.08.31:469][  0]LogInit:  - CertBundlePath = nullptr  - Libcurl will use whatever was configured at build time.
[2016.09.15-20.08.31:482][  0]LogInit: Presizing for 0 objects not considered by GC, pre-allocating 0 bytes.
[2016.09.15-20.08.31:491][  0]LogInit: Object subsystem initialized
[2016.09.15-20.08.31:501][  0]LogInit: Selected Device Profile: [Windows]
[2016.09.15-20.08.31:501][  0]LogInit: Applying CVar settings loaded from the selected device profile: [Windows]
[2016.09.15-20.08.31:516][  0]LogInit: Computer: WEEZY
[2016.09.15-20.08.31:516][  0]LogInit: User: Weezy
[2016.09.15-20.08.31:516][  0]LogInit: CPU Page size=4096, Cores=4
[2016.09.15-20.08.31:516][  0]LogInit: High frequency timer resolution =3.906251 MHz
[2016.09.15-20.08.31:516][  0]LogMemory: Memory total: Physical=15.9GB (16GB approx)
[2016.09.15-20.08.31:516][  0]LogMemory: Platform Memory Stats for Windows
[2016.09.15-20.08.31:516][  0]LogMemory: Process Physical Memory: 58.27 MB used, 58.27 MB peak
[2016.09.15-20.08.31:516][  0]LogMemory: Process Virtual Memory: 56.87 MB used, 56.87 MB peak
[2016.09.15-20.08.31:516][  0]LogMemory: Physical Memory: 2766.28 MB used, 16325.76 MB total
[2016.09.15-20.08.31:516][  0]LogMemory: Virtual Memory: 382.99 MB used, 134217728.00 MB total
[2016.09.15-20.08.31:707][  0]LogTextLocalizationManager: No specific translations for ('en-US') exist, so ('en') translations will be used.
[2016.09.15-20.08.32:058][  0]LogD3D11RHI: Found D3D11 adapter 0: NVIDIA GeForce GTX 970 (Feature Level 11_0)
[2016.09.15-20.08.32:058][  0]LogD3D11RHI: Adapter has 4058MB of dedicated video memory, 0MB of dedicated system memory, and 8162MB of shared system memory, 1 output[s]
[2016.09.15-20.08.32:059][  0]LogD3D11RHI: Found D3D11 adapter 1: Microsoft Basic Render Driver (Feature Level 11_0)
[2016.09.15-20.08.32:059][  0]LogD3D11RHI: Adapter has 0MB of dedicated video memory, 0MB of dedicated system memory, and 8162MB of shared system memory, 0 output[s]
[2016.09.15-20.08.32:059][  0]LogD3D11RHI: Chosen D3D11 Adapter Id = 0
[2016.09.15-20.08.32:063][  0]LogD3D11RHI: !Direct3DDevice
[2016.09.15-20.08.32:063][  0]LogRHI: Texture pool is 1361 MB (70% of 1945 MB)
[2016.09.15-20.08.32:072][  0]LogD3D11RHI: Async texture creation enabled
[2016.09.15-20.08.32:097][  0]LogShaderCompilers: Guid format shader working directory is -14 characters bigger than the processId version (../../../../../../Users/Weston/Documents/Unreal Projects/Mult/Intermediate/Shaders/WorkingDirectory/4212/).
[2016.09.15-20.08.32:097][  0]LogShaderCompilers: Cleaned the shader compiler working directory 'C:/Users/Weston/AppData/Local/Temp/UnrealShaderWorkingDir/2FF1DF3045513EFFE5B05688A42471C8/'.
[2016.09.15-20.08.32:097][  0]LogShaderCompilers:Display: Using Local Shader Compiler.
[2016.09.15-20.08.33:302][  0]LogTemp:Display: Loaded TP AllDesktopTargetPlatform
[2016.09.15-20.08.33:305][  0]LogTemp:Display: Loaded TP WindowsClientTargetPlatform
[2016.09.15-20.08.33:309][  0]LogTemp:Display: Loaded TP WindowsNoEditorTargetPlatform
[2016.09.15-20.08.33:312][  0]LogTemp:Display: Loaded TP WindowsServerTargetPlatform
[2016.09.15-20.08.33:316][  0]LogTemp:Display: Loaded TP WindowsTargetPlatform
[2016.09.15-20.08.33:321][  0]LogTemp:Display: Loaded TP AndroidTargetPlatform
[2016.09.15-20.08.33:324][  0]LogTemp:Display: Loaded TP Android_ASTCTargetPlatform
[2016.09.15-20.08.33:326][  0]LogTemp:Display: Loaded TP Android_ATCTargetPlatform
[2016.09.15-20.08.33:329][  0]LogTemp:Display: Loaded TP Android_DXTTargetPlatform
[2016.09.15-20.08.33:332][  0]LogTemp:Display: Loaded TP Android_ETC1TargetPlatform
[2016.09.15-20.08.33:334][  0]LogTemp:Display: Loaded TP Android_ETC2TargetPlatform
[2016.09.15-20.08.33:340][  0]LogTemp:Display: Loaded TP Android_MultiTargetPlatform
[2016.09.15-20.08.33:340][  0]LogTemp:Display: Loaded TP Android_PVRTCTargetPlatform
[2016.09.15-20.08.33:340][  0]LogTemp:Display: Loaded TP HTML5TargetPlatform
[2016.09.15-20.08.33:360][  0]LogTemp:Display: Loaded TP IOSTargetPlatform
[2016.09.15-20.08.33:362][  0]LogTemp:Display: Loaded TP LinuxNoEditorTargetPlatform
[2016.09.15-20.08.33:365][  0]LogTemp:Display: Loaded TP LinuxServerTargetPlatform
[2016.09.15-20.08.33:369][  0]LogTemp:Display: Loaded TP LinuxTargetPlatform
[2016.09.15-20.08.33:369][  0]LogTargetPlatformManager:Display: Building Assets For Windows
[2016.09.15-20.08.33:477][  0]LogDerivedDataCache:Display: Max Cache Size: 512 MB
[2016.09.15-20.08.33:680][  0]LogDerivedDataCache: Loaded boot cache 0.20s 45MB C:/Users/Weston/AppData/Local/UnrealEngine/4.10/DerivedDataCache/Boot.ddc.
[2016.09.15-20.08.33:680][  0]LogDerivedDataCache:Display: Loaded Boot cache: C:/Users/Weston/AppData/Local/UnrealEngine/4.10/DerivedDataCache/Boot.ddc
[2016.09.15-20.08.33:680][  0]LogDerivedDataCache: FDerivedDataBackendGraph:  Pak pak cache file ../../../../../../Users/Weston/Documents/Unreal Projects/Mult/DerivedDataCache/DDC.ddp not found, will not use a pak cache.
[2016.09.15-20.08.33:680][  0]LogDerivedDataCache: Unable to find inner node Pak for hierarchical cache Hierarchy.
[2016.09.15-20.08.33:680][  0]LogDerivedDataCache: FDerivedDataBackendGraph:  CompressedPak pak cache file ../../../../../../Users/Weston/Documents/Unreal Projects/Mult/DerivedDataCache/Compressed.ddp not found, will not use a pak cache.
[2016.09.15-20.08.33:680][  0]LogDerivedDataCache: Unable to find inner node CompressedPak for hierarchical cache Hierarchy.
[2016.09.15-20.08.33:731][  0]LogDerivedDataCache:Display: Pak cache opened for reading ../../../Engine/DerivedDataCache/Compressed.ddp.
[2016.09.15-20.08.33:743][  0]LogDerivedDataCache: Using Local data cache path C:/Users/Weston/AppData/Local/UnrealEngine/Common/DerivedDataCache: Writable
[2016.09.15-20.08.34:553][  0]LogInit: Selected Device Profile: [Windows]
[2016.09.15-20.08.34:558][  0]LogContentStreaming: Texture pool size is 0.000000MB
[2016.09.15-20.08.34:709][  0]LogMeshUtilities: No automatic mesh reduction module available
[2016.09.15-20.08.34:709][  0]LogMeshUtilities: No automatic mesh merging module available
[2016.09.15-20.08.35:114][  0]LogInit: WinSock: version 1.1 (2.2), MaxSocks=32767, MaxUdp=65467
[2016.09.15-20.08.36:547][  0]LogAssetRegistry: FAssetRegistry took 0.0129 seconds to start up
[2016.09.15-20.08.36:564][  0]UdpMessaging: Initializing bridge on interface 0.0.0.0:0 to multicast group 230.0.0.1:6666.
[2016.09.15-20.08.36:931][  0]SourceControl: Info Source control is disabled
[2016.09.15-20.08.36:932][  0]SourceControl: Info Source control is disabled
[2016.09.15-20.08.36:947][  0]SourceControl: Info Source control is disabled
[2016.09.15-20.08.36:959][  0]SourceControl: Info Source control is disabled
[2016.09.15-20.08.37:259][  0]LogObj: 28802 objects as part of root set at end of initial load.
[2016.09.15-20.08.37:259][  0]LogUObjectAllocator: 6129768 out of 0 bytes used by permanent object pool.
[2016.09.15-20.08.37:338][  0]LogEngine: Initializing Engine...
[2016.09.15-20.08.37:341][  0]LogHMD: Can't find Oculus library dev build: is proper Runtime installed? Version: 0.8.0.0
[2016.09.15-20.08.37:552][  0]LogHMD: SteamVR failed to initialize.  Err: 108
[2016.09.15-20.08.37:710][  0]LogAIModule: Creating AISystem for world NewWorld
[2016.09.15-20.08.37:727][  0]LogInit: XAudio2 using 'Headphones (High Definition Audio Device)' : 2 channels at 44.1 kHz using 16 bits per sample (channel mask 0x3)
[2016.09.15-20.08.37:742][  0]LogInit: FAudioDevice initialized.
[2016.09.15-20.08.37:762][  0]LogDerivedDataCache: Saved boot cache 0.02s 45MB C:/Users/Weston/AppData/Local/UnrealEngine/4.10/DerivedDataCache/Boot.ddc.
[2016.09.15-20.08.37:766][  0]LogInit: Texture streaming: Enabled
[2016.09.15-20.08.37:772][  0]LogAnalytics: Creating configured Analytics provider AnalyticsET
[2016.09.15-20.08.37:772][  0]LogAnalytics: [UEEditor.Rocket.Release] APIServer = http://et2.epicgames.com/ET2/. AppVersion = 4.10.4-2872498+++depot+UE4-Releases+4.10
[2016.09.15-20.08.37:772][  0]LogAnalytics: [UEEditor.Rocket.Release] SetUserId b824381649aefcec089cfe8af88fce5a|76f26fec57c14d7ea2b0839b12424fd7|d747ad11-c385-4b9e-9db4-65fb56e0ca34
[2016.09.15-20.08.37:772][  0]LogAnalytics: [UEEditor.Rocket.Release] AnalyticsET::StartSession
[2016.09.15-20.08.37:780][  0]LogWindowsTextInputMethodSystem:Display: IME system now deactivated.
[2016.09.15-20.08.37:810][  0]LogInit: Transaction tracking system initialized
[2016.09.15-20.08.37:851][  0]BlueprintLog: New page: Editor Load
[2016.09.15-20.08.37:999][  0]LocalizationService: Info Localization service is disabled
[2016.09.15-20.08.38:104][  0]LogConsoleResponse:Display: 
[2016.09.15-20.08.38:312][  0]LogCook:Display: Done creating registry. It took  0.00s.
[2016.09.15-20.08.38:395][  0]LogFileCache: Scanning file cache for directory 'C:/Users/Weston/Documents/Unreal Projects/Mult/Content/' took 0.02s
[2016.09.15-20.08.38:395][  0]SourceControl: Info Source control is disabled
[2016.09.15-20.08.38:396][  0]Cmd: MAP LOAD FILE="../../../../../../Users/Weston/Documents/Unreal Projects/Mult/Content/FirstPersonBP/Maps/map1.umap" TEMPLATE=0 SHOWPROGRESS=1 FEATURELEVEL=3
[2016.09.15-20.08.38:400][  0]LightingResults: New page: Lighting Build
[2016.09.15-20.08.38:407][  0]MapCheck: New page: Map Check
[2016.09.15-20.08.38:407][  0]LightingResults: New page: Lighting Build
[2016.09.15-20.08.38:420][  0]LogParticles: Destroying 0 GPU particle simulations for FXSystem 0x00000290103C3B00
[2016.09.15-20.08.38:754][  0]LogLinker:Warning: Can't find file '/Game/3DS_Stuff/M_Basic_Wall'
[2016.09.15-20.08.38:754][  0]LogLinker:Warning: Can't find file for asset '/Game/3DS_Stuff/M_Basic_Wall' while loading ../../../../../../Users/Weston/Documents/Unreal Projects/Mult/Content/3DS_Stuff/window90.uasset.
[2016.09.15-20.08.38:754][  0]LoadErrors:Error: Error /Game/3DS_Stuff/window90 : Can't find file for asset. /Game/3DS_Stuff/M_Basic_Wall
[2016.09.15-20.08.38:755][  0]LogLinker:Warning: Can't find file '/Game/3DS_Stuff/M_Basic_Wall'
[2016.09.15-20.08.38:755][  0]LogLinker:Warning: Can't find file for asset '/Game/3DS_Stuff/M_Basic_Wall' while loading ../../../../../../Users/Weston/Documents/Unreal Projects/Mult/Content/3DS_Stuff/window90.uasset.
[2016.09.15-20.08.38:755][  0]LoadErrors:Error: Error /Game/3DS_Stuff/window90 : Can't find file for asset. /Game/3DS_Stuff/M_Basic_Wall
[2016.09.15-20.08.39:390][  0]LogLinker:Warning: Can't find file '/Game/3DS_Stuff/M_Basic_Wall'
[2016.09.15-20.08.39:390][  0]LoadErrors: Info Failed to load /Game/3DS_Stuff/M_Basic_Wall.M_Basic_Wall Referenced by window90
[2016.09.15-20.08.39:390][  0]LogLinker:Warning: Can't find file for asset '/Game/3DS_Stuff/M_Basic_Wall' while loading NULL.
[2016.09.15-20.08.39:390][  0]LoadErrors: Info Failed to load /Game/3DS_Stuff/M_Basic_Wall.M_Basic_Wall Referenced by window90
[2016.09.15-20.08.39:995][  0]LogAIModule: Creating AISystem for world map1
[2016.09.15-20.08.40:019][  0]LogEditorServer: Finished looking for orphan Actors (0.000 secs)
[2016.09.15-20.08.40:021][  0]Cmd: MAP CHECKDEP NOCLEARLOG
[2016.09.15-20.08.40:061][  0]MapCheck: Info Map check complete: 0 Error(s), 0 Warning(s), took 40.075ms to complete.
[2016.09.15-20.08.40:061][  0]LogFileHelpers: Loading map 'map1' took 1.665
[2016.09.15-20.08.40:247][  0]LogCollectionManager: Loaded 0 collections in 0.001890 seconds
[2016.09.15-20.08.40:298][  0]LogFileCache: Scanning file cache for directory 'C:/Users/Weston/Documents/Unreal Projects/Mult/Saved/Collections/' took 0.01s
[2016.09.15-20.08.40:298][  0]LogFileCache: Scanning file cache for directory 'C:/Users/Weston/Documents/Unreal Projects/Mult/Content/Developers/Weezy/Collections/' took 0.01s
[2016.09.15-20.08.40:298][  0]LogFileCache: Scanning file cache for directory 'C:/Users/Weston/Documents/Unreal Projects/Mult/Content/Collections/' took 0.01s
[2016.09.15-20.08.40:298][  0]LogCollectionManager: Rebuilt the GUID cache for 0 collections in 0.000004 seconds
[2016.09.15-20.08.40:305][  0]LogContentBrowser: Native class hierarchy populated in 0.0062 seconds. Added 1908 classes and 344 folders.
[2016.09.15-20.08.40:315][  0]LogContentBrowser: Native class hierarchy updated for 'WidgetCarousel' in 0.0002 seconds. Added 0 classes and 0 folders.
[2016.09.15-20.08.40:520][  0]LogContentBrowser: Native class hierarchy updated for 'AddContentDialog' in 0.0003 seconds. Added 0 classes and 0 folders.
[2016.09.15-20.08.40:529][  0]LogContentBrowser: Native class hierarchy updated for 'SceneOutliner' in 0.0002 seconds. Added 1 classes and 2 folders.
[2016.09.15-20.08.40:658][  0]LogCrashTracker: Crashtracker disabled due to settings.
[2016.09.15-20.08.40:682][  0]LogUObjectGlobals:Warning: Failed to find object 'Class None.'
[2016.09.15-20.08.40:706][  0]LogLoad: Full Startup: 10.20 seconds (BP compile: 0.26 seconds)
[2016.09.15-20.08.40:716][  0]LogOcInput: Can't find Oculus library dev build: is proper Runtime installed? Version: 0.8.0.0
[2016.09.15-20.08.40:803][  0]LogContentStreaming: Texture pool size now 1000 MB
[2016.09.15-20.08.40:937][  0]LogRenderer: Reallocating scene render targets to support 1288x680 (Frame:2).
[2016.09.15-20.08.41:013][  1]LogFileCache: Retrieving MD5 hashes for directory 'C:/Users/Weston/Documents/Unreal Projects/Mult/Content/' took 0.29s
[2016.09.15-20.08.41:710][  4]LogAssetRegistry: Asset discovery search completed in 5.1749 seconds
[2016.09.15-20.08.41:711][  4]LogCollectionManager: Rebuilt the object cache for 0 collections in 0.000001 seconds (found 0 objects)
[2016.09.15-20.08.41:711][  4]LogCollectionManager: Fixed up redirectors for 0 collections in 0.000172 seconds (updated 0 objects)
[2016.09.15-20.08.45:862][494]LogSynthBenchmark:Display: FSynthBenchmark (V0.95):  requested WorkScale=1.00
[2016.09.15-20.08.45:862][494]LogSynthBenchmark:Display: ===============
[2016.09.15-20.08.45:862][494]LogSynthBenchmark:Display: Main Processor:
[2016.09.15-20.08.45:894][494]LogSynthBenchmark:Display:          ... 0.015594 s/Run 'RayIntersect'
[2016.09.15-20.08.45:894][494]LogSynthBenchmark:Display:          ... 0.016622 s/Run 'Fractal'
[2016.09.15-20.08.45:894][494]LogSynthBenchmark:Display: 
[2016.09.15-20.08.45:894][494]LogSynthBenchmark:Display:   CompiledTarget_x_Bits: 64
[2016.09.15-20.08.45:894][494]LogSynthBenchmark:Display:   UE_BUILD_SHIPPING: 0
[2016.09.15-20.08.45:894][494]LogSynthBenchmark:Display:   UE_BUILD_TEST: 0
[2016.09.15-20.08.45:894][494]LogSynthBenchmark:Display:   UE_BUILD_DEBUG: 0
[2016.09.15-20.08.45:894][494]LogSynthBenchmark:Display:   TotalPhysicalGBRam: 16
[2016.09.15-20.08.45:894][494]LogSynthBenchmark:Display:   NumberOfCores (physical): 4
[2016.09.15-20.08.45:894][494]LogSynthBenchmark:Display:   NumberOfCores (logical): 8
[2016.09.15-20.08.45:894][494]LogSynthBenchmark:Display:   CPU Perf Index 0: 164.2
[2016.09.15-20.08.45:894][494]LogSynthBenchmark:Display:   CPU Perf Index 1: 172.1
[2016.09.15-20.08.45:894][494]LogSynthBenchmark:Display:  
[2016.09.15-20.08.45:894][494]LogSynthBenchmark:Display: Graphics:
[2016.09.15-20.08.45:894][494]LogSynthBenchmark:Display:   Adapter Name: 'NVIDIA GeForce GTX 970'
[2016.09.15-20.08.45:894][494]LogSynthBenchmark:Display:   (On Optimus the name might be wrong, memory should be ok)
[2016.09.15-20.08.45:894][494]LogSynthBenchmark:Display:   Vendor Id: 0x10de
[2016.09.15-20.08.45:894][494]LogSynthBenchmark:Display:   GPU Memory: 4059/0/8163 MB
[2016.09.15-20.08.45:894][494]LogSynthBenchmark:Display:   CPUIndex: 164.2
[2016.09.15-20.08.45:894][494]LogSynthBenchmark:Display:   GPUIndex: -nan(ind)
[2016.09.15-20.08.45:894][494]LogSynthBenchmark:Display: 
[2016.09.15-20.08.45:894][494]LogSynthBenchmark:Display:          ... Total Time: 0.032385 sec
[2016.09.15-20.08.49:380][910]LogBlueprintUserMessages: Early PlayInEditor Detection: Level '/Game/FirstPersonBP/Maps/map1.map1:PersistentLevel' has LevelScriptBlueprint '/Game/FirstPersonBP/Maps/map1.map1:PersistentLevel.map1' with GeneratedClass '/Game/FirstPersonBP/Maps/map1.map1_C' with ClassGeneratedBy '/Game/FirstPersonBP/Maps/map1.map1:PersistentLevel.map1'
[2016.09.15-20.08.49:380][910]LogPlayLevel: PlayLevel: No blueprints needed recompiling
[2016.09.15-20.08.49:382][910]PIE: New page: PIE session: map1 (Sep 15, 2016, 10:08:49 AM)
[2016.09.15-20.08.49:382][910]LogPlayLevel: Creating play world package: /Game/FirstPersonBP/Maps/UEDPIE_1_map1
[2016.09.15-20.08.49:408][910]LogPlayLevel: PIE: StaticDuplicateObject took: (0.025971s)
[2016.09.15-20.08.49:409][910]LogAIModule: Creating AISystem for world map1
[2016.09.15-20.08.49:409][910]LogPlayLevel: PIE: World Init took: (0.000649s)
[2016.09.15-20.08.49:409][910]LogPlayLevel: PIE: Created PIE world by copying editor world from /Game/FirstPersonBP/Maps/map1.map1 to /Game/FirstPersonBP/Maps/UEDPIE_1_map1.map1 (0.027017s)
[2016.09.15-20.08.49:454][910]LogInit: XAudio2 using 'Headphones (High Definition Audio Device)' : 2 channels at 44.1 kHz using 16 bits per sample (channel mask 0x3)
[2016.09.15-20.08.49:459][910]LogInit: FAudioDevice initialized.
[2016.09.15-20.08.49:531][910]LogWorld: Game class is 'FirstPersonGameMode_C'
[2016.09.15-20.08.49:538][910]LogWorld: Bringing World /Game/FirstPersonBP/Maps/UEDPIE_1_map1.map1 up for play (max tick rate 0) at 2016.09.15-15.08.49
[2016.09.15-20.08.49:538][910]LogActor:Warning: GameSession /Game/FirstPersonBP/Maps/UEDPIE_1_map1.map1:PersistentLevel.GameSession_0 has natively added scene component(s), but none of them were set as the actor's RootComponent - picking one arbitrarily
[2016.09.15-20.08.49:538][910]LogActor:Warning: GameNetworkManager /Game/FirstPersonBP/Maps/UEDPIE_1_map1.map1:PersistentLevel.GameNetworkManager_0 has natively added scene component(s), but none of them were set as the actor's RootComponent - picking one arbitrarily
[2016.09.15-20.08.49:541][910]LogWorld: Bringing up level for play took: 0.008370
[2016.09.15-20.08.49:545][910]LogInit: WinSock: Socket queue 131072 / 131072
[2016.09.15-20.08.49:546][910]LogInit: WinSock: I am Weezy (169.254.200.243:0)
[2016.09.15-20.08.49:547][910]LogNet: GameNetDriver IpNetDriver_0 IpNetDriver listening on port 7777
[2016.09.15-20.08.49:561][910]PIE: Info Play in editor start time for /Game/FirstPersonBP/Maps/UEDPIE_1_map1 -0.771
[2016.09.15-20.08.49:562][910]PIE: New page: PIE session: map1 (Sep 15, 2016, 10:08:49 AM)
[2016.09.15-20.08.49:620][910]LogNet: Browse: 127.0.0.1//Game/FirstPersonBP/Maps/map1
[2016.09.15-20.08.49:620][910]LogInit: WinSock: Socket queue 32768 / 32768
[2016.09.15-20.08.49:621][910]LogNet: Game client on port 7777, rate 10000
[2016.09.15-20.08.49:621][910]LogNet: GetLocalNetworkVersion: GEngineNetVersion: 2872498, ProjectName: mult, ProjectVersion: 1.0.0.0, InternalProtocolVersion: 9, LocalNetworkVersion: 2331653035
[2016.09.15-20.08.49:633][910]PIE: Info Play in editor start time for /Game/FirstPersonBP/Maps/map1 -0.699
[2016.09.15-20.08.49:633][910]LogBlueprintUserMessages: Late PlayInEditor Detection: Level '/Game/FirstPersonBP/Maps/map1.map1:PersistentLevel' has LevelScriptBlueprint '/Game/FirstPersonBP/Maps/map1.map1:PersistentLevel.map1' with GeneratedClass '/Game/FirstPersonBP/Maps/map1.map1_C' with ClassGeneratedBy '/Game/FirstPersonBP/Maps/map1.map1:PersistentLevel.map1'
[2016.09.15-20.08.49:634][910]LogNet: NotifyAcceptingConnection: Server map1 accept
[2016.09.15-20.08.49:634][910]LogNet: Open map1 09/15/16 15:08:49 127.0.0.1
[2016.09.15-20.08.49:634][910]LogNet: Added client connection.  Remote address = 127.0.0.1:56371
[2016.09.15-20.08.49:634][910]LogNet: NotifyAcceptingChannel Control 0 server World /Game/FirstPersonBP/Maps/UEDPIE_1_map1.map1: Accepted
[2016.09.15-20.08.49:634][910]LogNet: Remote platform little endian=1
[2016.09.15-20.08.49:634][910]LogNet: This platform little endian=1
[2016.09.15-20.08.49:634][910]LogNet: GetLocalNetworkVersion: GEngineNetVersion: 2872498, ProjectName: mult, ProjectVersion: 1.0.0.0, InternalProtocolVersion: 9, LocalNetworkVersion: 2331653035
[2016.09.15-20.08.49:652][911]LogRenderer: Reallocating scene render targets to support 1288x720 (Frame:898).
[2016.09.15-20.08.49:652][911]LogNet: Login request: /Game/FirstPersonBP/Maps/map1 userId: Invalid
[2016.09.15-20.08.49:653][911]LogNet: Welcomed by server (Level: /Game/FirstPersonBP/Maps/UEDPIE_1_map1, Game: /Game/FirstPersonBP/Blueprints/FirstPersonGameMode.FirstPersonGameMode_C)
[2016.09.15-20.08.49:668][911]LogLoad: LoadMap: 127.0.0.1//Game/FirstPersonBP/Maps/UEDPIE_1_map1?game=/Game/FirstPersonBP/Blueprints/FirstPersonGameMode.FirstPersonGameMode_C
[2016.09.15-20.08.49:679][911]LogParticles: Destroying 0 GPU particle simulations for FXSystem 0x0000029013A6BC40
[2016.09.15-20.08.49:679][911]Cmd: MEM
[2016.09.15-20.08.49:690][911]LogMemory: Platform Memory Stats for Windows
[2016.09.15-20.08.49:690][911]LogMemory: Process Physical Memory: 884.78 MB used, 889.75 MB peak
[2016.09.15-20.08.49:690][911]LogMemory: Process Virtual Memory: 1843.19 MB used, 1843.19 MB peak
[2016.09.15-20.08.49:690][911]LogMemory: Physical Memory: 3853.18 MB used, 16325.76 MB total
[2016.09.15-20.08.49:690][911]LogMemory: Virtual Memory: 2525.35 MB used, 134217728.00 MB total
[2016.09.15-20.08.49:690][911]LogMemory: 
[2016.09.15-20.08.49:690][911]Allocator Stats for TBB: (not implemented)
[2016.09.15-20.08.49:716][911]LogWorld: PIE: Copying PIE streaming level from /Game/FirstPersonBP/Maps/map1.map1 to /Game/FirstPersonBP/Maps/UEDPIE_2_map1.map1. OwningWorld: None
[2016.09.15-20.08.49:717][911]LogAIModule: Creating AISystem for world map1
[2016.09.15-20.08.49:724][911]LogWorld: Bringing World /Game/FirstPersonBP/Maps/UEDPIE_2_map1.map1 up for play (max tick rate 0) at 2016.09.15-15.08.49
[2016.09.15-20.08.49:726][911]LogWorld: Bringing up level for play took: 0.008119
[2016.09.15-20.08.49:761][912]LogNet: Client netspeed is 10000
[2016.09.15-20.08.49:761][912]LogNet: Join request: /Game/FirstPersonBP/Maps/map1?SplitscreenCount=1
[2016.09.15-20.08.49:764][912]LogNet: Join succeeded: 257
[2016.09.15-20.09.03:394][476]LogNet:Warning: UIpNetDriver::ProcesRemoteFunction: No owning connection for actor FirstPersonCharacter_C_8. Function Fire Client will not be processed.
[2016.09.15-20.09.03:395][476]LogNet:Warning: UIpNetDriver::ProcesRemoteFunction: No owning connection for actor FirstPersonCharacter_C_8. Function FireTrace will not be processed.
[2016.09.15-20.09.03:587][491]LogBlueprintUserMessages: [FirstPersonCharacter_C_0] Server: Building Materials left: 14
[2016.09.15-20.09.04:245][553]LogBlueprintUserMessages: [FirstPersonCharacter_C_0] Server: Building Materials left: 13
[2016.09.15-20.09.05:190][617]LogBlueprintUserMessages: [FirstPersonCharacter_C_0] Server: Building Materials left: 12
[2016.09.15-20.09.05:565][662]LogBlueprintUserMessages: [FirstPersonCharacter_C_0] Server: Building Materials left: 11
[2016.09.15-20.09.05:857][697]LogBlueprintUserMessages: [FirstPersonCharacter_C_0] Server: Building Materials left: 10
[2016.09.15-20.09.06:741][803]LogBlueprintUserMessages: [FirstPersonCharacter_C_0] Server: Building Materials left: 9
[2016.09.15-20.09.07:283][868]LogBlueprintUserMessages: [FirstPersonCharacter_C_0] Server: Building Materials left: 8
[2016.09.15-20.09.07:590][905]LogBlueprintUserMessages: [FirstPersonCharacter_C_0] Server: Building Materials left: 7
[2016.09.15-20.09.07:911][943]LogNet:Warning: UIpNetDriver::ProcesRemoteFunction: No owning connection for actor FirstPersonCharacter_C_8. Function Fire Client will not be processed.
[2016.09.15-20.09.07:911][943]LogNet:Warning: UIpNetDriver::ProcesRemoteFunction: No owning connection for actor FirstPersonCharacter_C_8. Function FireTrace will not be processed.
[2016.09.15-20.09.08:102][966]LogNet:Warning: UIpNetDriver::ProcesRemoteFunction: No owning connection for actor FirstPersonCharacter_C_8. Function Fire Client will not be processed.
[2016.09.15-20.09.08:102][966]LogNet:Warning: UIpNetDriver::ProcesRemoteFunction: No owning connection for actor FirstPersonCharacter_C_8. Function FireTrace will not be processed.
[2016.09.15-20.09.08:303][990]LogNet:Warning: UIpNetDriver::ProcesRemoteFunction: No owning connection for actor FirstPersonCharacter_C_8. Function Fire Client will not be processed.
[2016.09.15-20.09.08:303][990]LogNet:Warning: UIpNetDriver::ProcesRemoteFunction: No owning connection for actor FirstPersonCharacter_C_8. Function FireTrace will not be processed.
[2016.09.15-20.09.08:743][ 42]LogNet:Warning: UIpNetDriver::ProcesRemoteFunction: No owning connection for actor FirstPersonCharacter_C_8. Function Fire Client will not be processed.
[2016.09.15-20.09.08:743][ 42]LogNet:Warning: UIpNetDriver::ProcesRemoteFunction: No owning connection for actor FirstPersonCharacter_C_8. Function FireTrace will not be processed.
[2016.09.15-20.09.08:936][ 65]LogNet:Warning: UIpNetDriver::ProcesRemoteFunction: No owning connection for actor FirstPersonCharacter_C_8. Function Fire Client will not be processed.
[2016.09.15-20.09.08:936][ 65]LogNet:Warning: UIpNetDriver::ProcesRemoteFunction: No owning connection for actor FirstPersonCharacter_C_8. Function FireTrace will not be processed.
[2016.09.15-20.09.09:139][ 89]LogNet:Warning: UIpNetDriver::ProcesRemoteFunction: No owning connection for actor FirstPersonCharacter_C_8. Function Fire Client will not be processed.
[2016.09.15-20.09.09:139][ 89]LogNet:Warning: UIpNetDriver::ProcesRemoteFunction: No owning connection for actor FirstPersonCharacter_C_8. Function FireTrace will not be processed.
[2016.09.15-20.09.09:349][112]LogNet:Warning: UIpNetDriver::ProcesRemoteFunction: No owning connection for actor FirstPersonCharacter_C_8. Function Fire Client will not be processed.
[2016.09.15-20.09.09:349][112]LogNet:Warning: UIpNetDriver::ProcesRemoteFunction: No owning connection for actor FirstPersonCharacter_C_8. Function FireTrace will not be processed.
[2016.09.15-20.09.09:551][135]LogNet:Warning: UIpNetDriver::ProcesRemoteFunction: No owning connection for actor FirstPersonCharacter_C_8. Function Fire Client will not be processed.
[2016.09.15-20.09.09:551][135]LogNet:Warning: UIpNetDriver::ProcesRemoteFunction: No owning connection for actor FirstPersonCharacter_C_8. Function FireTrace will not be processed.
[2016.09.15-20.09.09:759][157]LogNet:Warning: UIpNetDriver::ProcesRemoteFunction: No owning connection for actor FirstPersonCharacter_C_8. Function Fire Client will not be processed.
[2016.09.15-20.09.09:759][157]LogNet:Warning: UIpNetDriver::ProcesRemoteFunction: No owning connection for actor FirstPersonCharacter_C_8. Function FireTrace will not be processed.
[2016.09.15-20.09.09:961][177]LogNet:Warning: UIpNetDriver::ProcesRemoteFunction: No owning connection for actor FirstPersonCharacter_C_8. Function Fire Client will not be processed.
[2016.09.15-20.09.09:961][177]LogNet:Warning: UIpNetDriver::ProcesRemoteFunction: No owning connection for actor FirstPersonCharacter_C_8. Function FireTrace will not be processed.
[2016.09.15-20.09.10:240][205]LogBlueprintUserMessages: Early EndPlayMap Detection: Level '/Game/FirstPersonBP/Maps/map1.map1:PersistentLevel' has LevelScriptBlueprint '/Game/FirstPersonBP/Maps/map1.map1:PersistentLevel.map1' with GeneratedClass '/Game/FirstPersonBP/Maps/map1.map1_C' with ClassGeneratedBy '/Game/FirstPersonBP/Maps/map1.map1:PersistentLevel.map1'
[2016.09.15-20.09.10:323][205]LogBlueprintUserMessages: Late EndPlayMap Detection: Level '/Game/FirstPersonBP/Maps/map1.map1:PersistentLevel' has LevelScriptBlueprint '/Game/FirstPersonBP/Maps/map1.map1:PersistentLevel.map1' with GeneratedClass '/Game/FirstPersonBP/Maps/map1.map1_C' with ClassGeneratedBy '/Game/FirstPersonBP/Maps/map1.map1:PersistentLevel.map1'
[2016.09.15-20.09.10:337][205]LogNet: UChannel::CleanUp: [GameNetDriver] [None] [None]. ChIndex == 0. Closing connection.
[2016.09.15-20.09.10:337][205]LogNet: UNetConnection::Close: Name: IpConnection_1, Driver: GameNetDriver IpNetDriver_0, PC: None, Owner: None, Channels: 2, RemoteAddr: 127.0.0.1:56371, Time: 2016.09.15-20.09.10
[2016.09.15-20.09.10:337][205]LogNet: UChannel::Close: Sending CloseBunch. ChIndex == 0. Name: ControlChannel_1
[2016.09.15-20.09.10:337][205]LogNet: UChannel::CleanUp: [GameNetDriver] [None] [None]. ChIndex == 0. Closing connection.
[2016.09.15-20.09.10:337][205]LogNet: UNetConnection::Close: Name: IpConnection_0, Driver: GameNetDriver IpNetDriver_1, PC: None, Owner: None, Channels: 2, RemoteAddr: 127.0.0.1:7777, Time: 2016.09.15-20.09.10
[2016.09.15-20.09.10:338][205]LogNet: UChannel::Close: Sending CloseBunch. ChIndex == 0. Name: ControlChannel_0
[2016.09.15-20.09.10:341][205]LogExit: GameNetDriver None shut down
[2016.09.15-20.09.10:341][205]LogParticles: Destroying 0 GPU particle simulations for FXSystem 0x0000029021518F40
[2016.09.15-20.09.10:341][205]LogExit: GameNetDriver None shut down
[2016.09.15-20.09.10:342][205]LogParticles: Destroying 0 GPU particle simulations for FXSystem 0x0000029028C5BE20
[2016.09.15-20.09.12:306][430]LogWindowsTextInputMethodSystem:Display: IME system now deactivated.
[2016.09.15-20.09.12:470][431]Cmd: QUIT_EDITOR
[2016.09.15-20.09.12:614][431]LogExit: Preparing to exit.
[2016.09.15-20.09.13:638][431]LogExit: Editor shut down
[2016.09.15-20.09.13:638][431]LogExit: Transaction tracking system shut down
[2016.09.15-20.09.13:642][431]LogParticles: Destroying 0 GPU particle simulations for FXSystem 0x00000290166BA340
[2016.09.15-20.09.13:643][431]LogParticles: Destroying 0 GPU particle simulations for FXSystem 0x00000290208D5300
[2016.09.15-20.09.13:643][431]LogParticles: Destroying 0 GPU particle simulations for FXSystem 0x0000029015DD58A0
[2016.09.15-20.09.13:643][431]LogParticles: Destroying 0 GPU particle simulations for FXSystem 0x0000029013FF8C20
[2016.09.15-20.09.13:643][431]LogParticles: Destroying 0 GPU particle simulations for FXSystem 0x0000029013FF8AE0
[2016.09.15-20.09.13:745][431]LogExit: Object subsystem successfully closed.
[2016.09.15-20.09.13:756][431]LogD3D11RHI: Shutdown
[2016.09.15-20.09.13:756][431]LogD3D11RHI: CleanupD3DDevice
[2016.09.15-20.09.13:799][431]LogD3D11RHI: ~FD3D11DynamicRHI
[2016.09.15-20.09.13:814][431]LogModuleManager: Shutting down and abandoning module SynthBenchmark (202)
[2016.09.15-20.09.13:814][431]LogModuleManager: Shutting down and abandoning module ExternalImagePicker (201)
[2016.09.15-20.09.13:814][431]LogModuleManager: Shutting down and abandoning module CrashTracker (200)
[2016.09.15-20.09.13:814][431]LogModuleManager: Shutting down and abandoning module SceneOutliner (199)
[2016.09.15-20.09.13:814][431]LogModuleManager: Shutting down and abandoning module SuperSearch (198)
[2016.09.15-20.09.13:814][431]LogModuleManager: Shutting down and abandoning module WidgetCarousel (197)
[2016.09.15-20.09.13:814][431]LogModuleManager: Shutting down and abandoning module AddContentDialog (196)
[2016.09.15-20.09.13:815][431]LogModuleManager: Shutting down and abandoning module EditorWidgets (195)
[2016.09.15-20.09.13:815][431]LogModuleManager: Shutting down and abandoning module CollectionManager (194)
[2016.09.15-20.09.13:815][431]LogModuleManager: Shutting down and abandoning module StatsViewer (193)
[2016.09.15-20.09.13:815][431]LogModuleManager: Shutting down and abandoning module FoliageEdit (192)
[2016.09.15-20.09.13:815][431]LogModuleManager: Shutting down and abandoning module LandscapeEditor (191)
[2016.09.15-20.09.13:815][431]LogModuleManager: Shutting down and abandoning module ActorPickerMode (190)
[2016.09.15-20.09.13:815][431]LogModuleManager: Shutting down and abandoning module GeometryMode (189)
[2016.09.15-20.09.13:815][431]LogModuleManager: Shutting down and abandoning module TextureAlignMode (188)
[2016.09.15-20.09.13:815][431]LogModuleManager: Shutting down and abandoning module BspMode (187)
[2016.09.15-20.09.13:815][431]LogModuleManager: Shutting down and abandoning module PlacementMode (186)
[2016.09.15-20.09.13:815][431]LogModuleManager: Shutting down and abandoning module AutomationWorker (185)
[2016.09.15-20.09.13:815][431]LogModuleManager: Shutting down and abandoning module CharacterAI (184)
[2016.09.15-20.09.13:815][431]LogModuleManager: Shutting down and abandoning module SmartSnapping (183)
[2016.09.15-20.09.13:815][431]LogModuleManager: Shutting down and abandoning module ViewportSnapping (182)
[2016.09.15-20.09.13:815][431]LogModuleManager: Shutting down and abandoning module LogVisualizer (181)
[2016.09.15-20.09.13:815][431]LogModuleManager: Shutting down and abandoning module GameProjectGeneration (180)
[2016.09.15-20.09.13:816][431]LogModuleManager: Shutting down and abandoning module IntroTutorials (179)
[2016.09.15-20.09.13:816][431]LogModuleManager: Shutting down and abandoning module EditorLiveStreaming (178)
[2016.09.15-20.09.13:816][431]LogModuleManager: Shutting down and abandoning module IOSPlatformEditor (177)
[2016.09.15-20.09.13:816][431]LogModuleManager: Shutting down and abandoning module HTML5PlatformEditor (176)
[2016.09.15-20.09.13:816][431]LogModuleManager: Shutting down and abandoning module AndroidDeviceDetection (175)
[2016.09.15-20.09.14:063][431]LogModuleManager: Shutting down and abandoning module AndroidPlatformEditor (174)
[2016.09.15-20.09.14:063][431]LogModuleManager: Shutting down and abandoning module IOSRuntimeSettings (173)
[2016.09.15-20.09.14:063][431]LogModuleManager: Shutting down and abandoning module AndroidRuntimeSettings (172)
[2016.09.15-20.09.14:063][431]LogModuleManager: Shutting down and abandoning module MergeActors (171)
[2016.09.15-20.09.14:063][431]LogModuleManager: Shutting down and abandoning module SizeMap (170)
[2016.09.15-20.09.14:063][431]LogModuleManager: Shutting down and abandoning module TreeMap (169)
[2016.09.15-20.09.14:063][431]LogModuleManager: Shutting down and abandoning module ReferenceViewer (168)
[2016.09.15-20.09.14:063][431]LogModuleManager: Shutting down and abandoning module LocalizationService (167)
[2016.09.15-20.09.14:063][431]LogModuleManager: Shutting down and abandoning module LocalizationDashboard (166)
[2016.09.15-20.09.14:063][431]LogModuleManager: Shutting down and abandoning module HardwareTargeting (165)
[2016.09.15-20.09.14:063][431]LogModuleManager: Shutting down and abandoning module DeviceProfileEditor (164)
[2016.09.15-20.09.14:063][431]LogModuleManager: Shutting down and abandoning module UndoHistory (163)
[2016.09.15-20.09.14:063][431]LogModuleManager: Shutting down and abandoning module GameplayTagsEditor (162)
[2016.09.15-20.09.14:063][431]LogModuleManager: Shutting down and abandoning module UserFeedback (161)
[2016.09.15-20.09.14:063][431]LogModuleManager: Shutting down and abandoning module XmlParser (160)
[2016.09.15-20.09.14:063][431]LogModuleManager: Shutting down and abandoning module Blutility (159)
[2016.09.15-20.09.14:063][431]LogModuleManager: Shutting down and abandoning module ProjectTargetPlatformEditor (158)
[2016.09.15-20.09.14:063][431]LogModuleManager: Shutting down and abandoning module ProjectSettingsViewer (157)
[2016.09.15-20.09.14:063][431]LogModuleManager: Shutting down and abandoning module InputBindingEditor (156)
[2016.09.15-20.09.14:064][431]LogModuleManager: Shutting down and abandoning module EditorSettingsViewer (155)
[2016.09.15-20.09.14:064][431]LogModuleManager: Shutting down and abandoning module SettingsEditor (154)
[2016.09.15-20.09.14:064][431]LogModuleManager: Shutting down and abandoning module ProjectLauncher (153)
[2016.09.15-20.09.14:064][431]LogModuleManager: Shutting down and abandoning module SessionFrontend (152)
[2016.09.15-20.09.14:064][431]LogModuleManager: Shutting down and abandoning module ProfilerClient (151)
[2016.09.15-20.09.14:065][431]LogModuleManager: Shutting down and abandoning module TargetDeviceServices (150)
[2016.09.15-20.09.14:065][431]LogModuleManager: Shutting down and abandoning module DeviceManager (149)
[2016.09.15-20.09.14:065][431]LogModuleManager: Shutting down and abandoning module AutomationController (148)
[2016.09.15-20.09.14:065][431]LogModuleManager: Shutting down and abandoning module AutomationWindow (147)
[2016.09.15-20.09.14:065][431]LogModuleManager: Shutting down and abandoning module Layers (146)
[2016.09.15-20.09.14:066][431]LogModuleManager: Shutting down and abandoning module ComponentVisualizers (145)
[2016.09.15-20.09.14:066][431]LogModuleManager: Shutting down and abandoning module DetailCustomizations (144)
[2016.09.15-20.09.14:066][431]LogModuleManager: Shutting down and abandoning module PackagesDialog (143)
[2016.09.15-20.09.14:066][431]LogModuleManager: Shutting down and abandoning module Persona (142)
[2016.09.15-20.09.14:067][431]LogModuleManager: Shutting down and abandoning module Kismet (141)
[2016.09.15-20.09.14:067][431]LogModuleManager: Shutting down and abandoning module GraphEditor (140)
[2016.09.15-20.09.14:069][431]LogModuleManager: Shutting down and abandoning module ClassViewer (139)
[2016.09.15-20.09.14:069][431]LogModuleManager: Shutting down and abandoning module Toolbox (138)
[2016.09.15-20.09.14:069][431]LogModuleManager: Shutting down and abandoning module ModuleUI (137)
[2016.09.15-20.09.14:069][431]LogModuleManager: Shutting down and abandoning module MovieSceneTools (136)
[2016.09.15-20.09.14:070][431]LogModuleManager: Shutting down and abandoning module OutputLog (135)
[2016.09.15-20.09.14:070][431]LogModuleManager: Shutting down and abandoning module GammaUI (134)
[2016.09.15-20.09.14:070][431]LogModuleManager: Shutting down and abandoning module Documentation (133)
[2016.09.15-20.09.14:070][431]LogModuleManager: Shutting down and abandoning module GameLiveStreaming (132)
[2016.09.15-20.09.14:070][431]LogModuleManager: Shutting down and abandoning module StreamingPauseRendering (131)
[2016.09.15-20.09.14:070][431]LogModuleManager: Shutting down and abandoning module AnalyticsET (130)
[2016.09.15-20.09.14:070][431]LogModuleManager: Shutting down and abandoning module Analytics (129)
[2016.09.15-20.09.14:070][431]LogModuleManager: Shutting down and abandoning module AITestSuite (128)
[2016.09.15-20.09.14:070][431]LogModuleManager: Shutting down and abandoning module GameplayDebugger (127)
[2016.09.15-20.09.14:070][431]LogModuleManager: Shutting down and abandoning module AIModule (126)
[2016.09.15-20.09.14:070][431]LogModuleManager: Shutting down and abandoning module ProfilerService (125)
[2016.09.15-20.09.14:307][431]LogModuleManager: Shutting down and abandoning module TaskGraph (124)
[2016.09.15-20.09.14:307][431]LogModuleManager: Shutting down and abandoning module SubstanceEditor (123)
[2016.09.15-20.09.14:307][431]LogModuleManager: Shutting down and abandoning module SlateRemote (122)
[2016.09.15-20.09.14:307][431]LogModuleManager: Shutting down and abandoning module SteamVRController (121)
[2016.09.15-20.09.14:307][431]LogModuleManager: Shutting down and abandoning module SteamVR (120)
[2016.09.15-20.09.14:307][431]LogModuleManager: Shutting down and abandoning module ProceduralMeshComponent (119)
[2016.09.15-20.09.14:307][431]LogModuleManager: Shutting down and abandoning module OculusLibrary (118)
[2016.09.15-20.09.14:307][431]LogModuleManager: Shutting down and abandoning module OculusInput (117)
[2016.09.15-20.09.14:308][431]LogModuleManager: Shutting down and abandoning module LeapMotionController (116)
[2016.09.15-20.09.14:319][431]LogModuleManager: Shutting down and abandoning module CustomMeshComponent (115)
[2016.09.15-20.09.14:319][431]LogModuleManager: Shutting down and abandoning module CableComponent (114)
[2016.09.15-20.09.14:319][431]LogModuleManager: Shutting down and abandoning module ArchVisCharacter (113)
[2016.09.15-20.09.14:319][431]LogModuleManager: Shutting down and abandoning module MessagingDebugger (112)
[2016.09.15-20.09.14:319][431]LogModuleManager: Shutting down and abandoning module MediaPlayerEditor (111)
[2016.09.15-20.09.14:319][431]LogModuleManager: Shutting down and abandoning module HTML5Networking (110)
[2016.09.15-20.09.14:319][431]LogModuleManager: Shutting down and abandoning module SpeedTreeImporter (109)
[2016.09.15-20.09.14:319][431]LogModuleManager: Shutting down and abandoning module PluginBrowser (108)
[2016.09.15-20.09.14:319][431]LogModuleManager: Shutting down and abandoning module EpicSurvey (107)
[2016.09.15-20.09.14:319][431]LogModuleManager: Shutting down and abandoning module DesktopPlatform (106)
[2016.09.15-20.09.14:319][431]LogModuleManager: Shutting down and abandoning module VisualStudioSourceCodeAccess (105)
[2016.09.15-20.09.14:319][431]LogModuleManager: Shutting down and abandoning module UObjectPlugin (104)
[2016.09.15-20.09.14:319][431]LogModuleManager: Shutting down and abandoning module SubversionSourceControl (103)
[2016.09.15-20.09.14:319][431]LogModuleManager: Shutting down and abandoning module PerforceSourceControl (102)
[2016.09.15-20.09.14:319][431]LogModuleManager: Shutting down and abandoning module SourceControl (101)
[2016.09.15-20.09.14:319][431]LogModuleManager: Shutting down and abandoning module GitSourceControl (100)
[2016.09.15-20.09.14:319][431]LogModuleManager: Shutting down and abandoning module LightPropagationVolumeEditor (99)
[2016.09.15-20.09.14:319][431]LogModuleManager: Shutting down and abandoning module PaperTiledImporter (98)
[2016.09.15-20.09.14:319][431]LogModuleManager: Shutting down and abandoning module PaperSpriteSheetImporter (97)
[2016.09.15-20.09.14:319][431]LogModuleManager: Shutting down and abandoning module MeshPaint (96)
[2016.09.15-20.09.14:319][431]LogModuleManager: Shutting down and abandoning module SlateReflector (95)
[2016.09.15-20.09.14:320][431]LogModuleManager: Shutting down and abandoning module HotReload (94)
[2016.09.15-20.09.14:320][431]LogModuleManager: Shutting down and abandoning module MainFrame (93)
[2016.09.15-20.09.14:320][431]LogModuleManager: Shutting down and abandoning module LevelEditor (92)
[2016.09.15-20.09.14:320][431]LogModuleManager: Shutting down and abandoning module ContentBrowser (91)
[2016.09.15-20.09.14:321][431]LogModuleManager: Shutting down and abandoning module Paper2DEditor (90)
[2016.09.15-20.09.14:321][431]LogModuleManager: Shutting down and abandoning module UdpMessaging (89)
[2016.09.15-20.09.14:422][431]LogModuleManager: Shutting down and abandoning module DirectoryWatcher (88)
[2016.09.15-20.09.14:422][431]LogModuleManager: Shutting down and abandoning module AssetRegistry (87)
[2016.09.15-20.09.14:557][431]LogModuleManager: Shutting down and abandoning module SubstanceCore (86)
[2016.09.15-20.09.14:557][431]LogModuleManager: Shutting down and abandoning module LightPropagationVolumeRuntime (85)
[2016.09.15-20.09.14:557][431]LogModuleManager: Shutting down and abandoning module Paper2D (84)
[2016.09.15-20.09.14:557][431]LogModuleManager: Shutting down and abandoning module WindowsMoviePlayer (83)
[2016.09.15-20.09.14:559][431]LogModuleManager: Shutting down and abandoning module Media (82)
[2016.09.15-20.09.14:559][431]LogModuleManager: Shutting down and abandoning module WmfMedia (81)
[2016.09.15-20.09.14:560][431]LogModuleManager: Shutting down and abandoning module OnlineBlueprintSupport (80)
[2016.09.15-20.09.14:560][431]LogModuleManager: Shutting down and abandoning module GameplayTasksEditor (79)
[2016.09.15-20.09.14:560][431]LogModuleManager: Shutting down and abandoning module PropertyEditor (78)
[2016.09.15-20.09.14:560][431]LogModuleManager: Shutting down and abandoning module BehaviorTreeEditor (77)
[2016.09.15-20.09.14:560][431]LogModuleManager: Shutting down and abandoning module FunctionalTesting (76)
[2016.09.15-20.09.14:560][431]LogModuleManager: Shutting down and abandoning module CollisionAnalyzer (75)
[2016.09.15-20.09.14:560][431]LogModuleManager: Shutting down and abandoning module WorkspaceMenuStructure (74)
[2016.09.15-20.09.14:560][431]LogModuleManager: Shutting down and abandoning module MessageLog (73)
[2016.09.15-20.09.14:560][431]LogModuleManager: Shutting down and abandoning module Sequencer (72)
[2016.09.15-20.09.14:561][431]LogModuleManager: Shutting down and abandoning module AssetTools (71)
[2016.09.15-20.09.14:563][431]LogModuleManager: Shutting down and abandoning module UMGEditor (70)
[2016.09.15-20.09.14:563][431]LogModuleManager: Shutting down and abandoning module UMG (69)
[2016.09.15-20.09.14:564][431]LogModuleManager: Shutting down and abandoning module Slate (68)
[2016.09.15-20.09.14:564][431]LogModuleManager: Shutting down and abandoning module EditorStyle (67)
[2016.09.15-20.09.14:565][431]LogModuleManager: Shutting down and abandoning module SessionServices (66)
[2016.09.15-20.09.14:565][431]LogModuleManager: Shutting down and abandoning module SourceCodeAccess (65)
[2016.09.15-20.09.14:565][431]LogModuleManager: Shutting down and abandoning module HeadMountedDisplay (64)
[2016.09.15-20.09.14:565][431]LogModuleManager: Shutting down and abandoning module XAudio2 (63)
[2016.09.15-20.09.14:565][431]LogModuleManager: Shutting down and abandoning module Networking (61)
[2016.09.15-20.09.14:565][431]LogModuleManager: Shutting down and abandoning module Core (60)
[2016.09.15-20.09.14:565][431]LogModuleManager: Shutting down and abandoning module KismetCompiler (59)
[2016.09.15-20.09.14:565][431]LogModuleManager: Shutting down and abandoning module PhysXFormats (58)
[2016.09.15-20.09.14:565][431]LogModuleManager: Shutting down and abandoning module MeshUtilities (57)
[2016.09.15-20.09.14:566][431]LogModuleManager: Shutting down and abandoning module DerivedDataCache (56)
[2016.09.15-20.09.14:773][431]LogDerivedDataCache: Shutdown
[2016.09.15-20.09.14:773][431]LogModuleManager: Shutting down and abandoning module ShaderFormatOpenGL (55)
[2016.09.15-20.09.14:774][431]LogModuleManager: Shutting down and abandoning module ShaderFormatD3D (54)
[2016.09.15-20.09.14:774][431]LogModuleManager: Shutting down and abandoning module MetalShaderFormat (53)
[2016.09.15-20.09.14:775][431]LogModuleManager: Shutting down and abandoning module TextureFormatUncompressed (52)
[2016.09.15-20.09.14:775][431]LogModuleManager: Shutting down and abandoning module TextureFormatPVR (51)
[2016.09.15-20.09.14:775][431]LogModuleManager: Shutting down and abandoning module TextureFormatIntelISPCTexComp (50)
[2016.09.15-20.09.14:775][431]LogModuleManager: Shutting down and abandoning module TextureFormatDXT (49)
[2016.09.15-20.09.14:775][431]LogModuleManager: Shutting down and abandoning module ImageWrapper (48)
[2016.09.15-20.09.14:775][431]LogModuleManager: Shutting down and abandoning module TextureFormatASTC (47)
[2016.09.15-20.09.14:775][431]LogModuleManager: Shutting down and abandoning module TextureFormatAndroid (46)
[2016.09.15-20.09.14:775][431]LogModuleManager: Shutting down and abandoning module AudioFormatOpus (45)
[2016.09.15-20.09.14:775][431]LogModuleManager: Shutting down and abandoning module AudioFormatOgg (44)
[2016.09.15-20.09.14:775][431]LogModuleManager: Shutting down and abandoning module AudioFormatADPCM (43)
[2016.09.15-20.09.14:775][431]LogModuleManager: Shutting down and abandoning module LinuxTargetPlatform (42)
[2016.09.15-20.09.14:775][431]LogModuleManager: Shutting down and abandoning module LinuxServerTargetPlatform (41)
[2016.09.15-20.09.14:775][431]LogModuleManager: Shutting down and abandoning module LinuxNoEditorTargetPlatform (40)
[2016.09.15-20.09.14:775][431]LogModuleManager: Shutting down and abandoning module Messaging (39)
[2016.09.15-20.09.14:775][431]LogModuleManager: Shutting down and abandoning module IOSTargetPlatform (38)
[2016.09.15-20.09.14:775][431]LogModuleManager: Shutting down and abandoning module HTML5TargetPlatform (37)
[2016.09.15-20.09.14:775][431]LogModuleManager: Shutting down and abandoning module Android_PVRTCTargetPlatform (36)
[2016.09.15-20.09.14:775][431]LogModuleManager: Shutting down and abandoning module Android_MultiTargetPlatform (35)
[2016.09.15-20.09.14:775][431]LogModuleManager: Shutting down and abandoning module Android_ETC2TargetPlatform (34)
[2016.09.15-20.09.14:775][431]LogModuleManager: Shutting down and abandoning module Android_ETC1TargetPlatform (33)
[2016.09.15-20.09.14:775][431]LogModuleManager: Shutting down and abandoning module Android_DXTTargetPlatform (32)
[2016.09.15-20.09.14:775][431]LogModuleManager: Shutting down and abandoning module Android_ATCTargetPlatform (31)
[2016.09.15-20.09.14:775][431]LogModuleManager: Shutting down and abandoning module Android_ASTCTargetPlatform (30)
[2016.09.15-20.09.14:775][431]LogModuleManager: Shutting down and abandoning module AndroidTargetPlatform (29)
[2016.09.15-20.09.14:775][431]LogModuleManager: Shutting down and abandoning module WindowsTargetPlatform (28)
[2016.09.15-20.09.14:775][431]LogModuleManager: Shutting down and abandoning module WindowsServerTargetPlatform (27)
[2016.09.15-20.09.14:775][431]LogModuleManager: Shutting down and abandoning module WindowsNoEditorTargetPlatform (26)
[2016.09.15-20.09.14:775][431]LogModuleManager: Shutting down and abandoning module WindowsClientTargetPlatform (25)
[2016.09.15-20.09.14:775][431]LogModuleManager: Shutting down and abandoning module AllDesktopTargetPlatform (24)
[2016.09.15-20.09.14:775][431]LogModuleManager: Shutting down and abandoning module TargetPlatform (23)
[2016.09.15-20.09.14:775][431]LogModuleManager: Shutting down and abandoning module InputCore (22)
[2016.09.15-20.09.14:775][431]LogModuleManager: Shutting down and abandoning module Settings (21)
[2016.09.15-20.09.14:775][431]LogModuleManager: Shutting down and abandoning module OnlineSubsystem (19)
[2016.09.15-20.09.14:775][431]LogModuleManager: Shutting down and abandoning module HTTP (18)
[2016.09.15-20.09.17:277][431]LogModuleManager: Shutting down and abandoning module XMPP (17)
[2016.09.15-20.09.17:277][431]LogModuleManager: Shutting down and abandoning module OculusRift (16)
[2016.09.15-20.09.17:277][431]LogModuleManager: Shutting down and abandoning module ExampleDeviceProfileSelector (15)
[2016.09.15-20.09.17:277][431]LogModuleManager: Shutting down and abandoning module TextureCompressor (14)
[2016.09.15-20.09.17:277][431]LogModuleManager: Shutting down and abandoning module ShaderCore (13)
[2016.09.15-20.09.17:277][431]LogModuleManager: Shutting down and abandoning module Landscape (12)
[2016.09.15-20.09.17:277][431]LogModuleManager: Shutting down and abandoning module SlateRHIRenderer (11)
[2016.09.15-20.09.17:277][431]LogModuleManager: Shutting down and abandoning module OpenGLDrv (10)
[2016.09.15-20.09.17:278][431]LogModuleManager: Shutting down and abandoning module D3D11RHI (9)
[2016.09.15-20.09.17:278][431]LogModuleManager: Shutting down and abandoning module AnimGraphRuntime (8)
[2016.09.15-20.09.17:278][431]LogModuleManager: Shutting down and abandoning module Renderer (7)
[2016.09.15-20.09.17:278][431]LogModuleManager: Shutting down and abandoning module Engine (6)
[2016.09.15-20.09.17:278][431]LogModuleManager: Shutting down and abandoning module CoreUObject (5)
[2016.09.15-20.09.17:278][431]LogModuleManager: Shutting down and abandoning module NetworkFile (4)
[2016.09.15-20.09.17:279][431]LogModuleManager: Shutting down and abandoning module StreamingFile (3)
[2016.09.15-20.09.17:279][431]LogModuleManager: Shutting down and abandoning module SandboxFile (2)
[2016.09.15-20.09.17:279][431]LogModuleManager: Shutting down and abandoning module PakFile (1)
[2016.09.15-20.09.17:279][431]LogExit: Exiting.
[2016.09.15-20.09.17:292][431]Log file closed, 09/15/16 15:09:17
