[2016.03.22-21.42.11:514][  0]Log file open, 03/22/16 16:42:11
[2016.03.22-21.42.11:514][  0]LogInit:Display: Running engine for game: MyProject
[2016.03.22-21.42.11:514][  0]LogPlatformFile: Not using cached read wrapper
[2016.03.22-21.42.11:514][  0]LogInit:Display: RandInit(1337084506) SRandInit(1337084508).
[2016.03.22-21.42.11:514][  0]LogTaskGraph: Started task graph with 4 named threads and 7 total threads.
[2016.03.22-21.42.11:514][  0]LogStats: Stats thread started at 0.067788
[2016.03.22-21.42.11:514][  0]LogInit: Version: 4.10.2-2818068+++depot+UE4-Releases+4.10
[2016.03.22-21.42.11:514][  0]LogInit: API Version: 2758231
[2016.03.22-21.42.11:514][  0]LogInit: Compiled (64-bit): Jan  6 2016 17:36:42
[2016.03.22-21.42.11:514][  0]LogInit: Compiled with Visual C++: 19.00.23026.00
[2016.03.22-21.42.11:514][  0]LogInit: Build Configuration: Development
[2016.03.22-21.42.11:514][  0]LogInit: Branch Name: ++depot+UE4-Releases+4.10
[2016.03.22-21.42.11:514][  0]LogInit: Command line:  /Temp/Autosaves/Game/FirstPersonBP/Maps/UEDPCmap1 -game -PIEVIACONSOLE -ResX=1280 -ResY=720  -Multiprocess -featureleveles2 -faketouches 
[2016.03.22-21.42.11:514][  0]LogInit: Base directory: C:/Program Files (x86)/Epic Games/4.10/Engine/Binaries/Win64/
[2016.03.22-21.42.11:514][  0]LogInit: Rocket: 1
[2016.03.22-21.42.11:518][  0]LogInit: Using libcurl 7.41.0
[2016.03.22-21.42.11:518][  0]LogInit:  - built for x86_64-pc-win32
[2016.03.22-21.42.11:518][  0]LogInit:  - supports SSL with WinSSL
[2016.03.22-21.42.11:518][  0]LogInit:  - other features:
[2016.03.22-21.42.11:518][  0]LogInit:      CURL_VERSION_SSL
[2016.03.22-21.42.11:518][  0]LogInit:      CURL_VERSION_IPV6
[2016.03.22-21.42.11:518][  0]LogInit:      CURL_VERSION_ASYNCHDNS
[2016.03.22-21.42.11:518][  0]LogInit:      CURL_VERSION_LARGEFILE
[2016.03.22-21.42.11:518][  0]LogInit:      CURL_VERSION_IDN
[2016.03.22-21.42.11:518][  0]LogInit:  CurlRequestOptions (configurable via config and command line):
[2016.03.22-21.42.11:518][  0]LogInit:  - bVerifyPeer = true  - Libcurl will verify peer certificate
[2016.03.22-21.42.11:518][  0]LogInit:  - bUseHttpProxy = false  - Libcurl will NOT use HTTP proxy
[2016.03.22-21.42.11:518][  0]LogInit:  - bDontReuseConnections = false  - Libcurl will reuse connections
[2016.03.22-21.42.11:518][  0]LogInit:  - CertBundlePath = nullptr  - Libcurl will use whatever was configured at build time.
[2016.03.22-21.42.11:523][  0]LogInit: Presizing for 0 objects not considered by GC, pre-allocating 0 bytes.
[2016.03.22-21.42.11:529][  0]LogInit: Object subsystem initialized
[2016.03.22-21.42.11:530][  0]LogInit: Selected Device Profile: [Windows]
[2016.03.22-21.42.11:530][  0]LogInit: Applying CVar settings loaded from the selected device profile: [Windows]
[2016.03.22-21.42.11:533][  0]LogInit: Computer: D25G8249DHJWW
[2016.03.22-21.42.11:533][  0]LogInit: User: westonbuck
[2016.03.22-21.42.11:533][  0]LogInit: CPU Page size=4096, Cores=4
[2016.03.22-21.42.11:533][  0]LogInit: High frequency timer resolution =3.320390 MHz
[2016.03.22-21.42.11:533][  0]LogMemory: Memory total: Physical=12.0GB (12GB approx)
[2016.03.22-21.42.11:533][  0]LogMemory: Platform Memory Stats for Windows
[2016.03.22-21.42.11:533][  0]LogMemory: Process Physical Memory: 57.03 MB used, 57.03 MB peak
[2016.03.22-21.42.11:533][  0]LogMemory: Process Virtual Memory: 61.15 MB used, 61.15 MB peak
[2016.03.22-21.42.11:533][  0]LogMemory: Physical Memory: 4848.83 MB used, 12263.73 MB total
[2016.03.22-21.42.11:533][  0]LogMemory: Virtual Memory: 355.98 MB used, 8388608.00 MB total
[2016.03.22-21.42.11:566][  0]LogTextLocalizationManager: No specific translations for ('en-US') exist, so ('en') translations will be used.
[2016.03.22-21.42.12:004][  0]LogD3D11RHI: Found D3D11 adapter 0: AMD Radeon HD 6970M (Feature Level 11_0)
[2016.03.22-21.42.12:004][  0]LogD3D11RHI: Adapter has 1004MB of dedicated video memory, 0MB of dedicated system memory, and 5875MB of shared system memory, 2 output[s]
[2016.03.22-21.42.12:004][  0]LogD3D11RHI: Chosen D3D11 Adapter Id = 0
[2016.03.22-21.42.12:012][  0]LogD3D11RHI: !Direct3DDevice
[2016.03.22-21.42.12:012][  0]LogRHI: Texture pool is 703 MB (70% of 1004 MB)
[2016.03.22-21.42.12:019][  0]LogD3D11RHI: Async texture creation disabled: no driver support
[2016.03.22-21.42.12:030][  0]LogShaderCompilers: Guid format shader working directory is -17 characters bigger than the processId version (../../../../../../Users/weston.buck/Documents/Unreal Projects/MyProject/Intermediate/Shaders/WorkingDirectory/376/).
[2016.03.22-21.42.12:030][  0]LogShaderCompilers: Cleaned the shader compiler working directory 'C:/Users/WESTON~1.BUC/AppData/Local/Temp/UnrealShaderWorkingDir/4AA30BAE404BD25550AB5DA817BBF481/'.
[2016.03.22-21.42.12:031][  0]LogShaderCompilers:Display: Using Local Shader Compiler.
[2016.03.22-21.42.12:732][  0]LogTemp:Display: Loaded TP AllDesktopTargetPlatform
[2016.03.22-21.42.12:736][  0]LogTemp:Display: Loaded TP WindowsClientTargetPlatform
[2016.03.22-21.42.12:739][  0]LogTemp:Display: Loaded TP WindowsNoEditorTargetPlatform
[2016.03.22-21.42.12:742][  0]LogTemp:Display: Loaded TP WindowsServerTargetPlatform
[2016.03.22-21.42.12:746][  0]LogTemp:Display: Loaded TP WindowsTargetPlatform
[2016.03.22-21.42.12:748][  0]LogTemp:Display: Loaded TP AndroidTargetPlatform
[2016.03.22-21.42.12:751][  0]LogTemp:Display: Loaded TP Android_ASTCTargetPlatform
[2016.03.22-21.42.12:753][  0]LogTemp:Display: Loaded TP Android_ATCTargetPlatform
[2016.03.22-21.42.12:756][  0]LogTemp:Display: Loaded TP Android_DXTTargetPlatform
[2016.03.22-21.42.12:758][  0]LogTemp:Display: Loaded TP Android_ETC1TargetPlatform
[2016.03.22-21.42.12:760][  0]LogTemp:Display: Loaded TP Android_ETC2TargetPlatform
[2016.03.22-21.42.12:766][  0]LogTemp:Display: Loaded TP Android_MultiTargetPlatform
[2016.03.22-21.42.12:766][  0]LogTemp:Display: Loaded TP Android_PVRTCTargetPlatform
[2016.03.22-21.42.12:766][  0]LogTemp:Display: Loaded TP HTML5TargetPlatform
[2016.03.22-21.42.12:781][  0]LogTemp:Display: Loaded TP IOSTargetPlatform
[2016.03.22-21.42.12:784][  0]LogTemp:Display: Loaded TP LinuxNoEditorTargetPlatform
[2016.03.22-21.42.12:786][  0]LogTemp:Display: Loaded TP LinuxServerTargetPlatform
[2016.03.22-21.42.12:789][  0]LogTemp:Display: Loaded TP LinuxTargetPlatform
[2016.03.22-21.42.12:789][  0]LogTargetPlatformManager:Display: Building Assets For Windows
[2016.03.22-21.42.12:839][  0]LogDerivedDataCache:Display: Max Cache Size: 512 MB
[2016.03.22-21.42.12:880][  0]LogDerivedDataCache: Loaded boot cache 0.04s 41MB C:/Users/weston.buck/AppData/Local/UnrealEngine/4.10/DerivedDataCache/Boot.ddc.
[2016.03.22-21.42.12:880][  0]LogDerivedDataCache:Display: Loaded Boot cache: C:/Users/weston.buck/AppData/Local/UnrealEngine/4.10/DerivedDataCache/Boot.ddc
[2016.03.22-21.42.12:880][  0]LogDerivedDataCache: FDerivedDataBackendGraph:  Pak pak cache file ../../../../../../Users/weston.buck/Documents/Unreal Projects/MyProject/DerivedDataCache/DDC.ddp not found, will not use a pak cache.
[2016.03.22-21.42.12:880][  0]LogDerivedDataCache: Unable to find inner node Pak for hierarchical cache Hierarchy.
[2016.03.22-21.42.12:880][  0]LogDerivedDataCache: FDerivedDataBackendGraph:  CompressedPak pak cache file ../../../../../../Users/weston.buck/Documents/Unreal Projects/MyProject/DerivedDataCache/Compressed.ddp not found, will not use a pak cache.
[2016.03.22-21.42.12:880][  0]LogDerivedDataCache: Unable to find inner node CompressedPak for hierarchical cache Hierarchy.
[2016.03.22-21.42.12:940][  0]LogDerivedDataCache:Display: Pak cache opened for reading ../../../Engine/DerivedDataCache/Compressed.ddp.
[2016.03.22-21.42.12:952][  0]LogDerivedDataCache: Using Local data cache path C:/Users/weston.buck/AppData/Local/UnrealEngine/Common/DerivedDataCache: Writable
[2016.03.22-21.42.13:275][  0]LogInit: Selected Device Profile: [Windows]
[2016.03.22-21.42.13:276][  0]LogContentStreaming: Texture pool size is 1000.000000MB
[2016.03.22-21.42.13:298][  0]LogMeshUtilities: No automatic mesh reduction module available
[2016.03.22-21.42.1